2024-12-10 08:00:43,822 - INFO - /home/yifei/code/NLP/BERT-EM/fintune.py - Starting training process...
2024-12-10 08:00:43,822 - INFO - /home/yifei/code/NLP/BERT-EM/fintune.py - Found preprocessed finetune data, loading from files...
2024-12-10 08:00:43,827 - INFO - /home/yifei/code/NLP/BERT-EM/dataset.py - Tokenizing and encoding sentences...
2024-12-10 08:00:46,616 - INFO - /home/yifei/code/NLP/BERT-EM/dataset.py - Tokenizing and encoding sentences...
2024-12-10 08:00:48,926 - INFO - /home/yifei/code/NLP/BERT-EM/fintune.py - [Epoch: 1, Step: 0] Train Loss: 2.97443, Train Accuracy: 0.04688
2024-12-10 08:01:07,260 - INFO - /home/yifei/code/NLP/BERT-EM/fintune.py - [Epoch: 1, Step: 12] Train Loss: 2.74496, Train Accuracy: 0.23438
2024-12-10 08:01:24,805 - INFO - /home/yifei/code/NLP/BERT-EM/fintune.py - [Epoch: 1, Step: 24] Train Loss: 2.67897, Train Accuracy: 0.10938
2024-12-10 08:01:42,355 - INFO - /home/yifei/code/NLP/BERT-EM/fintune.py - [Epoch: 1, Step: 36] Train Loss: 2.43676, Train Accuracy: 0.21875
2024-12-10 08:02:02,925 - INFO - /home/yifei/code/NLP/BERT-EM/fintune.py - [Epoch: 1, Step: 48] Train Loss: 2.29383, Train Accuracy: 0.32812
2024-12-10 08:02:21,343 - INFO - /home/yifei/code/NLP/BERT-EM/fintune.py - [Epoch: 1, Step: 60] Train Loss: 2.07306, Train Accuracy: 0.31250
2024-12-10 08:02:39,447 - INFO - /home/yifei/code/NLP/BERT-EM/fintune.py - [Epoch: 1, Step: 72] Train Loss: 1.54702, Train Accuracy: 0.57812
2024-12-10 08:02:56,097 - INFO - /home/yifei/code/NLP/BERT-EM/fintune.py - [Epoch: 1, Step: 84] Train Loss: 1.15493, Train Accuracy: 0.75000
2024-12-10 08:03:13,928 - INFO - /home/yifei/code/NLP/BERT-EM/fintune.py - [Epoch: 1, Step: 96] Train Loss: 0.88301, Train Accuracy: 0.76562
2024-12-10 08:03:32,770 - INFO - /home/yifei/code/NLP/BERT-EM/fintune.py - [Epoch: 1, Step: 108] Train Loss: 0.73522, Train Accuracy: 0.70312
2024-12-10 08:03:52,348 - INFO - /home/yifei/code/NLP/BERT-EM/fintune.py - [Epoch: 1, Step: 120] Train Loss: 0.79462, Train Accuracy: 0.78125
2024-12-10 08:03:58,140 - INFO - /home/yifei/code/NLP/BERT-EM/fintune.py - Epoch 1 - Train Loss: 1.846983096816323, Train Accuracy: 0.43892045454545453
2024-12-10 08:04:20,362 - INFO - /home/yifei/code/NLP/BERT-EM/fintune.py - Epoch 1 - Test F1: 83.76
2024-12-10 08:04:20,364 - INFO - /home/yifei/code/NLP/BERT-EM/fintune.py - Saving best model...
2024-12-10 08:04:34,672 - INFO - /home/yifei/code/NLP/BERT-EM/fintune.py - [Epoch: 2, Step: 132] Train Loss: 0.65243, Train Accuracy: 0.81250
2024-12-10 08:04:52,763 - INFO - /home/yifei/code/NLP/BERT-EM/fintune.py - [Epoch: 2, Step: 144] Train Loss: 0.73435, Train Accuracy: 0.75000
2024-12-10 08:05:11,042 - INFO - /home/yifei/code/NLP/BERT-EM/fintune.py - [Epoch: 2, Step: 156] Train Loss: 0.57712, Train Accuracy: 0.82812
2024-12-10 08:05:31,855 - INFO - /home/yifei/code/NLP/BERT-EM/fintune.py - [Epoch: 2, Step: 168] Train Loss: 0.46870, Train Accuracy: 0.85938
2024-12-10 08:05:48,485 - INFO - /home/yifei/code/NLP/BERT-EM/fintune.py - [Epoch: 2, Step: 180] Train Loss: 0.58635, Train Accuracy: 0.85938
2024-12-10 08:06:04,337 - INFO - /home/yifei/code/NLP/BERT-EM/fintune.py - [Epoch: 2, Step: 192] Train Loss: 0.59041, Train Accuracy: 0.79688
2024-12-10 08:06:20,917 - INFO - /home/yifei/code/NLP/BERT-EM/fintune.py - [Epoch: 2, Step: 204] Train Loss: 0.62264, Train Accuracy: 0.76562
2024-12-10 08:06:40,590 - INFO - /home/yifei/code/NLP/BERT-EM/fintune.py - [Epoch: 2, Step: 216] Train Loss: 0.36344, Train Accuracy: 0.93750
2024-12-10 08:06:56,745 - INFO - /home/yifei/code/NLP/BERT-EM/fintune.py - [Epoch: 2, Step: 228] Train Loss: 0.72566, Train Accuracy: 0.79688
2024-12-10 08:07:17,143 - INFO - /home/yifei/code/NLP/BERT-EM/fintune.py - [Epoch: 2, Step: 240] Train Loss: 0.46855, Train Accuracy: 0.87500
2024-12-10 08:07:29,845 - INFO - /home/yifei/code/NLP/BERT-EM/fintune.py - Epoch 2 - Train Loss: 0.57896429002285, Train Accuracy: 0.828125
2024-12-10 08:07:52,135 - INFO - /home/yifei/code/NLP/BERT-EM/fintune.py - Epoch 2 - Test F1: 87.56
2024-12-10 08:07:52,135 - INFO - /home/yifei/code/NLP/BERT-EM/fintune.py - Saving best model...
2024-12-10 08:08:01,636 - INFO - /home/yifei/code/NLP/BERT-EM/fintune.py - [Epoch: 3, Step: 252] Train Loss: 0.38019, Train Accuracy: 0.85938
2024-12-10 08:08:19,575 - INFO - /home/yifei/code/NLP/BERT-EM/fintune.py - [Epoch: 3, Step: 264] Train Loss: 0.24354, Train Accuracy: 0.89062
2024-12-10 08:08:38,979 - INFO - /home/yifei/code/NLP/BERT-EM/fintune.py - [Epoch: 3, Step: 276] Train Loss: 0.13092, Train Accuracy: 0.98438
2024-12-10 08:08:57,315 - INFO - /home/yifei/code/NLP/BERT-EM/fintune.py - [Epoch: 3, Step: 288] Train Loss: 0.09528, Train Accuracy: 1.00000
2024-12-10 08:09:14,481 - INFO - /home/yifei/code/NLP/BERT-EM/fintune.py - [Epoch: 3, Step: 300] Train Loss: 0.24744, Train Accuracy: 0.92188
2024-12-10 08:09:32,555 - INFO - /home/yifei/code/NLP/BERT-EM/fintune.py - [Epoch: 3, Step: 312] Train Loss: 0.36649, Train Accuracy: 0.87500
2024-12-10 08:09:49,701 - INFO - /home/yifei/code/NLP/BERT-EM/fintune.py - [Epoch: 3, Step: 324] Train Loss: 0.25394, Train Accuracy: 0.93750
2024-12-10 08:10:07,328 - INFO - /home/yifei/code/NLP/BERT-EM/fintune.py - [Epoch: 3, Step: 336] Train Loss: 0.38953, Train Accuracy: 0.85938
2024-12-10 08:10:27,552 - INFO - /home/yifei/code/NLP/BERT-EM/fintune.py - [Epoch: 3, Step: 348] Train Loss: 0.39753, Train Accuracy: 0.84375
2024-12-10 08:10:46,243 - INFO - /home/yifei/code/NLP/BERT-EM/fintune.py - [Epoch: 3, Step: 360] Train Loss: 0.31699, Train Accuracy: 0.89062
2024-12-10 08:11:04,388 - INFO - /home/yifei/code/NLP/BERT-EM/fintune.py - [Epoch: 3, Step: 372] Train Loss: 0.27043, Train Accuracy: 0.93750
2024-12-10 08:11:07,325 - INFO - /home/yifei/code/NLP/BERT-EM/fintune.py - Epoch 3 - Train Loss: 0.2811161211945794, Train Accuracy: 0.9090909090909091
2024-12-10 08:11:29,539 - INFO - /home/yifei/code/NLP/BERT-EM/fintune.py - Epoch 3 - Test F1: 88.83
2024-12-10 08:11:29,540 - INFO - /home/yifei/code/NLP/BERT-EM/fintune.py - Saving best model...
2024-12-10 08:11:48,458 - INFO - /home/yifei/code/NLP/BERT-EM/fintune.py - [Epoch: 4, Step: 384] Train Loss: 0.18490, Train Accuracy: 0.98438
2024-12-10 08:12:06,843 - INFO - /home/yifei/code/NLP/BERT-EM/fintune.py - [Epoch: 4, Step: 396] Train Loss: 0.22983, Train Accuracy: 0.90625
2024-12-10 08:12:24,532 - INFO - /home/yifei/code/NLP/BERT-EM/fintune.py - [Epoch: 4, Step: 408] Train Loss: 0.12968, Train Accuracy: 0.98438
2024-12-10 08:12:42,132 - INFO - /home/yifei/code/NLP/BERT-EM/fintune.py - [Epoch: 4, Step: 420] Train Loss: 0.13083, Train Accuracy: 0.96875
2024-12-10 08:13:00,105 - INFO - /home/yifei/code/NLP/BERT-EM/fintune.py - [Epoch: 4, Step: 432] Train Loss: 0.17358, Train Accuracy: 0.96875
2024-12-10 08:13:17,678 - INFO - /home/yifei/code/NLP/BERT-EM/fintune.py - [Epoch: 4, Step: 444] Train Loss: 0.19817, Train Accuracy: 0.93750
2024-12-10 08:13:36,223 - INFO - /home/yifei/code/NLP/BERT-EM/fintune.py - [Epoch: 4, Step: 456] Train Loss: 0.11779, Train Accuracy: 0.95312
2024-12-10 08:13:57,119 - INFO - /home/yifei/code/NLP/BERT-EM/fintune.py - [Epoch: 4, Step: 468] Train Loss: 0.16671, Train Accuracy: 0.96875
2024-12-10 08:14:14,389 - INFO - /home/yifei/code/NLP/BERT-EM/fintune.py - [Epoch: 4, Step: 480] Train Loss: 0.22529, Train Accuracy: 0.92188
2024-12-10 08:14:31,727 - INFO - /home/yifei/code/NLP/BERT-EM/fintune.py - [Epoch: 4, Step: 492] Train Loss: 0.14733, Train Accuracy: 0.96875
2024-12-10 08:14:42,238 - INFO - /home/yifei/code/NLP/BERT-EM/fintune.py - Epoch 4 - Train Loss: 0.1704114094376564, Train Accuracy: 0.95625
2024-12-10 08:15:04,432 - INFO - /home/yifei/code/NLP/BERT-EM/fintune.py - Epoch 4 - Test F1: 89.31
2024-12-10 08:15:04,433 - INFO - /home/yifei/code/NLP/BERT-EM/fintune.py - Saving best model...
2024-12-10 08:15:17,004 - INFO - /home/yifei/code/NLP/BERT-EM/fintune.py - [Epoch: 5, Step: 504] Train Loss: 0.17738, Train Accuracy: 0.93750
2024-12-10 08:15:35,587 - INFO - /home/yifei/code/NLP/BERT-EM/fintune.py - [Epoch: 5, Step: 516] Train Loss: 0.09753, Train Accuracy: 0.98438
2024-12-10 08:15:55,529 - INFO - /home/yifei/code/NLP/BERT-EM/fintune.py - [Epoch: 5, Step: 528] Train Loss: 0.06679, Train Accuracy: 1.00000
2024-12-10 08:16:13,546 - INFO - /home/yifei/code/NLP/BERT-EM/fintune.py - [Epoch: 5, Step: 540] Train Loss: 0.16197, Train Accuracy: 0.95312
2024-12-10 08:16:31,043 - INFO - /home/yifei/code/NLP/BERT-EM/fintune.py - [Epoch: 5, Step: 552] Train Loss: 0.03805, Train Accuracy: 1.00000
2024-12-10 08:16:48,596 - INFO - /home/yifei/code/NLP/BERT-EM/fintune.py - [Epoch: 5, Step: 564] Train Loss: 0.05085, Train Accuracy: 0.98438
2024-12-10 08:17:07,210 - INFO - /home/yifei/code/NLP/BERT-EM/fintune.py - [Epoch: 5, Step: 576] Train Loss: 0.02696, Train Accuracy: 1.00000
2024-12-10 08:17:24,331 - INFO - /home/yifei/code/NLP/BERT-EM/fintune.py - [Epoch: 5, Step: 588] Train Loss: 0.04480, Train Accuracy: 1.00000
2024-12-10 08:17:44,158 - INFO - /home/yifei/code/NLP/BERT-EM/fintune.py - [Epoch: 5, Step: 600] Train Loss: 0.14627, Train Accuracy: 0.95312
2024-12-10 08:18:00,094 - INFO - /home/yifei/code/NLP/BERT-EM/fintune.py - [Epoch: 5, Step: 612] Train Loss: 0.05015, Train Accuracy: 1.00000
2024-12-10 08:18:17,929 - INFO - /home/yifei/code/NLP/BERT-EM/fintune.py - [Epoch: 5, Step: 624] Train Loss: 0.06426, Train Accuracy: 0.98438
2024-12-10 08:18:17,930 - INFO - /home/yifei/code/NLP/BERT-EM/fintune.py - Epoch 5 - Train Loss: 0.08409197476099838, Train Accuracy: 0.9815340909090909
2024-12-10 08:18:40,145 - INFO - /home/yifei/code/NLP/BERT-EM/fintune.py - Epoch 5 - Test F1: 89.18
2024-12-10 08:18:58,589 - INFO - /home/yifei/code/NLP/BERT-EM/fintune.py - [Epoch: 6, Step: 636] Train Loss: 0.16348, Train Accuracy: 0.96875
2024-12-10 08:19:17,455 - INFO - /home/yifei/code/NLP/BERT-EM/fintune.py - [Epoch: 6, Step: 648] Train Loss: 0.01035, Train Accuracy: 1.00000
2024-12-10 08:19:35,671 - INFO - /home/yifei/code/NLP/BERT-EM/fintune.py - [Epoch: 6, Step: 660] Train Loss: 0.01488, Train Accuracy: 1.00000
2024-12-10 08:19:52,521 - INFO - /home/yifei/code/NLP/BERT-EM/fintune.py - [Epoch: 6, Step: 672] Train Loss: 0.03224, Train Accuracy: 1.00000
2024-12-10 08:20:08,783 - INFO - /home/yifei/code/NLP/BERT-EM/fintune.py - [Epoch: 6, Step: 684] Train Loss: 0.14908, Train Accuracy: 0.95312
2024-12-10 08:20:27,094 - INFO - /home/yifei/code/NLP/BERT-EM/fintune.py - [Epoch: 6, Step: 696] Train Loss: 0.02805, Train Accuracy: 1.00000
2024-12-10 08:20:43,198 - INFO - /home/yifei/code/NLP/BERT-EM/fintune.py - [Epoch: 6, Step: 708] Train Loss: 0.03683, Train Accuracy: 0.98438
2024-12-10 08:21:04,573 - INFO - /home/yifei/code/NLP/BERT-EM/fintune.py - [Epoch: 6, Step: 720] Train Loss: 0.08398, Train Accuracy: 0.96875
2024-12-10 08:21:25,481 - INFO - /home/yifei/code/NLP/BERT-EM/fintune.py - [Epoch: 6, Step: 732] Train Loss: 0.03043, Train Accuracy: 0.98438
2024-12-10 08:21:43,025 - INFO - /home/yifei/code/NLP/BERT-EM/fintune.py - [Epoch: 6, Step: 744] Train Loss: 0.06606, Train Accuracy: 0.98438
2024-12-10 08:21:50,083 - INFO - /home/yifei/code/NLP/BERT-EM/fintune.py - Epoch 6 - Train Loss: 0.06153868082910776, Train Accuracy: 0.984375
2024-12-10 08:22:12,337 - INFO - /home/yifei/code/NLP/BERT-EM/fintune.py - Epoch 6 - Test F1: 89.46
2024-12-10 08:22:12,337 - INFO - /home/yifei/code/NLP/BERT-EM/fintune.py - Saving best model...
2024-12-10 08:22:28,651 - INFO - /home/yifei/code/NLP/BERT-EM/fintune.py - [Epoch: 7, Step: 756] Train Loss: 0.01369, Train Accuracy: 1.00000
2024-12-10 08:22:48,445 - INFO - /home/yifei/code/NLP/BERT-EM/fintune.py - [Epoch: 7, Step: 768] Train Loss: 0.01358, Train Accuracy: 1.00000
2024-12-10 08:23:06,296 - INFO - /home/yifei/code/NLP/BERT-EM/fintune.py - [Epoch: 7, Step: 780] Train Loss: 0.01067, Train Accuracy: 1.00000
2024-12-10 08:23:24,371 - INFO - /home/yifei/code/NLP/BERT-EM/fintune.py - [Epoch: 7, Step: 792] Train Loss: 0.01638, Train Accuracy: 1.00000
2024-12-10 08:23:42,840 - INFO - /home/yifei/code/NLP/BERT-EM/fintune.py - [Epoch: 7, Step: 804] Train Loss: 0.01792, Train Accuracy: 1.00000
2024-12-10 08:24:01,768 - INFO - /home/yifei/code/NLP/BERT-EM/fintune.py - [Epoch: 7, Step: 816] Train Loss: 0.01010, Train Accuracy: 1.00000
2024-12-10 08:24:19,988 - INFO - /home/yifei/code/NLP/BERT-EM/fintune.py - [Epoch: 7, Step: 828] Train Loss: 0.00456, Train Accuracy: 1.00000
2024-12-10 08:24:38,830 - INFO - /home/yifei/code/NLP/BERT-EM/fintune.py - [Epoch: 7, Step: 840] Train Loss: 0.00653, Train Accuracy: 1.00000
2024-12-10 08:24:54,927 - INFO - /home/yifei/code/NLP/BERT-EM/fintune.py - [Epoch: 7, Step: 852] Train Loss: 0.01029, Train Accuracy: 1.00000
2024-12-10 08:25:13,423 - INFO - /home/yifei/code/NLP/BERT-EM/fintune.py - [Epoch: 7, Step: 864] Train Loss: 0.01573, Train Accuracy: 1.00000
2024-12-10 08:25:28,702 - INFO - /home/yifei/code/NLP/BERT-EM/fintune.py - Epoch 7 - Train Loss: 0.011945175705477595, Train Accuracy: 1.0
2024-12-10 08:25:50,890 - INFO - /home/yifei/code/NLP/BERT-EM/fintune.py - Epoch 7 - Test F1: 89.98
2024-12-10 08:25:50,891 - INFO - /home/yifei/code/NLP/BERT-EM/fintune.py - Saving best model...
2024-12-10 08:25:58,300 - INFO - /home/yifei/code/NLP/BERT-EM/fintune.py - [Epoch: 8, Step: 876] Train Loss: 0.00465, Train Accuracy: 1.00000
2024-12-10 08:26:15,745 - INFO - /home/yifei/code/NLP/BERT-EM/fintune.py - [Epoch: 8, Step: 888] Train Loss: 0.00567, Train Accuracy: 1.00000
2024-12-10 08:26:33,676 - INFO - /home/yifei/code/NLP/BERT-EM/fintune.py - [Epoch: 8, Step: 900] Train Loss: 0.00733, Train Accuracy: 1.00000
2024-12-10 08:26:50,404 - INFO - /home/yifei/code/NLP/BERT-EM/fintune.py - [Epoch: 8, Step: 912] Train Loss: 0.01136, Train Accuracy: 1.00000
2024-12-10 08:27:09,506 - INFO - /home/yifei/code/NLP/BERT-EM/fintune.py - [Epoch: 8, Step: 924] Train Loss: 0.03308, Train Accuracy: 0.98438
2024-12-10 08:29:53,736 - INFO - /home/yifei/code/NLP/BERT-EM/fintune.py - [Epoch: 8, Step: 936] Train Loss: 0.00621, Train Accuracy: 1.00000
2024-12-10 08:30:09,529 - INFO - /home/yifei/code/NLP/BERT-EM/fintune.py - [Epoch: 8, Step: 948] Train Loss: 0.00689, Train Accuracy: 1.00000
2024-12-10 08:30:26,639 - INFO - /home/yifei/code/NLP/BERT-EM/fintune.py - [Epoch: 8, Step: 960] Train Loss: 0.01276, Train Accuracy: 1.00000
2024-12-10 08:30:45,875 - INFO - /home/yifei/code/NLP/BERT-EM/fintune.py - [Epoch: 8, Step: 972] Train Loss: 0.00416, Train Accuracy: 1.00000
2024-12-10 08:31:04,720 - INFO - /home/yifei/code/NLP/BERT-EM/fintune.py - [Epoch: 8, Step: 984] Train Loss: 0.00599, Train Accuracy: 1.00000
2024-12-10 08:31:23,314 - INFO - /home/yifei/code/NLP/BERT-EM/fintune.py - [Epoch: 8, Step: 996] Train Loss: 0.00364, Train Accuracy: 1.00000
2024-12-10 08:31:27,421 - INFO - /home/yifei/code/NLP/BERT-EM/fintune.py - Epoch 8 - Train Loss: 0.009250786197795109, Train Accuracy: 0.9985795454545454
2024-12-10 08:31:49,618 - INFO - /home/yifei/code/NLP/BERT-EM/fintune.py - Epoch 8 - Test F1: 89.59
2024-12-10 08:32:01,325 - INFO - /home/yifei/code/NLP/BERT-EM/fintune.py - [Epoch: 9, Step: 1008] Train Loss: 0.00389, Train Accuracy: 1.00000
2024-12-10 08:32:18,376 - INFO - /home/yifei/code/NLP/BERT-EM/fintune.py - [Epoch: 9, Step: 1020] Train Loss: 0.00381, Train Accuracy: 1.00000
2024-12-10 08:32:38,898 - INFO - /home/yifei/code/NLP/BERT-EM/fintune.py - [Epoch: 9, Step: 1032] Train Loss: 0.00394, Train Accuracy: 1.00000
2024-12-10 08:32:56,526 - INFO - /home/yifei/code/NLP/BERT-EM/fintune.py - [Epoch: 9, Step: 1044] Train Loss: 0.00306, Train Accuracy: 1.00000
2024-12-10 08:33:14,953 - INFO - /home/yifei/code/NLP/BERT-EM/fintune.py - [Epoch: 9, Step: 1056] Train Loss: 0.00463, Train Accuracy: 1.00000
2024-12-10 08:33:32,983 - INFO - /home/yifei/code/NLP/BERT-EM/fintune.py - [Epoch: 9, Step: 1068] Train Loss: 0.00447, Train Accuracy: 1.00000
2024-12-10 08:33:52,816 - INFO - /home/yifei/code/NLP/BERT-EM/fintune.py - [Epoch: 9, Step: 1080] Train Loss: 0.00232, Train Accuracy: 1.00000
2024-12-10 08:34:11,840 - INFO - /home/yifei/code/NLP/BERT-EM/fintune.py - [Epoch: 9, Step: 1092] Train Loss: 0.01142, Train Accuracy: 1.00000
2024-12-10 08:34:29,518 - INFO - /home/yifei/code/NLP/BERT-EM/fintune.py - [Epoch: 9, Step: 1104] Train Loss: 0.00320, Train Accuracy: 1.00000
2024-12-10 08:34:49,097 - INFO - /home/yifei/code/NLP/BERT-EM/fintune.py - [Epoch: 9, Step: 1116] Train Loss: 0.00287, Train Accuracy: 1.00000
2024-12-10 08:35:01,376 - INFO - /home/yifei/code/NLP/BERT-EM/fintune.py - Epoch 9 - Train Loss: 0.004361056699417531, Train Accuracy: 1.0
2024-12-10 08:35:23,696 - INFO - /home/yifei/code/NLP/BERT-EM/fintune.py - Epoch 9 - Test F1: 89.67
2024-12-10 08:35:30,146 - INFO - /home/yifei/code/NLP/BERT-EM/fintune.py - [Epoch: 10, Step: 1128] Train Loss: 0.00293, Train Accuracy: 1.00000
2024-12-10 08:35:50,310 - INFO - /home/yifei/code/NLP/BERT-EM/fintune.py - [Epoch: 10, Step: 1140] Train Loss: 0.01135, Train Accuracy: 1.00000
2024-12-10 08:36:07,316 - INFO - /home/yifei/code/NLP/BERT-EM/fintune.py - [Epoch: 10, Step: 1152] Train Loss: 0.00294, Train Accuracy: 1.00000
2024-12-10 08:36:25,364 - INFO - /home/yifei/code/NLP/BERT-EM/fintune.py - [Epoch: 10, Step: 1164] Train Loss: 0.00296, Train Accuracy: 1.00000
2024-12-10 08:36:43,198 - INFO - /home/yifei/code/NLP/BERT-EM/fintune.py - [Epoch: 10, Step: 1176] Train Loss: 0.00396, Train Accuracy: 1.00000
2024-12-10 08:37:02,618 - INFO - /home/yifei/code/NLP/BERT-EM/fintune.py - [Epoch: 10, Step: 1188] Train Loss: 0.00729, Train Accuracy: 1.00000
2024-12-10 08:37:20,092 - INFO - /home/yifei/code/NLP/BERT-EM/fintune.py - [Epoch: 10, Step: 1200] Train Loss: 0.00252, Train Accuracy: 1.00000
2024-12-10 08:37:40,050 - INFO - /home/yifei/code/NLP/BERT-EM/fintune.py - [Epoch: 10, Step: 1212] Train Loss: 0.00233, Train Accuracy: 1.00000
2024-12-10 08:37:58,506 - INFO - /home/yifei/code/NLP/BERT-EM/fintune.py - [Epoch: 10, Step: 1224] Train Loss: 0.00316, Train Accuracy: 1.00000
2024-12-10 08:38:15,124 - INFO - /home/yifei/code/NLP/BERT-EM/fintune.py - [Epoch: 10, Step: 1236] Train Loss: 0.00366, Train Accuracy: 1.00000
2024-12-10 08:38:33,643 - INFO - /home/yifei/code/NLP/BERT-EM/fintune.py - [Epoch: 10, Step: 1248] Train Loss: 0.00210, Train Accuracy: 1.00000
2024-12-10 08:38:34,701 - INFO - /home/yifei/code/NLP/BERT-EM/fintune.py - Epoch 10 - Train Loss: 0.004108385373414917, Train Accuracy: 1.0
2024-12-10 08:39:36,069 - INFO - /home/yifei/code/NLP/BERT-EM/fintune.py - Epoch 10 - Test F1: 89.66
2024-12-10 08:39:52,998 - INFO - /home/yifei/code/NLP/BERT-EM/fintune.py - [Epoch: 11, Step: 1260] Train Loss: 0.00722, Train Accuracy: 1.00000
2024-12-10 08:40:10,705 - INFO - /home/yifei/code/NLP/BERT-EM/fintune.py - [Epoch: 11, Step: 1272] Train Loss: 0.00180, Train Accuracy: 1.00000
2024-12-10 08:40:30,503 - INFO - /home/yifei/code/NLP/BERT-EM/fintune.py - [Epoch: 11, Step: 1284] Train Loss: 0.00206, Train Accuracy: 1.00000
2024-12-10 08:40:51,124 - INFO - /home/yifei/code/NLP/BERT-EM/fintune.py - [Epoch: 11, Step: 1296] Train Loss: 0.00341, Train Accuracy: 1.00000
2024-12-10 08:41:07,960 - INFO - /home/yifei/code/NLP/BERT-EM/fintune.py - [Epoch: 11, Step: 1308] Train Loss: 0.00166, Train Accuracy: 1.00000
2024-12-10 08:41:25,950 - INFO - /home/yifei/code/NLP/BERT-EM/fintune.py - [Epoch: 11, Step: 1320] Train Loss: 0.00162, Train Accuracy: 1.00000
2024-12-10 08:41:43,039 - INFO - /home/yifei/code/NLP/BERT-EM/fintune.py - [Epoch: 11, Step: 1332] Train Loss: 0.00181, Train Accuracy: 1.00000
2024-12-10 08:41:59,634 - INFO - /home/yifei/code/NLP/BERT-EM/fintune.py - [Epoch: 11, Step: 1344] Train Loss: 0.00199, Train Accuracy: 1.00000
2024-12-10 08:42:17,952 - INFO - /home/yifei/code/NLP/BERT-EM/fintune.py - [Epoch: 11, Step: 1356] Train Loss: 0.00227, Train Accuracy: 1.00000
2024-12-10 08:42:38,089 - INFO - /home/yifei/code/NLP/BERT-EM/fintune.py - [Epoch: 11, Step: 1368] Train Loss: 0.01048, Train Accuracy: 1.00000
2024-12-10 08:42:46,581 - INFO - /home/yifei/code/NLP/BERT-EM/fintune.py - Epoch 11 - Train Loss: 0.0034321694751270116, Train Accuracy: 1.0
2024-12-10 08:43:08,774 - INFO - /home/yifei/code/NLP/BERT-EM/fintune.py - Epoch 11 - Test F1: 89.9
2024-12-10 08:43:18,696 - INFO - /home/yifei/code/NLP/BERT-EM/fintune.py - [Epoch: 12, Step: 1380] Train Loss: 0.00185, Train Accuracy: 1.00000
2024-12-10 08:43:38,188 - INFO - /home/yifei/code/NLP/BERT-EM/fintune.py - [Epoch: 12, Step: 1392] Train Loss: 0.00277, Train Accuracy: 1.00000
2024-12-10 08:43:57,592 - INFO - /home/yifei/code/NLP/BERT-EM/fintune.py - [Epoch: 12, Step: 1404] Train Loss: 0.00127, Train Accuracy: 1.00000
2024-12-10 08:44:16,166 - INFO - /home/yifei/code/NLP/BERT-EM/fintune.py - [Epoch: 12, Step: 1416] Train Loss: 0.00149, Train Accuracy: 1.00000
2024-12-10 08:44:34,132 - INFO - /home/yifei/code/NLP/BERT-EM/fintune.py - [Epoch: 12, Step: 1428] Train Loss: 0.00323, Train Accuracy: 1.00000
2024-12-10 08:44:51,937 - INFO - /home/yifei/code/NLP/BERT-EM/fintune.py - [Epoch: 12, Step: 1440] Train Loss: 0.00161, Train Accuracy: 1.00000
2024-12-10 08:45:08,801 - INFO - /home/yifei/code/NLP/BERT-EM/fintune.py - [Epoch: 12, Step: 1452] Train Loss: 0.00155, Train Accuracy: 1.00000
2024-12-10 08:45:28,078 - INFO - /home/yifei/code/NLP/BERT-EM/fintune.py - [Epoch: 12, Step: 1464] Train Loss: 0.00213, Train Accuracy: 1.00000
2024-12-10 08:45:45,220 - INFO - /home/yifei/code/NLP/BERT-EM/fintune.py - [Epoch: 12, Step: 1476] Train Loss: 0.00192, Train Accuracy: 1.00000
2024-12-10 08:46:02,906 - INFO - /home/yifei/code/NLP/BERT-EM/fintune.py - [Epoch: 12, Step: 1488] Train Loss: 0.00298, Train Accuracy: 1.00000
2024-12-10 08:46:17,215 - INFO - /home/yifei/code/NLP/BERT-EM/fintune.py - Epoch 12 - Train Loss: 0.0020799150574021042, Train Accuracy: 1.0
2024-12-10 08:46:39,504 - INFO - /home/yifei/code/NLP/BERT-EM/fintune.py - Epoch 12 - Test F1: 89.82
2024-12-10 08:46:40,806 - INFO - /home/yifei/code/NLP/BERT-EM/fintune.py - [Epoch: 13, Step: 1500] Train Loss: 0.00151, Train Accuracy: 1.00000
2024-12-10 08:47:00,705 - INFO - /home/yifei/code/NLP/BERT-EM/fintune.py - [Epoch: 13, Step: 1512] Train Loss: 0.00211, Train Accuracy: 1.00000
2024-12-10 08:47:18,844 - INFO - /home/yifei/code/NLP/BERT-EM/fintune.py - [Epoch: 13, Step: 1524] Train Loss: 0.00156, Train Accuracy: 1.00000
2024-12-10 08:47:37,018 - INFO - /home/yifei/code/NLP/BERT-EM/fintune.py - [Epoch: 13, Step: 1536] Train Loss: 0.00155, Train Accuracy: 1.00000
2024-12-10 08:47:54,610 - INFO - /home/yifei/code/NLP/BERT-EM/fintune.py - [Epoch: 13, Step: 1548] Train Loss: 0.00135, Train Accuracy: 1.00000
2024-12-10 08:48:12,278 - INFO - /home/yifei/code/NLP/BERT-EM/fintune.py - [Epoch: 13, Step: 1560] Train Loss: 0.00181, Train Accuracy: 1.00000
2024-12-10 08:48:30,308 - INFO - /home/yifei/code/NLP/BERT-EM/fintune.py - [Epoch: 13, Step: 1572] Train Loss: 0.00176, Train Accuracy: 1.00000
2024-12-10 08:48:50,691 - INFO - /home/yifei/code/NLP/BERT-EM/fintune.py - [Epoch: 13, Step: 1584] Train Loss: 0.00159, Train Accuracy: 1.00000
2024-12-10 08:49:07,277 - INFO - /home/yifei/code/NLP/BERT-EM/fintune.py - [Epoch: 13, Step: 1596] Train Loss: 0.00121, Train Accuracy: 1.00000
2024-12-10 08:49:24,413 - INFO - /home/yifei/code/NLP/BERT-EM/fintune.py - [Epoch: 13, Step: 1608] Train Loss: 0.00118, Train Accuracy: 1.00000
2024-12-10 08:49:41,670 - INFO - /home/yifei/code/NLP/BERT-EM/fintune.py - [Epoch: 13, Step: 1620] Train Loss: 0.00131, Train Accuracy: 1.00000
2024-12-10 08:49:47,710 - INFO - /home/yifei/code/NLP/BERT-EM/fintune.py - Epoch 13 - Train Loss: 0.001539625174535269, Train Accuracy: 1.0
2024-12-10 08:50:09,957 - INFO - /home/yifei/code/NLP/BERT-EM/fintune.py - Epoch 13 - Test F1: 89.83
2024-12-10 08:50:23,415 - INFO - /home/yifei/code/NLP/BERT-EM/fintune.py - [Epoch: 14, Step: 1632] Train Loss: 0.00131, Train Accuracy: 1.00000
2024-12-10 08:50:42,910 - INFO - /home/yifei/code/NLP/BERT-EM/fintune.py - [Epoch: 14, Step: 1644] Train Loss: 0.00146, Train Accuracy: 1.00000
2024-12-10 08:51:02,120 - INFO - /home/yifei/code/NLP/BERT-EM/fintune.py - [Epoch: 14, Step: 1656] Train Loss: 0.00311, Train Accuracy: 1.00000
2024-12-10 08:51:18,507 - INFO - /home/yifei/code/NLP/BERT-EM/fintune.py - [Epoch: 14, Step: 1668] Train Loss: 0.00125, Train Accuracy: 1.00000
2024-12-10 08:51:36,009 - INFO - /home/yifei/code/NLP/BERT-EM/fintune.py - [Epoch: 14, Step: 1680] Train Loss: 0.00107, Train Accuracy: 1.00000
2024-12-10 08:51:53,036 - INFO - /home/yifei/code/NLP/BERT-EM/fintune.py - [Epoch: 14, Step: 1692] Train Loss: 0.00144, Train Accuracy: 1.00000
2024-12-10 08:52:11,816 - INFO - /home/yifei/code/NLP/BERT-EM/fintune.py - [Epoch: 14, Step: 1704] Train Loss: 0.00394, Train Accuracy: 1.00000
2024-12-10 08:52:31,679 - INFO - /home/yifei/code/NLP/BERT-EM/fintune.py - [Epoch: 14, Step: 1716] Train Loss: 0.00099, Train Accuracy: 1.00000
2024-12-10 08:52:48,874 - INFO - /home/yifei/code/NLP/BERT-EM/fintune.py - [Epoch: 14, Step: 1728] Train Loss: 0.00121, Train Accuracy: 1.00000
2024-12-10 08:53:06,896 - INFO - /home/yifei/code/NLP/BERT-EM/fintune.py - [Epoch: 14, Step: 1740] Train Loss: 0.00102, Train Accuracy: 1.00000
2024-12-10 08:53:20,787 - INFO - /home/yifei/code/NLP/BERT-EM/fintune.py - Epoch 14 - Train Loss: 0.0016800463548861445, Train Accuracy: 1.0
2024-12-10 08:53:42,984 - INFO - /home/yifei/code/NLP/BERT-EM/fintune.py - Epoch 14 - Test F1: 89.79
2024-12-10 08:53:47,438 - INFO - /home/yifei/code/NLP/BERT-EM/fintune.py - [Epoch: 15, Step: 1752] Train Loss: 0.00137, Train Accuracy: 1.00000
2024-12-10 08:54:04,959 - INFO - /home/yifei/code/NLP/BERT-EM/fintune.py - [Epoch: 15, Step: 1764] Train Loss: 0.00145, Train Accuracy: 1.00000
2024-12-10 08:54:23,207 - INFO - /home/yifei/code/NLP/BERT-EM/fintune.py - [Epoch: 15, Step: 1776] Train Loss: 0.00095, Train Accuracy: 1.00000
2024-12-10 08:54:41,007 - INFO - /home/yifei/code/NLP/BERT-EM/fintune.py - [Epoch: 15, Step: 1788] Train Loss: 0.00223, Train Accuracy: 1.00000
2024-12-10 08:54:58,449 - INFO - /home/yifei/code/NLP/BERT-EM/fintune.py - [Epoch: 15, Step: 1800] Train Loss: 0.00114, Train Accuracy: 1.00000
2024-12-10 08:55:17,364 - INFO - /home/yifei/code/NLP/BERT-EM/fintune.py - [Epoch: 15, Step: 1812] Train Loss: 0.00098, Train Accuracy: 1.00000
2024-12-10 08:55:36,357 - INFO - /home/yifei/code/NLP/BERT-EM/fintune.py - [Epoch: 15, Step: 1824] Train Loss: 0.00119, Train Accuracy: 1.00000
2024-12-10 08:55:54,811 - INFO - /home/yifei/code/NLP/BERT-EM/fintune.py - [Epoch: 15, Step: 1836] Train Loss: 0.00088, Train Accuracy: 1.00000
2024-12-10 08:56:12,295 - INFO - /home/yifei/code/NLP/BERT-EM/fintune.py - [Epoch: 15, Step: 1848] Train Loss: 0.00118, Train Accuracy: 1.00000
2024-12-10 08:56:30,248 - INFO - /home/yifei/code/NLP/BERT-EM/fintune.py - [Epoch: 15, Step: 1860] Train Loss: 0.00072, Train Accuracy: 1.00000
2024-12-10 08:56:48,252 - INFO - /home/yifei/code/NLP/BERT-EM/fintune.py - [Epoch: 15, Step: 1872] Train Loss: 0.00127, Train Accuracy: 1.00000
2024-12-10 08:56:51,058 - INFO - /home/yifei/code/NLP/BERT-EM/fintune.py - Epoch 15 - Train Loss: 0.0012146432206711986, Train Accuracy: 1.0
2024-12-10 08:57:13,252 - INFO - /home/yifei/code/NLP/BERT-EM/fintune.py - Epoch 15 - Test F1: 89.78
2024-12-10 08:57:30,693 - INFO - /home/yifei/code/NLP/BERT-EM/fintune.py - [Epoch: 16, Step: 1884] Train Loss: 0.00107, Train Accuracy: 1.00000
2024-12-10 08:57:48,351 - INFO - /home/yifei/code/NLP/BERT-EM/fintune.py - [Epoch: 16, Step: 1896] Train Loss: 0.00081, Train Accuracy: 1.00000
2024-12-10 08:58:04,125 - INFO - /home/yifei/code/NLP/BERT-EM/fintune.py - [Epoch: 16, Step: 1908] Train Loss: 0.00084, Train Accuracy: 1.00000
2024-12-10 08:58:20,813 - INFO - /home/yifei/code/NLP/BERT-EM/fintune.py - [Epoch: 16, Step: 1920] Train Loss: 0.00259, Train Accuracy: 1.00000
2024-12-10 08:58:38,233 - INFO - /home/yifei/code/NLP/BERT-EM/fintune.py - [Epoch: 16, Step: 1932] Train Loss: 0.00071, Train Accuracy: 1.00000
2024-12-10 08:58:55,334 - INFO - /home/yifei/code/NLP/BERT-EM/fintune.py - [Epoch: 16, Step: 1944] Train Loss: 0.00281, Train Accuracy: 1.00000
2024-12-10 08:59:13,601 - INFO - /home/yifei/code/NLP/BERT-EM/fintune.py - [Epoch: 16, Step: 1956] Train Loss: 0.00092, Train Accuracy: 1.00000
2024-12-10 08:59:32,969 - INFO - /home/yifei/code/NLP/BERT-EM/fintune.py - [Epoch: 16, Step: 1968] Train Loss: 0.00132, Train Accuracy: 1.00000
2024-12-10 08:59:50,761 - INFO - /home/yifei/code/NLP/BERT-EM/fintune.py - [Epoch: 16, Step: 1980] Train Loss: 0.00089, Train Accuracy: 1.00000
2024-12-10 09:00:08,203 - INFO - /home/yifei/code/NLP/BERT-EM/fintune.py - [Epoch: 16, Step: 1992] Train Loss: 0.00091, Train Accuracy: 1.00000
2024-12-10 09:00:19,398 - INFO - /home/yifei/code/NLP/BERT-EM/fintune.py - Epoch 16 - Train Loss: 0.001288294291589409, Train Accuracy: 1.0
2024-12-10 09:00:41,738 - INFO - /home/yifei/code/NLP/BERT-EM/fintune.py - Epoch 16 - Test F1: 89.78
2024-12-10 09:00:49,120 - INFO - /home/yifei/code/NLP/BERT-EM/fintune.py - [Epoch: 17, Step: 2004] Train Loss: 0.00170, Train Accuracy: 1.00000
2024-12-10 09:01:06,002 - INFO - /home/yifei/code/NLP/BERT-EM/fintune.py - [Epoch: 17, Step: 2016] Train Loss: 0.00074, Train Accuracy: 1.00000
2024-12-10 09:01:23,870 - INFO - /home/yifei/code/NLP/BERT-EM/fintune.py - [Epoch: 17, Step: 2028] Train Loss: 0.00148, Train Accuracy: 1.00000
2024-12-10 09:01:41,733 - INFO - /home/yifei/code/NLP/BERT-EM/fintune.py - [Epoch: 17, Step: 2040] Train Loss: 0.00069, Train Accuracy: 1.00000
2024-12-10 09:01:59,757 - INFO - /home/yifei/code/NLP/BERT-EM/fintune.py - [Epoch: 17, Step: 2052] Train Loss: 0.00071, Train Accuracy: 1.00000
2024-12-10 09:02:19,370 - INFO - /home/yifei/code/NLP/BERT-EM/fintune.py - [Epoch: 17, Step: 2064] Train Loss: 0.00178, Train Accuracy: 1.00000
2024-12-10 09:02:38,157 - INFO - /home/yifei/code/NLP/BERT-EM/fintune.py - [Epoch: 17, Step: 2076] Train Loss: 0.00135, Train Accuracy: 1.00000
2024-12-10 09:02:57,129 - INFO - /home/yifei/code/NLP/BERT-EM/fintune.py - [Epoch: 17, Step: 2088] Train Loss: 0.00186, Train Accuracy: 1.00000
2024-12-10 09:03:14,889 - INFO - /home/yifei/code/NLP/BERT-EM/fintune.py - [Epoch: 17, Step: 2100] Train Loss: 0.00076, Train Accuracy: 1.00000
2024-12-10 09:03:33,065 - INFO - /home/yifei/code/NLP/BERT-EM/fintune.py - [Epoch: 17, Step: 2112] Train Loss: 0.00199, Train Accuracy: 1.00000
2024-12-10 09:03:51,698 - INFO - /home/yifei/code/NLP/BERT-EM/fintune.py - [Epoch: 17, Step: 2124] Train Loss: 0.00070, Train Accuracy: 1.00000
2024-12-10 09:03:51,700 - INFO - /home/yifei/code/NLP/BERT-EM/fintune.py - Epoch 17 - Train Loss: 0.001251853928393261, Train Accuracy: 1.0
2024-12-10 09:04:13,930 - INFO - /home/yifei/code/NLP/BERT-EM/fintune.py - Epoch 17 - Test F1: 89.81
2024-12-10 09:04:33,835 - INFO - /home/yifei/code/NLP/BERT-EM/fintune.py - [Epoch: 18, Step: 2136] Train Loss: 0.00180, Train Accuracy: 1.00000
2024-12-10 09:04:52,591 - INFO - /home/yifei/code/NLP/BERT-EM/fintune.py - [Epoch: 18, Step: 2148] Train Loss: 0.00121, Train Accuracy: 1.00000
2024-12-10 09:05:09,661 - INFO - /home/yifei/code/NLP/BERT-EM/fintune.py - [Epoch: 18, Step: 2160] Train Loss: 0.00074, Train Accuracy: 1.00000
2024-12-10 09:05:28,042 - INFO - /home/yifei/code/NLP/BERT-EM/fintune.py - [Epoch: 18, Step: 2172] Train Loss: 0.00071, Train Accuracy: 1.00000
2024-12-10 09:05:46,891 - INFO - /home/yifei/code/NLP/BERT-EM/fintune.py - [Epoch: 18, Step: 2184] Train Loss: 0.00060, Train Accuracy: 1.00000
2024-12-10 09:06:05,409 - INFO - /home/yifei/code/NLP/BERT-EM/fintune.py - [Epoch: 18, Step: 2196] Train Loss: 0.00067, Train Accuracy: 1.00000
2024-12-10 09:06:21,933 - INFO - /home/yifei/code/NLP/BERT-EM/fintune.py - [Epoch: 18, Step: 2208] Train Loss: 0.00062, Train Accuracy: 1.00000
2024-12-10 09:06:40,624 - INFO - /home/yifei/code/NLP/BERT-EM/fintune.py - [Epoch: 18, Step: 2220] Train Loss: 0.00060, Train Accuracy: 1.00000
2024-12-10 09:06:59,411 - INFO - /home/yifei/code/NLP/BERT-EM/fintune.py - [Epoch: 18, Step: 2232] Train Loss: 0.00083, Train Accuracy: 1.00000
2024-12-10 09:07:15,818 - INFO - /home/yifei/code/NLP/BERT-EM/fintune.py - [Epoch: 18, Step: 2244] Train Loss: 0.00103, Train Accuracy: 1.00000
2024-12-10 09:07:24,932 - INFO - /home/yifei/code/NLP/BERT-EM/fintune.py - Epoch 18 - Train Loss: 0.0008795846602879465, Train Accuracy: 1.0
2024-12-10 09:07:47,130 - INFO - /home/yifei/code/NLP/BERT-EM/fintune.py - Epoch 18 - Test F1: 89.83
2024-12-10 09:07:57,980 - INFO - /home/yifei/code/NLP/BERT-EM/fintune.py - [Epoch: 19, Step: 2256] Train Loss: 0.00272, Train Accuracy: 1.00000
2024-12-10 09:08:16,663 - INFO - /home/yifei/code/NLP/BERT-EM/fintune.py - [Epoch: 19, Step: 2268] Train Loss: 0.00083, Train Accuracy: 1.00000
2024-12-10 09:08:34,017 - INFO - /home/yifei/code/NLP/BERT-EM/fintune.py - [Epoch: 19, Step: 2280] Train Loss: 0.00062, Train Accuracy: 1.00000
2024-12-10 09:08:53,236 - INFO - /home/yifei/code/NLP/BERT-EM/fintune.py - [Epoch: 19, Step: 2292] Train Loss: 0.00181, Train Accuracy: 1.00000
2024-12-10 09:09:10,309 - INFO - /home/yifei/code/NLP/BERT-EM/fintune.py - [Epoch: 19, Step: 2304] Train Loss: 0.00083, Train Accuracy: 1.00000
2024-12-10 09:09:28,147 - INFO - /home/yifei/code/NLP/BERT-EM/fintune.py - [Epoch: 19, Step: 2316] Train Loss: 0.00080, Train Accuracy: 1.00000
2024-12-10 09:09:47,889 - INFO - /home/yifei/code/NLP/BERT-EM/fintune.py - [Epoch: 19, Step: 2328] Train Loss: 0.00054, Train Accuracy: 1.00000
2024-12-10 09:10:05,630 - INFO - /home/yifei/code/NLP/BERT-EM/fintune.py - [Epoch: 19, Step: 2340] Train Loss: 0.00128, Train Accuracy: 1.00000
2024-12-10 09:10:22,524 - INFO - /home/yifei/code/NLP/BERT-EM/fintune.py - [Epoch: 19, Step: 2352] Train Loss: 0.00059, Train Accuracy: 1.00000
2024-12-10 09:10:39,767 - INFO - /home/yifei/code/NLP/BERT-EM/fintune.py - [Epoch: 19, Step: 2364] Train Loss: 0.00072, Train Accuracy: 1.00000
2024-12-10 09:10:53,975 - INFO - /home/yifei/code/NLP/BERT-EM/fintune.py - Epoch 19 - Train Loss: 0.0010746385669335723, Train Accuracy: 1.0
2024-12-10 09:11:16,165 - INFO - /home/yifei/code/NLP/BERT-EM/fintune.py - Epoch 19 - Test F1: 89.74
2024-12-10 09:11:19,194 - INFO - /home/yifei/code/NLP/BERT-EM/fintune.py - [Epoch: 20, Step: 2376] Train Loss: 0.00057, Train Accuracy: 1.00000
2024-12-10 09:11:37,002 - INFO - /home/yifei/code/NLP/BERT-EM/fintune.py - [Epoch: 20, Step: 2388] Train Loss: 0.00067, Train Accuracy: 1.00000
2024-12-10 09:11:57,790 - INFO - /home/yifei/code/NLP/BERT-EM/fintune.py - [Epoch: 20, Step: 2400] Train Loss: 0.00055, Train Accuracy: 1.00000
2024-12-10 09:12:13,293 - INFO - /home/yifei/code/NLP/BERT-EM/fintune.py - [Epoch: 20, Step: 2412] Train Loss: 0.00085, Train Accuracy: 1.00000
2024-12-10 09:12:30,205 - INFO - /home/yifei/code/NLP/BERT-EM/fintune.py - [Epoch: 20, Step: 2424] Train Loss: 0.00087, Train Accuracy: 1.00000
2024-12-10 09:12:48,820 - INFO - /home/yifei/code/NLP/BERT-EM/fintune.py - [Epoch: 20, Step: 2436] Train Loss: 0.00078, Train Accuracy: 1.00000
2024-12-10 09:13:06,342 - INFO - /home/yifei/code/NLP/BERT-EM/fintune.py - [Epoch: 20, Step: 2448] Train Loss: 0.00104, Train Accuracy: 1.00000
2024-12-10 09:13:23,023 - INFO - /home/yifei/code/NLP/BERT-EM/fintune.py - [Epoch: 20, Step: 2460] Train Loss: 0.00077, Train Accuracy: 1.00000
2024-12-10 09:13:42,268 - INFO - /home/yifei/code/NLP/BERT-EM/fintune.py - [Epoch: 20, Step: 2472] Train Loss: 0.00064, Train Accuracy: 1.00000
2024-12-10 09:14:02,817 - INFO - /home/yifei/code/NLP/BERT-EM/fintune.py - [Epoch: 20, Step: 2484] Train Loss: 0.00065, Train Accuracy: 1.00000
2024-12-10 09:14:20,615 - INFO - /home/yifei/code/NLP/BERT-EM/fintune.py - [Epoch: 20, Step: 2496] Train Loss: 0.00061, Train Accuracy: 1.00000
2024-12-10 09:14:24,166 - INFO - /home/yifei/code/NLP/BERT-EM/fintune.py - Epoch 20 - Train Loss: 0.0007267488187856295, Train Accuracy: 1.0
2024-12-10 09:14:46,495 - INFO - /home/yifei/code/NLP/BERT-EM/fintune.py - Epoch 20 - Test F1: 89.79
2024-12-10 09:14:59,878 - INFO - /home/yifei/code/NLP/BERT-EM/fintune.py - [Epoch: 21, Step: 2508] Train Loss: 0.00047, Train Accuracy: 1.00000
2024-12-10 09:15:18,235 - INFO - /home/yifei/code/NLP/BERT-EM/fintune.py - [Epoch: 21, Step: 2520] Train Loss: 0.00089, Train Accuracy: 1.00000
2024-12-10 09:15:35,911 - INFO - /home/yifei/code/NLP/BERT-EM/fintune.py - [Epoch: 21, Step: 2532] Train Loss: 0.00107, Train Accuracy: 1.00000
2024-12-10 09:15:52,725 - INFO - /home/yifei/code/NLP/BERT-EM/fintune.py - [Epoch: 21, Step: 2544] Train Loss: 0.00067, Train Accuracy: 1.00000
2024-12-10 09:16:13,191 - INFO - /home/yifei/code/NLP/BERT-EM/fintune.py - [Epoch: 21, Step: 2556] Train Loss: 0.00074, Train Accuracy: 1.00000
2024-12-10 09:16:31,335 - INFO - /home/yifei/code/NLP/BERT-EM/fintune.py - [Epoch: 21, Step: 2568] Train Loss: 0.00061, Train Accuracy: 1.00000
2024-12-10 09:16:51,773 - INFO - /home/yifei/code/NLP/BERT-EM/fintune.py - [Epoch: 21, Step: 2580] Train Loss: 0.00121, Train Accuracy: 1.00000
2024-12-10 09:17:09,832 - INFO - /home/yifei/code/NLP/BERT-EM/fintune.py - [Epoch: 21, Step: 2592] Train Loss: 0.00101, Train Accuracy: 1.00000
2024-12-10 09:17:26,627 - INFO - /home/yifei/code/NLP/BERT-EM/fintune.py - [Epoch: 21, Step: 2604] Train Loss: 0.00054, Train Accuracy: 1.00000
2024-12-10 09:17:43,704 - INFO - /home/yifei/code/NLP/BERT-EM/fintune.py - [Epoch: 21, Step: 2616] Train Loss: 0.00099, Train Accuracy: 1.00000
2024-12-10 09:17:57,682 - INFO - /home/yifei/code/NLP/BERT-EM/fintune.py - Epoch 21 - Train Loss: 0.0008185428974684328, Train Accuracy: 1.0
2024-12-10 09:18:19,873 - INFO - /home/yifei/code/NLP/BERT-EM/fintune.py - Epoch 21 - Test F1: 89.71
2024-12-10 09:18:25,260 - INFO - /home/yifei/code/NLP/BERT-EM/fintune.py - [Epoch: 22, Step: 2628] Train Loss: 0.00077, Train Accuracy: 1.00000
2024-12-10 09:18:42,566 - INFO - /home/yifei/code/NLP/BERT-EM/fintune.py - [Epoch: 22, Step: 2640] Train Loss: 0.00066, Train Accuracy: 1.00000
2024-12-10 09:19:00,757 - INFO - /home/yifei/code/NLP/BERT-EM/fintune.py - [Epoch: 22, Step: 2652] Train Loss: 0.00048, Train Accuracy: 1.00000
2024-12-10 09:19:19,861 - INFO - /home/yifei/code/NLP/BERT-EM/fintune.py - [Epoch: 22, Step: 2664] Train Loss: 0.00043, Train Accuracy: 1.00000
2024-12-10 09:19:35,506 - INFO - /home/yifei/code/NLP/BERT-EM/fintune.py - [Epoch: 22, Step: 2676] Train Loss: 0.00077, Train Accuracy: 1.00000
2024-12-10 09:19:54,802 - INFO - /home/yifei/code/NLP/BERT-EM/fintune.py - [Epoch: 22, Step: 2688] Train Loss: 0.00120, Train Accuracy: 1.00000
2024-12-10 09:20:15,635 - INFO - /home/yifei/code/NLP/BERT-EM/fintune.py - [Epoch: 22, Step: 2700] Train Loss: 0.00059, Train Accuracy: 1.00000
2024-12-10 09:20:33,338 - INFO - /home/yifei/code/NLP/BERT-EM/fintune.py - [Epoch: 22, Step: 2712] Train Loss: 0.00104, Train Accuracy: 1.00000
2024-12-10 09:20:53,284 - INFO - /home/yifei/code/NLP/BERT-EM/fintune.py - [Epoch: 22, Step: 2724] Train Loss: 0.00065, Train Accuracy: 1.00000
2024-12-10 09:21:10,415 - INFO - /home/yifei/code/NLP/BERT-EM/fintune.py - [Epoch: 22, Step: 2736] Train Loss: 0.00101, Train Accuracy: 1.00000
2024-12-10 09:21:27,675 - INFO - /home/yifei/code/NLP/BERT-EM/fintune.py - [Epoch: 22, Step: 2748] Train Loss: 0.00063, Train Accuracy: 1.00000
2024-12-10 09:21:28,795 - INFO - /home/yifei/code/NLP/BERT-EM/fintune.py - Epoch 22 - Train Loss: 0.00074817919944921, Train Accuracy: 1.0
2024-12-10 09:21:50,994 - INFO - /home/yifei/code/NLP/BERT-EM/fintune.py - Epoch 22 - Test F1: 89.79
2024-12-10 09:22:09,231 - INFO - /home/yifei/code/NLP/BERT-EM/fintune.py - [Epoch: 23, Step: 2760] Train Loss: 0.00080, Train Accuracy: 1.00000
2024-12-10 09:22:26,964 - INFO - /home/yifei/code/NLP/BERT-EM/fintune.py - [Epoch: 23, Step: 2772] Train Loss: 0.00052, Train Accuracy: 1.00000
2024-12-10 09:22:45,918 - INFO - /home/yifei/code/NLP/BERT-EM/fintune.py - [Epoch: 23, Step: 2784] Train Loss: 0.00041, Train Accuracy: 1.00000
2024-12-10 09:23:03,621 - INFO - /home/yifei/code/NLP/BERT-EM/fintune.py - [Epoch: 23, Step: 2796] Train Loss: 0.00054, Train Accuracy: 1.00000
2024-12-10 09:23:21,575 - INFO - /home/yifei/code/NLP/BERT-EM/fintune.py - [Epoch: 23, Step: 2808] Train Loss: 0.00056, Train Accuracy: 1.00000
2024-12-10 09:23:39,654 - INFO - /home/yifei/code/NLP/BERT-EM/fintune.py - [Epoch: 23, Step: 2820] Train Loss: 0.00055, Train Accuracy: 1.00000
2024-12-10 09:23:57,378 - INFO - /home/yifei/code/NLP/BERT-EM/fintune.py - [Epoch: 23, Step: 2832] Train Loss: 0.00049, Train Accuracy: 1.00000
2024-12-10 09:24:16,200 - INFO - /home/yifei/code/NLP/BERT-EM/fintune.py - [Epoch: 23, Step: 2844] Train Loss: 0.00047, Train Accuracy: 1.00000
2024-12-10 09:24:34,168 - INFO - /home/yifei/code/NLP/BERT-EM/fintune.py - [Epoch: 23, Step: 2856] Train Loss: 0.00064, Train Accuracy: 1.00000
2024-12-10 09:24:52,967 - INFO - /home/yifei/code/NLP/BERT-EM/fintune.py - [Epoch: 23, Step: 2868] Train Loss: 0.00055, Train Accuracy: 1.00000
2024-12-10 09:25:01,987 - INFO - /home/yifei/code/NLP/BERT-EM/fintune.py - Epoch 23 - Train Loss: 0.0005529866408323869, Train Accuracy: 1.0
2024-12-10 09:25:24,184 - INFO - /home/yifei/code/NLP/BERT-EM/fintune.py - Epoch 23 - Test F1: 89.72
2024-12-10 09:25:32,688 - INFO - /home/yifei/code/NLP/BERT-EM/fintune.py - [Epoch: 24, Step: 2880] Train Loss: 0.00059, Train Accuracy: 1.00000
2024-12-10 09:25:48,993 - INFO - /home/yifei/code/NLP/BERT-EM/fintune.py - [Epoch: 24, Step: 2892] Train Loss: 0.00077, Train Accuracy: 1.00000
2024-12-10 09:26:07,195 - INFO - /home/yifei/code/NLP/BERT-EM/fintune.py - [Epoch: 24, Step: 2904] Train Loss: 0.00053, Train Accuracy: 1.00000
2024-12-10 09:26:25,553 - INFO - /home/yifei/code/NLP/BERT-EM/fintune.py - [Epoch: 24, Step: 2916] Train Loss: 0.00066, Train Accuracy: 1.00000
2024-12-10 09:26:42,630 - INFO - /home/yifei/code/NLP/BERT-EM/fintune.py - [Epoch: 24, Step: 2928] Train Loss: 0.00070, Train Accuracy: 1.00000
2024-12-10 09:27:00,977 - INFO - /home/yifei/code/NLP/BERT-EM/fintune.py - [Epoch: 24, Step: 2940] Train Loss: 0.00054, Train Accuracy: 1.00000
2024-12-10 09:27:19,658 - INFO - /home/yifei/code/NLP/BERT-EM/fintune.py - [Epoch: 24, Step: 2952] Train Loss: 0.00066, Train Accuracy: 1.00000
2024-12-10 09:27:39,062 - INFO - /home/yifei/code/NLP/BERT-EM/fintune.py - [Epoch: 24, Step: 2964] Train Loss: 0.00063, Train Accuracy: 1.00000
2024-12-10 09:27:59,059 - INFO - /home/yifei/code/NLP/BERT-EM/fintune.py - [Epoch: 24, Step: 2976] Train Loss: 0.00105, Train Accuracy: 1.00000
2024-12-10 09:28:15,951 - INFO - /home/yifei/code/NLP/BERT-EM/fintune.py - [Epoch: 24, Step: 2988] Train Loss: 0.00086, Train Accuracy: 1.00000
2024-12-10 09:28:32,925 - INFO - /home/yifei/code/NLP/BERT-EM/fintune.py - Epoch 24 - Train Loss: 0.0007004743383731693, Train Accuracy: 1.0
2024-12-10 09:28:55,205 - INFO - /home/yifei/code/NLP/BERT-EM/fintune.py - Epoch 24 - Test F1: 89.72
2024-12-10 09:28:56,507 - INFO - /home/yifei/code/NLP/BERT-EM/fintune.py - [Epoch: 25, Step: 3000] Train Loss: 0.00055, Train Accuracy: 1.00000
2024-12-10 09:29:15,123 - INFO - /home/yifei/code/NLP/BERT-EM/fintune.py - [Epoch: 25, Step: 3012] Train Loss: 0.00138, Train Accuracy: 1.00000
2024-12-10 09:29:31,760 - INFO - /home/yifei/code/NLP/BERT-EM/fintune.py - [Epoch: 25, Step: 3024] Train Loss: 0.00041, Train Accuracy: 1.00000
2024-12-10 09:29:52,213 - INFO - /home/yifei/code/NLP/BERT-EM/fintune.py - [Epoch: 25, Step: 3036] Train Loss: 0.00064, Train Accuracy: 1.00000
2024-12-10 09:30:09,089 - INFO - /home/yifei/code/NLP/BERT-EM/fintune.py - [Epoch: 25, Step: 3048] Train Loss: 0.00080, Train Accuracy: 1.00000
2024-12-10 09:30:29,439 - INFO - /home/yifei/code/NLP/BERT-EM/fintune.py - [Epoch: 25, Step: 3060] Train Loss: 0.00064, Train Accuracy: 1.00000
2024-12-10 09:30:47,211 - INFO - /home/yifei/code/NLP/BERT-EM/fintune.py - [Epoch: 25, Step: 3072] Train Loss: 0.00098, Train Accuracy: 1.00000
2024-12-10 09:31:05,353 - INFO - /home/yifei/code/NLP/BERT-EM/fintune.py - [Epoch: 25, Step: 3084] Train Loss: 0.00105, Train Accuracy: 1.00000
2024-12-10 09:31:23,011 - INFO - /home/yifei/code/NLP/BERT-EM/fintune.py - [Epoch: 25, Step: 3096] Train Loss: 0.00074, Train Accuracy: 1.00000
2024-12-10 09:31:40,948 - INFO - /home/yifei/code/NLP/BERT-EM/fintune.py - [Epoch: 25, Step: 3108] Train Loss: 0.00044, Train Accuracy: 1.00000
2024-12-10 09:31:59,427 - INFO - /home/yifei/code/NLP/BERT-EM/fintune.py - [Epoch: 25, Step: 3120] Train Loss: 0.00053, Train Accuracy: 1.00000
2024-12-10 09:32:05,063 - INFO - /home/yifei/code/NLP/BERT-EM/fintune.py - Epoch 25 - Train Loss: 0.0007419907170432535, Train Accuracy: 1.0
2024-12-10 09:32:27,256 - INFO - /home/yifei/code/NLP/BERT-EM/fintune.py - Epoch 25 - Test F1: 89.7
2024-12-10 09:32:38,187 - INFO - /home/yifei/code/NLP/BERT-EM/fintune.py - [Epoch: 26, Step: 3132] Train Loss: 0.00140, Train Accuracy: 1.00000
2024-12-10 09:32:54,278 - INFO - /home/yifei/code/NLP/BERT-EM/fintune.py - [Epoch: 26, Step: 3144] Train Loss: 0.00049, Train Accuracy: 1.00000
2024-12-10 09:33:12,954 - INFO - /home/yifei/code/NLP/BERT-EM/fintune.py - [Epoch: 26, Step: 3156] Train Loss: 0.00073, Train Accuracy: 1.00000
2024-12-10 09:33:31,863 - INFO - /home/yifei/code/NLP/BERT-EM/fintune.py - [Epoch: 26, Step: 3168] Train Loss: 0.00041, Train Accuracy: 1.00000
2024-12-10 09:33:50,841 - INFO - /home/yifei/code/NLP/BERT-EM/fintune.py - [Epoch: 26, Step: 3180] Train Loss: 0.00040, Train Accuracy: 1.00000
2024-12-10 09:34:08,490 - INFO - /home/yifei/code/NLP/BERT-EM/fintune.py - [Epoch: 26, Step: 3192] Train Loss: 0.00053, Train Accuracy: 1.00000
2024-12-10 09:34:26,129 - INFO - /home/yifei/code/NLP/BERT-EM/fintune.py - [Epoch: 26, Step: 3204] Train Loss: 0.00143, Train Accuracy: 1.00000
2024-12-10 09:34:44,624 - INFO - /home/yifei/code/NLP/BERT-EM/fintune.py - [Epoch: 26, Step: 3216] Train Loss: 0.00102, Train Accuracy: 1.00000
2024-12-10 09:35:04,277 - INFO - /home/yifei/code/NLP/BERT-EM/fintune.py - [Epoch: 26, Step: 3228] Train Loss: 0.00148, Train Accuracy: 1.00000
2024-12-10 09:35:23,139 - INFO - /home/yifei/code/NLP/BERT-EM/fintune.py - [Epoch: 26, Step: 3240] Train Loss: 0.00042, Train Accuracy: 1.00000
2024-12-10 09:35:36,952 - INFO - /home/yifei/code/NLP/BERT-EM/fintune.py - Epoch 26 - Train Loss: 0.0008321912348037586, Train Accuracy: 1.0
2024-12-10 09:35:59,150 - INFO - /home/yifei/code/NLP/BERT-EM/fintune.py - Epoch 26 - Test F1: 89.72
2024-12-10 09:36:03,722 - INFO - /home/yifei/code/NLP/BERT-EM/fintune.py - [Epoch: 27, Step: 3252] Train Loss: 0.00045, Train Accuracy: 1.00000
2024-12-10 09:36:23,070 - INFO - /home/yifei/code/NLP/BERT-EM/fintune.py - [Epoch: 27, Step: 3264] Train Loss: 0.00045, Train Accuracy: 1.00000
2024-12-10 09:36:39,968 - INFO - /home/yifei/code/NLP/BERT-EM/fintune.py - [Epoch: 27, Step: 3276] Train Loss: 0.00046, Train Accuracy: 1.00000
2024-12-10 09:36:57,193 - INFO - /home/yifei/code/NLP/BERT-EM/fintune.py - [Epoch: 27, Step: 3288] Train Loss: 0.00049, Train Accuracy: 1.00000
2024-12-10 09:37:15,119 - INFO - /home/yifei/code/NLP/BERT-EM/fintune.py - [Epoch: 27, Step: 3300] Train Loss: 0.00055, Train Accuracy: 1.00000
2024-12-10 09:37:34,311 - INFO - /home/yifei/code/NLP/BERT-EM/fintune.py - [Epoch: 27, Step: 3312] Train Loss: 0.00042, Train Accuracy: 1.00000
2024-12-10 09:37:52,070 - INFO - /home/yifei/code/NLP/BERT-EM/fintune.py - [Epoch: 27, Step: 3324] Train Loss: 0.00082, Train Accuracy: 1.00000
2024-12-10 09:38:09,504 - INFO - /home/yifei/code/NLP/BERT-EM/fintune.py - [Epoch: 27, Step: 3336] Train Loss: 0.00131, Train Accuracy: 1.00000
2024-12-10 09:38:25,776 - INFO - /home/yifei/code/NLP/BERT-EM/fintune.py - [Epoch: 27, Step: 3348] Train Loss: 0.00122, Train Accuracy: 1.00000
2024-12-10 09:38:43,932 - INFO - /home/yifei/code/NLP/BERT-EM/fintune.py - [Epoch: 27, Step: 3360] Train Loss: 0.00060, Train Accuracy: 1.00000
2024-12-10 09:39:03,829 - INFO - /home/yifei/code/NLP/BERT-EM/fintune.py - [Epoch: 27, Step: 3372] Train Loss: 0.00058, Train Accuracy: 1.00000
2024-12-10 09:39:06,748 - INFO - /home/yifei/code/NLP/BERT-EM/fintune.py - Epoch 27 - Train Loss: 0.0006685224335259674, Train Accuracy: 1.0
2024-12-10 09:39:29,088 - INFO - /home/yifei/code/NLP/BERT-EM/fintune.py - Epoch 27 - Test F1: 89.69
2024-12-10 09:39:45,554 - INFO - /home/yifei/code/NLP/BERT-EM/fintune.py - [Epoch: 28, Step: 3384] Train Loss: 0.00042, Train Accuracy: 1.00000
2024-12-10 09:40:05,351 - INFO - /home/yifei/code/NLP/BERT-EM/fintune.py - [Epoch: 28, Step: 3396] Train Loss: 0.00088, Train Accuracy: 1.00000
2024-12-10 09:40:23,181 - INFO - /home/yifei/code/NLP/BERT-EM/fintune.py - [Epoch: 28, Step: 3408] Train Loss: 0.00075, Train Accuracy: 1.00000
2024-12-10 09:40:39,665 - INFO - /home/yifei/code/NLP/BERT-EM/fintune.py - [Epoch: 28, Step: 3420] Train Loss: 0.00059, Train Accuracy: 1.00000
2024-12-10 09:40:57,885 - INFO - /home/yifei/code/NLP/BERT-EM/fintune.py - [Epoch: 28, Step: 3432] Train Loss: 0.00047, Train Accuracy: 1.00000
2024-12-10 09:41:16,985 - INFO - /home/yifei/code/NLP/BERT-EM/fintune.py - [Epoch: 28, Step: 3444] Train Loss: 0.00049, Train Accuracy: 1.00000
2024-12-10 09:41:34,464 - INFO - /home/yifei/code/NLP/BERT-EM/fintune.py - [Epoch: 28, Step: 3456] Train Loss: 0.00044, Train Accuracy: 1.00000
2024-12-10 09:41:52,573 - INFO - /home/yifei/code/NLP/BERT-EM/fintune.py - [Epoch: 28, Step: 3468] Train Loss: 0.00041, Train Accuracy: 1.00000
2024-12-10 09:42:09,584 - INFO - /home/yifei/code/NLP/BERT-EM/fintune.py - [Epoch: 28, Step: 3480] Train Loss: 0.00040, Train Accuracy: 1.00000
2024-12-10 09:42:29,473 - INFO - /home/yifei/code/NLP/BERT-EM/fintune.py - [Epoch: 28, Step: 3492] Train Loss: 0.00039, Train Accuracy: 1.00000
2024-12-10 09:42:38,892 - INFO - /home/yifei/code/NLP/BERT-EM/fintune.py - Epoch 28 - Train Loss: 0.0005233788397163153, Train Accuracy: 1.0
2024-12-10 09:43:01,118 - INFO - /home/yifei/code/NLP/BERT-EM/fintune.py - Epoch 28 - Test F1: 89.71
2024-12-10 09:43:08,140 - INFO - /home/yifei/code/NLP/BERT-EM/fintune.py - [Epoch: 29, Step: 3504] Train Loss: 0.00057, Train Accuracy: 1.00000
2024-12-10 09:43:24,610 - INFO - /home/yifei/code/NLP/BERT-EM/fintune.py - [Epoch: 29, Step: 3516] Train Loss: 0.00037, Train Accuracy: 1.00000
2024-12-10 09:43:42,509 - INFO - /home/yifei/code/NLP/BERT-EM/fintune.py - [Epoch: 29, Step: 3528] Train Loss: 0.00045, Train Accuracy: 1.00000
2024-12-10 09:44:00,846 - INFO - /home/yifei/code/NLP/BERT-EM/fintune.py - [Epoch: 29, Step: 3540] Train Loss: 0.00101, Train Accuracy: 1.00000
2024-12-10 09:44:18,479 - INFO - /home/yifei/code/NLP/BERT-EM/fintune.py - [Epoch: 29, Step: 3552] Train Loss: 0.00090, Train Accuracy: 1.00000
2024-12-10 09:44:36,903 - INFO - /home/yifei/code/NLP/BERT-EM/fintune.py - [Epoch: 29, Step: 3564] Train Loss: 0.00050, Train Accuracy: 1.00000
2024-12-10 09:44:55,455 - INFO - /home/yifei/code/NLP/BERT-EM/fintune.py - [Epoch: 29, Step: 3576] Train Loss: 0.00038, Train Accuracy: 1.00000
2024-12-10 09:45:12,127 - INFO - /home/yifei/code/NLP/BERT-EM/fintune.py - [Epoch: 29, Step: 3588] Train Loss: 0.00051, Train Accuracy: 1.00000
2024-12-10 09:45:30,559 - INFO - /home/yifei/code/NLP/BERT-EM/fintune.py - [Epoch: 29, Step: 3600] Train Loss: 0.00069, Train Accuracy: 1.00000
2024-12-10 09:45:51,154 - INFO - /home/yifei/code/NLP/BERT-EM/fintune.py - [Epoch: 29, Step: 3612] Train Loss: 0.00082, Train Accuracy: 1.00000
2024-12-10 09:46:09,544 - INFO - /home/yifei/code/NLP/BERT-EM/fintune.py - [Epoch: 29, Step: 3624] Train Loss: 0.00067, Train Accuracy: 1.00000
2024-12-10 09:46:09,545 - INFO - /home/yifei/code/NLP/BERT-EM/fintune.py - Epoch 29 - Train Loss: 0.0006237947911193425, Train Accuracy: 1.0
2024-12-10 09:46:31,746 - INFO - /home/yifei/code/NLP/BERT-EM/fintune.py - Epoch 29 - Test F1: 89.7
2024-12-10 09:46:50,847 - INFO - /home/yifei/code/NLP/BERT-EM/fintune.py - [Epoch: 30, Step: 3636] Train Loss: 0.00040, Train Accuracy: 1.00000
2024-12-10 09:47:09,546 - INFO - /home/yifei/code/NLP/BERT-EM/fintune.py - [Epoch: 30, Step: 3648] Train Loss: 0.00044, Train Accuracy: 1.00000
2024-12-10 09:47:26,199 - INFO - /home/yifei/code/NLP/BERT-EM/fintune.py - [Epoch: 30, Step: 3660] Train Loss: 0.00038, Train Accuracy: 1.00000
2024-12-10 09:47:47,462 - INFO - /home/yifei/code/NLP/BERT-EM/fintune.py - [Epoch: 30, Step: 3672] Train Loss: 0.00082, Train Accuracy: 1.00000
2024-12-10 09:48:07,292 - INFO - /home/yifei/code/NLP/BERT-EM/fintune.py - [Epoch: 30, Step: 3684] Train Loss: 0.00043, Train Accuracy: 1.00000
2024-12-10 09:48:24,896 - INFO - /home/yifei/code/NLP/BERT-EM/fintune.py - [Epoch: 30, Step: 3696] Train Loss: 0.00036, Train Accuracy: 1.00000
2024-12-10 09:48:41,945 - INFO - /home/yifei/code/NLP/BERT-EM/fintune.py - [Epoch: 30, Step: 3708] Train Loss: 0.00060, Train Accuracy: 1.00000
2024-12-10 09:49:00,356 - INFO - /home/yifei/code/NLP/BERT-EM/fintune.py - [Epoch: 30, Step: 3720] Train Loss: 0.00056, Train Accuracy: 1.00000
2024-12-10 09:49:18,437 - INFO - /home/yifei/code/NLP/BERT-EM/fintune.py - [Epoch: 30, Step: 3732] Train Loss: 0.00079, Train Accuracy: 1.00000
2024-12-10 09:49:35,232 - INFO - /home/yifei/code/NLP/BERT-EM/fintune.py - [Epoch: 30, Step: 3744] Train Loss: 0.00036, Train Accuracy: 1.00000
2024-12-10 09:49:42,046 - INFO - /home/yifei/code/NLP/BERT-EM/fintune.py - Epoch 30 - Train Loss: 0.0005136512365425006, Train Accuracy: 1.0
2024-12-10 09:50:04,245 - INFO - /home/yifei/code/NLP/BERT-EM/fintune.py - Epoch 30 - Test F1: 89.68
2024-12-10 09:50:14,070 - INFO - /home/yifei/code/NLP/BERT-EM/fintune.py - [Epoch: 31, Step: 3756] Train Loss: 0.00064, Train Accuracy: 1.00000
2024-12-10 09:50:33,152 - INFO - /home/yifei/code/NLP/BERT-EM/fintune.py - [Epoch: 31, Step: 3768] Train Loss: 0.00041, Train Accuracy: 1.00000
2024-12-10 09:50:52,219 - INFO - /home/yifei/code/NLP/BERT-EM/fintune.py - [Epoch: 31, Step: 3780] Train Loss: 0.00089, Train Accuracy: 1.00000
2024-12-10 09:51:10,039 - INFO - /home/yifei/code/NLP/BERT-EM/fintune.py - [Epoch: 31, Step: 3792] Train Loss: 0.00053, Train Accuracy: 1.00000
2024-12-10 09:51:26,037 - INFO - /home/yifei/code/NLP/BERT-EM/fintune.py - [Epoch: 31, Step: 3804] Train Loss: 0.00035, Train Accuracy: 1.00000
2024-12-10 09:51:42,567 - INFO - /home/yifei/code/NLP/BERT-EM/fintune.py - [Epoch: 31, Step: 3816] Train Loss: 0.00087, Train Accuracy: 1.00000
2024-12-10 09:52:02,508 - INFO - /home/yifei/code/NLP/BERT-EM/fintune.py - [Epoch: 31, Step: 3828] Train Loss: 0.00048, Train Accuracy: 1.00000
2024-12-10 09:52:19,739 - INFO - /home/yifei/code/NLP/BERT-EM/fintune.py - [Epoch: 31, Step: 3840] Train Loss: 0.00042, Train Accuracy: 1.00000
2024-12-10 09:52:37,947 - INFO - /home/yifei/code/NLP/BERT-EM/fintune.py - [Epoch: 31, Step: 3852] Train Loss: 0.00035, Train Accuracy: 1.00000
2024-12-10 09:52:58,803 - INFO - /home/yifei/code/NLP/BERT-EM/fintune.py - [Epoch: 31, Step: 3864] Train Loss: 0.00060, Train Accuracy: 1.00000
2024-12-10 09:53:13,275 - INFO - /home/yifei/code/NLP/BERT-EM/fintune.py - Epoch 31 - Train Loss: 0.0005534384254133329, Train Accuracy: 1.0
2024-12-10 09:53:35,706 - INFO - /home/yifei/code/NLP/BERT-EM/fintune.py - Epoch 31 - Test F1: 89.67
2024-12-10 09:53:38,763 - INFO - /home/yifei/code/NLP/BERT-EM/fintune.py - [Epoch: 32, Step: 3876] Train Loss: 0.00066, Train Accuracy: 1.00000
2024-12-10 09:53:55,793 - INFO - /home/yifei/code/NLP/BERT-EM/fintune.py - [Epoch: 32, Step: 3888] Train Loss: 0.00052, Train Accuracy: 1.00000
2024-12-10 09:54:12,649 - INFO - /home/yifei/code/NLP/BERT-EM/fintune.py - [Epoch: 32, Step: 3900] Train Loss: 0.00093, Train Accuracy: 1.00000
2024-12-10 09:54:31,555 - INFO - /home/yifei/code/NLP/BERT-EM/fintune.py - [Epoch: 32, Step: 3912] Train Loss: 0.00059, Train Accuracy: 1.00000
2024-12-10 09:54:48,908 - INFO - /home/yifei/code/NLP/BERT-EM/fintune.py - [Epoch: 32, Step: 3924] Train Loss: 0.00040, Train Accuracy: 1.00000
2024-12-10 09:55:07,145 - INFO - /home/yifei/code/NLP/BERT-EM/fintune.py - [Epoch: 32, Step: 3936] Train Loss: 0.00038, Train Accuracy: 1.00000
2024-12-10 09:55:24,032 - INFO - /home/yifei/code/NLP/BERT-EM/fintune.py - [Epoch: 32, Step: 3948] Train Loss: 0.00041, Train Accuracy: 1.00000
2024-12-10 09:55:43,139 - INFO - /home/yifei/code/NLP/BERT-EM/fintune.py - [Epoch: 32, Step: 3960] Train Loss: 0.00041, Train Accuracy: 1.00000
2024-12-10 09:56:00,303 - INFO - /home/yifei/code/NLP/BERT-EM/fintune.py - [Epoch: 32, Step: 3972] Train Loss: 0.00040, Train Accuracy: 1.00000
2024-12-10 09:56:18,457 - INFO - /home/yifei/code/NLP/BERT-EM/fintune.py - [Epoch: 32, Step: 3984] Train Loss: 0.00043, Train Accuracy: 1.00000
2024-12-10 09:56:39,906 - INFO - /home/yifei/code/NLP/BERT-EM/fintune.py - [Epoch: 32, Step: 3996] Train Loss: 0.00045, Train Accuracy: 1.00000
2024-12-10 09:56:45,699 - INFO - /home/yifei/code/NLP/BERT-EM/fintune.py - Epoch 32 - Train Loss: 0.0005055968781975521, Train Accuracy: 1.0
2024-12-10 09:57:07,892 - INFO - /home/yifei/code/NLP/BERT-EM/fintune.py - Epoch 32 - Test F1: 89.68
