2024-12-09 12:20:42,222 - INFO - root - [FREE]: encoder.layer.20.attention.self.query.weight
2024-12-09 12:20:42,222 - INFO - root - [FREE]: encoder.layer.20.attention.self.query.bias
2024-12-09 12:20:42,222 - INFO - root - [FREE]: encoder.layer.20.attention.self.key.weight
2024-12-09 12:20:42,222 - INFO - root - [FREE]: encoder.layer.20.attention.self.key.bias
2024-12-09 12:20:42,222 - INFO - root - [FREE]: encoder.layer.20.attention.self.value.weight
2024-12-09 12:20:42,222 - INFO - root - [FREE]: encoder.layer.20.attention.self.value.bias
2024-12-09 12:20:42,222 - INFO - root - [FREE]: encoder.layer.20.attention.output.dense.weight
2024-12-09 12:20:42,222 - INFO - root - [FREE]: encoder.layer.20.attention.output.dense.bias
2024-12-09 12:20:42,222 - INFO - root - [FREE]: encoder.layer.20.attention.output.LayerNorm.weight
2024-12-09 12:20:42,222 - INFO - root - [FREE]: encoder.layer.20.attention.output.LayerNorm.bias
2024-12-09 12:20:42,222 - INFO - root - [FREE]: encoder.layer.20.intermediate.dense.weight
2024-12-09 12:20:42,222 - INFO - root - [FREE]: encoder.layer.20.intermediate.dense.bias
2024-12-09 12:20:42,222 - INFO - root - [FREE]: encoder.layer.20.output.dense.weight
2024-12-09 12:20:42,222 - INFO - root - [FREE]: encoder.layer.20.output.dense.bias
2024-12-09 12:20:42,222 - INFO - root - [FREE]: encoder.layer.20.output.LayerNorm.weight
2024-12-09 12:20:42,222 - INFO - root - [FREE]: encoder.layer.20.output.LayerNorm.bias
2024-12-09 12:20:42,222 - INFO - root - [FREE]: encoder.layer.21.attention.self.query.weight
2024-12-09 12:20:42,222 - INFO - root - [FREE]: encoder.layer.21.attention.self.query.bias
2024-12-09 12:20:42,222 - INFO - root - [FREE]: encoder.layer.21.attention.self.key.weight
2024-12-09 12:20:42,222 - INFO - root - [FREE]: encoder.layer.21.attention.self.key.bias
2024-12-09 12:20:42,222 - INFO - root - [FREE]: encoder.layer.21.attention.self.value.weight
2024-12-09 12:20:42,222 - INFO - root - [FREE]: encoder.layer.21.attention.self.value.bias
2024-12-09 12:20:42,222 - INFO - root - [FREE]: encoder.layer.21.attention.output.dense.weight
2024-12-09 12:20:42,222 - INFO - root - [FREE]: encoder.layer.21.attention.output.dense.bias
2024-12-09 12:20:42,222 - INFO - root - [FREE]: encoder.layer.21.attention.output.LayerNorm.weight
2024-12-09 12:20:42,222 - INFO - root - [FREE]: encoder.layer.21.attention.output.LayerNorm.bias
2024-12-09 12:20:42,222 - INFO - root - [FREE]: encoder.layer.21.intermediate.dense.weight
2024-12-09 12:20:42,222 - INFO - root - [FREE]: encoder.layer.21.intermediate.dense.bias
2024-12-09 12:20:42,222 - INFO - root - [FREE]: encoder.layer.21.output.dense.weight
2024-12-09 12:20:42,222 - INFO - root - [FREE]: encoder.layer.21.output.dense.bias
2024-12-09 12:20:42,222 - INFO - root - [FREE]: encoder.layer.21.output.LayerNorm.weight
2024-12-09 12:20:42,222 - INFO - root - [FREE]: encoder.layer.21.output.LayerNorm.bias
2024-12-09 12:20:42,222 - INFO - root - [FREE]: encoder.layer.22.attention.self.query.weight
2024-12-09 12:20:42,222 - INFO - root - [FREE]: encoder.layer.22.attention.self.query.bias
2024-12-09 12:20:42,222 - INFO - root - [FREE]: encoder.layer.22.attention.self.key.weight
2024-12-09 12:20:42,222 - INFO - root - [FREE]: encoder.layer.22.attention.self.key.bias
2024-12-09 12:20:42,223 - INFO - root - [FREE]: encoder.layer.22.attention.self.value.weight
2024-12-09 12:20:42,223 - INFO - root - [FREE]: encoder.layer.22.attention.self.value.bias
2024-12-09 12:20:42,223 - INFO - root - [FREE]: encoder.layer.22.attention.output.dense.weight
2024-12-09 12:20:42,223 - INFO - root - [FREE]: encoder.layer.22.attention.output.dense.bias
2024-12-09 12:20:42,223 - INFO - root - [FREE]: encoder.layer.22.attention.output.LayerNorm.weight
2024-12-09 12:20:42,223 - INFO - root - [FREE]: encoder.layer.22.attention.output.LayerNorm.bias
2024-12-09 12:20:42,223 - INFO - root - [FREE]: encoder.layer.22.intermediate.dense.weight
2024-12-09 12:20:42,223 - INFO - root - [FREE]: encoder.layer.22.intermediate.dense.bias
2024-12-09 12:20:42,223 - INFO - root - [FREE]: encoder.layer.22.output.dense.weight
2024-12-09 12:20:42,223 - INFO - root - [FREE]: encoder.layer.22.output.dense.bias
2024-12-09 12:20:42,223 - INFO - root - [FREE]: encoder.layer.22.output.LayerNorm.weight
2024-12-09 12:20:42,223 - INFO - root - [FREE]: encoder.layer.22.output.LayerNorm.bias
2024-12-09 12:20:42,223 - INFO - root - [FREE]: encoder.layer.23.attention.self.query.weight
2024-12-09 12:20:42,223 - INFO - root - [FREE]: encoder.layer.23.attention.self.query.bias
2024-12-09 12:20:42,223 - INFO - root - [FREE]: encoder.layer.23.attention.self.key.weight
2024-12-09 12:20:42,223 - INFO - root - [FREE]: encoder.layer.23.attention.self.key.bias
2024-12-09 12:20:42,223 - INFO - root - [FREE]: encoder.layer.23.attention.self.value.weight
2024-12-09 12:20:42,223 - INFO - root - [FREE]: encoder.layer.23.attention.self.value.bias
2024-12-09 12:20:42,223 - INFO - root - [FREE]: encoder.layer.23.attention.output.dense.weight
2024-12-09 12:20:42,223 - INFO - root - [FREE]: encoder.layer.23.attention.output.dense.bias
2024-12-09 12:20:42,223 - INFO - root - [FREE]: encoder.layer.23.attention.output.LayerNorm.weight
2024-12-09 12:20:42,223 - INFO - root - [FREE]: encoder.layer.23.attention.output.LayerNorm.bias
2024-12-09 12:20:42,223 - INFO - root - [FREE]: encoder.layer.23.intermediate.dense.weight
2024-12-09 12:20:42,223 - INFO - root - [FREE]: encoder.layer.23.intermediate.dense.bias
2024-12-09 12:20:42,223 - INFO - root - [FREE]: encoder.layer.23.output.dense.weight
2024-12-09 12:20:42,223 - INFO - root - [FREE]: encoder.layer.23.output.dense.bias
2024-12-09 12:20:42,223 - INFO - root - [FREE]: encoder.layer.23.output.LayerNorm.weight
2024-12-09 12:20:42,223 - INFO - root - [FREE]: encoder.layer.23.output.LayerNorm.bias
2024-12-09 12:20:42,223 - INFO - root - [FREE]: pooler.dense.weight
2024-12-09 12:20:42,223 - INFO - root - [FREE]: pooler.dense.bias
2024-12-09 12:20:42,223 - INFO - root - [FREE]: cls.predictions.bias
2024-12-09 12:20:42,223 - INFO - root - [FREE]: cls.predictions.transform.dense.weight
2024-12-09 12:20:42,223 - INFO - root - [FREE]: cls.predictions.transform.dense.bias
2024-12-09 12:20:42,223 - INFO - root - [FREE]: cls.predictions.transform.LayerNorm.weight
2024-12-09 12:20:42,223 - INFO - root - [FREE]: cls.predictions.transform.LayerNorm.bias
2024-12-09 12:20:42,223 - INFO - root - [FREE]: cls.predictions.decoder.weight
2024-12-09 12:20:42,223 - INFO - root - [FREE]: classifier.weight
2024-12-09 12:20:42,223 - INFO - root - [FREE]: classifier.bias
2024-12-09 12:20:42,225 - INFO - /home/yifei/code/NLP/BERT-EM/fintune.py - Starting training process...
2024-12-09 12:20:42,225 - INFO - /home/yifei/code/NLP/BERT-EM/fintune.py - Found preprocessed finetune data, loading from files...
2024-12-09 12:20:42,228 - INFO - /home/yifei/code/NLP/BERT-EM/dataset.py - Tokenizing and encoding sentences...
2024-12-09 12:20:45,964 - INFO - /home/yifei/code/NLP/BERT-EM/dataset.py - Tokenizing and encoding sentences...
2024-12-09 12:20:47,808 - INFO - /home/yifei/code/NLP/BERT-EM/fintune.py - [Epoch: 1, Step: 0] Train Loss: 3.02580, Train Accuracy: 0.05469
2024-12-09 12:20:49,054 - INFO - /home/yifei/code/NLP/BERT-EM/fintune.py - [Epoch: 1, Step: 6] Train Loss: 2.68998, Train Accuracy: 0.17188
2024-12-09 12:20:50,272 - INFO - /home/yifei/code/NLP/BERT-EM/fintune.py - [Epoch: 1, Step: 12] Train Loss: 2.57555, Train Accuracy: 0.19531
2024-12-09 12:20:51,537 - INFO - /home/yifei/code/NLP/BERT-EM/fintune.py - [Epoch: 1, Step: 18] Train Loss: 2.33643, Train Accuracy: 0.31250
2024-12-09 12:20:52,870 - INFO - /home/yifei/code/NLP/BERT-EM/fintune.py - [Epoch: 1, Step: 24] Train Loss: 2.13172, Train Accuracy: 0.38281
2024-12-09 12:20:54,084 - INFO - /home/yifei/code/NLP/BERT-EM/fintune.py - [Epoch: 1, Step: 30] Train Loss: 2.02147, Train Accuracy: 0.39062
2024-12-09 12:20:55,300 - INFO - /home/yifei/code/NLP/BERT-EM/fintune.py - [Epoch: 1, Step: 36] Train Loss: 1.76673, Train Accuracy: 0.49219
2024-12-09 12:20:56,624 - INFO - /home/yifei/code/NLP/BERT-EM/fintune.py - [Epoch: 1, Step: 42] Train Loss: 1.65913, Train Accuracy: 0.51562
2024-12-09 12:20:57,977 - INFO - /home/yifei/code/NLP/BERT-EM/fintune.py - [Epoch: 1, Step: 48] Train Loss: 1.47263, Train Accuracy: 0.55469
2024-12-09 12:20:59,203 - INFO - /home/yifei/code/NLP/BERT-EM/fintune.py - [Epoch: 1, Step: 54] Train Loss: 1.54414, Train Accuracy: 0.50000
2024-12-09 12:21:00,566 - INFO - /home/yifei/code/NLP/BERT-EM/fintune.py - [Epoch: 1, Step: 60] Train Loss: 1.27836, Train Accuracy: 0.60156
2024-12-09 12:21:00,822 - INFO - /home/yifei/code/NLP/BERT-EM/fintune.py - Epoch 1 - Train Loss: 2.0456301515752617, Train Accuracy: 0.37926136363636365
2024-12-09 12:21:03,969 - INFO - /home/yifei/code/NLP/BERT-EM/fintune.py - Epoch 1 - Test F1: 68.27
2024-12-09 12:21:03,969 - INFO - /home/yifei/code/NLP/BERT-EM/fintune.py - Saving best model...
2024-12-09 12:21:06,478 - INFO - /home/yifei/code/NLP/BERT-EM/fintune.py - [Epoch: 2, Step: 66] Train Loss: 1.19712, Train Accuracy: 0.64844
2024-12-09 12:21:07,821 - INFO - /home/yifei/code/NLP/BERT-EM/fintune.py - [Epoch: 2, Step: 72] Train Loss: 1.15111, Train Accuracy: 0.64844
2024-12-09 12:21:09,047 - INFO - /home/yifei/code/NLP/BERT-EM/fintune.py - [Epoch: 2, Step: 78] Train Loss: 0.96591, Train Accuracy: 0.67969
2024-12-09 12:21:10,372 - INFO - /home/yifei/code/NLP/BERT-EM/fintune.py - [Epoch: 2, Step: 84] Train Loss: 0.85292, Train Accuracy: 0.77344
2024-12-09 12:21:11,538 - INFO - /home/yifei/code/NLP/BERT-EM/fintune.py - [Epoch: 2, Step: 90] Train Loss: 0.78244, Train Accuracy: 0.75000
2024-12-09 12:21:12,971 - INFO - /home/yifei/code/NLP/BERT-EM/fintune.py - [Epoch: 2, Step: 96] Train Loss: 0.81595, Train Accuracy: 0.73438
2024-12-09 12:21:14,211 - INFO - /home/yifei/code/NLP/BERT-EM/fintune.py - [Epoch: 2, Step: 102] Train Loss: 1.00892, Train Accuracy: 0.64062
2024-12-09 12:21:15,452 - INFO - /home/yifei/code/NLP/BERT-EM/fintune.py - [Epoch: 2, Step: 108] Train Loss: 0.81761, Train Accuracy: 0.76562
2024-12-09 12:21:16,654 - INFO - /home/yifei/code/NLP/BERT-EM/fintune.py - [Epoch: 2, Step: 114] Train Loss: 0.85037, Train Accuracy: 0.72656
2024-12-09 12:21:17,866 - INFO - /home/yifei/code/NLP/BERT-EM/fintune.py - [Epoch: 2, Step: 120] Train Loss: 0.91345, Train Accuracy: 0.69531
2024-12-09 12:21:19,052 - INFO - /home/yifei/code/NLP/BERT-EM/fintune.py - Epoch 2 - Train Loss: 0.9355803370475769, Train Accuracy: 0.70625
2024-12-09 12:21:22,199 - INFO - /home/yifei/code/NLP/BERT-EM/fintune.py - Epoch 2 - Test F1: 79.74
2024-12-09 12:21:22,200 - INFO - /home/yifei/code/NLP/BERT-EM/fintune.py - Saving best model...
2024-12-09 12:21:24,565 - INFO - /home/yifei/code/NLP/BERT-EM/fintune.py - [Epoch: 3, Step: 126] Train Loss: 0.61016, Train Accuracy: 0.81250
2024-12-09 12:21:26,187 - INFO - /home/yifei/code/NLP/BERT-EM/fintune.py - [Epoch: 3, Step: 132] Train Loss: 0.52976, Train Accuracy: 0.85938
2024-12-09 12:21:27,459 - INFO - /home/yifei/code/NLP/BERT-EM/fintune.py - [Epoch: 3, Step: 138] Train Loss: 0.62486, Train Accuracy: 0.84375
2024-12-09 12:21:28,813 - INFO - /home/yifei/code/NLP/BERT-EM/fintune.py - [Epoch: 3, Step: 144] Train Loss: 0.56151, Train Accuracy: 0.85938
2024-12-09 12:21:30,055 - INFO - /home/yifei/code/NLP/BERT-EM/fintune.py - [Epoch: 3, Step: 150] Train Loss: 0.59907, Train Accuracy: 0.80469
2024-12-09 12:21:31,431 - INFO - /home/yifei/code/NLP/BERT-EM/fintune.py - [Epoch: 3, Step: 156] Train Loss: 0.39621, Train Accuracy: 0.89844
2024-12-09 12:21:32,668 - INFO - /home/yifei/code/NLP/BERT-EM/fintune.py - [Epoch: 3, Step: 162] Train Loss: 0.59140, Train Accuracy: 0.82031
2024-12-09 12:21:34,023 - INFO - /home/yifei/code/NLP/BERT-EM/fintune.py - [Epoch: 3, Step: 168] Train Loss: 0.55055, Train Accuracy: 0.81250
2024-12-09 12:21:35,396 - INFO - /home/yifei/code/NLP/BERT-EM/fintune.py - [Epoch: 3, Step: 174] Train Loss: 0.62724, Train Accuracy: 0.83594
2024-12-09 12:21:36,713 - INFO - /home/yifei/code/NLP/BERT-EM/fintune.py - [Epoch: 3, Step: 180] Train Loss: 0.50240, Train Accuracy: 0.86719
2024-12-09 12:21:37,947 - INFO - /home/yifei/code/NLP/BERT-EM/fintune.py - [Epoch: 3, Step: 186] Train Loss: 0.56129, Train Accuracy: 0.81250
2024-12-09 12:21:38,401 - INFO - /home/yifei/code/NLP/BERT-EM/fintune.py - Epoch 3 - Train Loss: 0.5594965056939558, Train Accuracy: 0.8387784090909091
2024-12-09 12:21:41,625 - INFO - /home/yifei/code/NLP/BERT-EM/fintune.py - Epoch 3 - Test F1: 83.79
2024-12-09 12:21:41,627 - INFO - /home/yifei/code/NLP/BERT-EM/fintune.py - Saving best model...
2024-12-09 12:21:46,134 - INFO - /home/yifei/code/NLP/BERT-EM/fintune.py - [Epoch: 4, Step: 192] Train Loss: 0.44631, Train Accuracy: 0.84375
2024-12-09 12:21:47,556 - INFO - /home/yifei/code/NLP/BERT-EM/fintune.py - [Epoch: 4, Step: 198] Train Loss: 0.37235, Train Accuracy: 0.90625
2024-12-09 12:21:49,051 - INFO - /home/yifei/code/NLP/BERT-EM/fintune.py - [Epoch: 4, Step: 204] Train Loss: 0.42578, Train Accuracy: 0.89062
2024-12-09 12:21:50,359 - INFO - /home/yifei/code/NLP/BERT-EM/fintune.py - [Epoch: 4, Step: 210] Train Loss: 0.43986, Train Accuracy: 0.84375
2024-12-09 12:21:51,606 - INFO - /home/yifei/code/NLP/BERT-EM/fintune.py - [Epoch: 4, Step: 216] Train Loss: 0.47770, Train Accuracy: 0.86719
2024-12-09 12:21:53,074 - INFO - /home/yifei/code/NLP/BERT-EM/fintune.py - [Epoch: 4, Step: 222] Train Loss: 0.35193, Train Accuracy: 0.89062
2024-12-09 12:21:54,392 - INFO - /home/yifei/code/NLP/BERT-EM/fintune.py - [Epoch: 4, Step: 228] Train Loss: 0.40071, Train Accuracy: 0.87500
2024-12-09 12:21:55,662 - INFO - /home/yifei/code/NLP/BERT-EM/fintune.py - [Epoch: 4, Step: 234] Train Loss: 0.42174, Train Accuracy: 0.89062
2024-12-09 12:21:56,857 - INFO - /home/yifei/code/NLP/BERT-EM/fintune.py - [Epoch: 4, Step: 240] Train Loss: 0.44744, Train Accuracy: 0.84375
2024-12-09 12:21:58,160 - INFO - /home/yifei/code/NLP/BERT-EM/fintune.py - [Epoch: 4, Step: 246] Train Loss: 0.29628, Train Accuracy: 0.92188
2024-12-09 12:21:59,176 - INFO - /home/yifei/code/NLP/BERT-EM/fintune.py - Epoch 4 - Train Loss: 0.4080098569393158, Train Accuracy: 0.87734375
2024-12-09 12:22:02,451 - INFO - /home/yifei/code/NLP/BERT-EM/fintune.py - Epoch 4 - Test F1: 84.71
2024-12-09 12:22:02,452 - INFO - /home/yifei/code/NLP/BERT-EM/fintune.py - Saving best model...
2024-12-09 12:22:05,826 - INFO - /home/yifei/code/NLP/BERT-EM/fintune.py - [Epoch: 5, Step: 252] Train Loss: 0.34576, Train Accuracy: 0.88281
2024-12-09 12:22:07,229 - INFO - /home/yifei/code/NLP/BERT-EM/fintune.py - [Epoch: 5, Step: 258] Train Loss: 0.35482, Train Accuracy: 0.90625
2024-12-09 12:22:08,430 - INFO - /home/yifei/code/NLP/BERT-EM/fintune.py - [Epoch: 5, Step: 264] Train Loss: 0.31936, Train Accuracy: 0.95312
2024-12-09 12:22:09,666 - INFO - /home/yifei/code/NLP/BERT-EM/fintune.py - [Epoch: 5, Step: 270] Train Loss: 0.34430, Train Accuracy: 0.90625
2024-12-09 12:22:11,044 - INFO - /home/yifei/code/NLP/BERT-EM/fintune.py - [Epoch: 5, Step: 276] Train Loss: 0.29551, Train Accuracy: 0.94531
2024-12-09 12:22:12,330 - INFO - /home/yifei/code/NLP/BERT-EM/fintune.py - [Epoch: 5, Step: 282] Train Loss: 0.33628, Train Accuracy: 0.89844
2024-12-09 12:22:13,612 - INFO - /home/yifei/code/NLP/BERT-EM/fintune.py - [Epoch: 5, Step: 288] Train Loss: 0.42123, Train Accuracy: 0.89062
2024-12-09 12:22:15,054 - INFO - /home/yifei/code/NLP/BERT-EM/fintune.py - [Epoch: 5, Step: 294] Train Loss: 0.32170, Train Accuracy: 0.90625
2024-12-09 12:22:16,183 - INFO - /home/yifei/code/NLP/BERT-EM/fintune.py - [Epoch: 5, Step: 300] Train Loss: 0.29918, Train Accuracy: 0.90625
2024-12-09 12:22:17,440 - INFO - /home/yifei/code/NLP/BERT-EM/fintune.py - [Epoch: 5, Step: 306] Train Loss: 0.23997, Train Accuracy: 0.94531
2024-12-09 12:22:18,512 - INFO - /home/yifei/code/NLP/BERT-EM/fintune.py - [Epoch: 5, Step: 312] Train Loss: 0.39979, Train Accuracy: 0.88281
2024-12-09 12:22:18,849 - INFO - /home/yifei/code/NLP/BERT-EM/fintune.py - Epoch 5 - Train Loss: 0.3343546444719488, Train Accuracy: 0.9112215909090909
2024-12-09 12:22:22,000 - INFO - /home/yifei/code/NLP/BERT-EM/fintune.py - Epoch 5 - Test F1: 84.88
2024-12-09 12:22:22,001 - INFO - /home/yifei/code/NLP/BERT-EM/fintune.py - Saving best model...
2024-12-09 12:22:25,034 - INFO - /home/yifei/code/NLP/BERT-EM/fintune.py - [Epoch: 6, Step: 318] Train Loss: 0.22233, Train Accuracy: 0.94531
2024-12-09 12:22:26,310 - INFO - /home/yifei/code/NLP/BERT-EM/fintune.py - [Epoch: 6, Step: 324] Train Loss: 0.27361, Train Accuracy: 0.94531
2024-12-09 12:22:27,551 - INFO - /home/yifei/code/NLP/BERT-EM/fintune.py - [Epoch: 6, Step: 330] Train Loss: 0.29775, Train Accuracy: 0.91406
2024-12-09 12:22:28,724 - INFO - /home/yifei/code/NLP/BERT-EM/fintune.py - [Epoch: 6, Step: 336] Train Loss: 0.28305, Train Accuracy: 0.93750
2024-12-09 12:22:30,210 - INFO - /home/yifei/code/NLP/BERT-EM/fintune.py - [Epoch: 6, Step: 342] Train Loss: 0.32437, Train Accuracy: 0.89062
2024-12-09 12:22:31,515 - INFO - /home/yifei/code/NLP/BERT-EM/fintune.py - [Epoch: 6, Step: 348] Train Loss: 0.20824, Train Accuracy: 0.93750
2024-12-09 12:22:32,839 - INFO - /home/yifei/code/NLP/BERT-EM/fintune.py - [Epoch: 6, Step: 354] Train Loss: 0.23420, Train Accuracy: 0.94531
2024-12-09 12:22:34,115 - INFO - /home/yifei/code/NLP/BERT-EM/fintune.py - [Epoch: 6, Step: 360] Train Loss: 0.23673, Train Accuracy: 0.92188
2024-12-09 12:22:35,373 - INFO - /home/yifei/code/NLP/BERT-EM/fintune.py - [Epoch: 6, Step: 366] Train Loss: 0.32128, Train Accuracy: 0.91406
2024-12-09 12:22:36,586 - INFO - /home/yifei/code/NLP/BERT-EM/fintune.py - [Epoch: 6, Step: 372] Train Loss: 0.24165, Train Accuracy: 0.92188
2024-12-09 12:22:37,738 - INFO - /home/yifei/code/NLP/BERT-EM/fintune.py - Epoch 6 - Train Loss: 0.26432310193777087, Train Accuracy: 0.92734375
2024-12-09 12:22:40,891 - INFO - /home/yifei/code/NLP/BERT-EM/fintune.py - Epoch 6 - Test F1: 85.36
2024-12-09 12:22:40,892 - INFO - /home/yifei/code/NLP/BERT-EM/fintune.py - Saving best model...
2024-12-09 12:22:43,282 - INFO - /home/yifei/code/NLP/BERT-EM/fintune.py - [Epoch: 7, Step: 378] Train Loss: 0.21779, Train Accuracy: 0.94531
2024-12-09 12:22:44,554 - INFO - /home/yifei/code/NLP/BERT-EM/fintune.py - [Epoch: 7, Step: 384] Train Loss: 0.22182, Train Accuracy: 0.94531
2024-12-09 12:22:45,957 - INFO - /home/yifei/code/NLP/BERT-EM/fintune.py - [Epoch: 7, Step: 390] Train Loss: 0.15154, Train Accuracy: 0.97656
2024-12-09 12:22:47,233 - INFO - /home/yifei/code/NLP/BERT-EM/fintune.py - [Epoch: 7, Step: 396] Train Loss: 0.21120, Train Accuracy: 0.95312
2024-12-09 12:22:48,407 - INFO - /home/yifei/code/NLP/BERT-EM/fintune.py - [Epoch: 7, Step: 402] Train Loss: 0.15847, Train Accuracy: 0.96094
2024-12-09 12:22:49,627 - INFO - /home/yifei/code/NLP/BERT-EM/fintune.py - [Epoch: 7, Step: 408] Train Loss: 0.20838, Train Accuracy: 0.93750
2024-12-09 12:22:51,100 - INFO - /home/yifei/code/NLP/BERT-EM/fintune.py - [Epoch: 7, Step: 414] Train Loss: 0.16418, Train Accuracy: 0.98438
2024-12-09 12:22:52,325 - INFO - /home/yifei/code/NLP/BERT-EM/fintune.py - [Epoch: 7, Step: 420] Train Loss: 0.24742, Train Accuracy: 0.94531
2024-12-09 12:22:53,677 - INFO - /home/yifei/code/NLP/BERT-EM/fintune.py - [Epoch: 7, Step: 426] Train Loss: 0.20056, Train Accuracy: 0.95312
2024-12-09 12:22:54,895 - INFO - /home/yifei/code/NLP/BERT-EM/fintune.py - [Epoch: 7, Step: 432] Train Loss: 0.25501, Train Accuracy: 0.93750
2024-12-09 12:22:56,127 - INFO - /home/yifei/code/NLP/BERT-EM/fintune.py - [Epoch: 7, Step: 438] Train Loss: 0.21658, Train Accuracy: 0.96094
2024-12-09 12:22:56,404 - INFO - /home/yifei/code/NLP/BERT-EM/fintune.py - Epoch 7 - Train Loss: 0.20481393960389224, Train Accuracy: 0.9545454545454546
2024-12-09 12:22:59,553 - INFO - /home/yifei/code/NLP/BERT-EM/fintune.py - Epoch 7 - Test F1: 85.52
2024-12-09 12:22:59,554 - INFO - /home/yifei/code/NLP/BERT-EM/fintune.py - Saving best model...
2024-12-09 12:23:02,664 - INFO - /home/yifei/code/NLP/BERT-EM/fintune.py - [Epoch: 8, Step: 444] Train Loss: 0.20830, Train Accuracy: 0.95312
2024-12-09 12:23:03,899 - INFO - /home/yifei/code/NLP/BERT-EM/fintune.py - [Epoch: 8, Step: 450] Train Loss: 0.15261, Train Accuracy: 0.96094
2024-12-09 12:23:05,169 - INFO - /home/yifei/code/NLP/BERT-EM/fintune.py - [Epoch: 8, Step: 456] Train Loss: 0.19530, Train Accuracy: 0.94531
2024-12-09 12:23:06,422 - INFO - /home/yifei/code/NLP/BERT-EM/fintune.py - [Epoch: 8, Step: 462] Train Loss: 0.19414, Train Accuracy: 0.94531
2024-12-09 12:23:07,713 - INFO - /home/yifei/code/NLP/BERT-EM/fintune.py - [Epoch: 8, Step: 468] Train Loss: 0.15501, Train Accuracy: 0.95312
2024-12-09 12:23:09,015 - INFO - /home/yifei/code/NLP/BERT-EM/fintune.py - [Epoch: 8, Step: 474] Train Loss: 0.15128, Train Accuracy: 0.96094
2024-12-09 12:23:10,257 - INFO - /home/yifei/code/NLP/BERT-EM/fintune.py - [Epoch: 8, Step: 480] Train Loss: 0.09683, Train Accuracy: 1.00000
2024-12-09 12:23:11,579 - INFO - /home/yifei/code/NLP/BERT-EM/fintune.py - [Epoch: 8, Step: 486] Train Loss: 0.16711, Train Accuracy: 0.96875
2024-12-09 12:23:12,877 - INFO - /home/yifei/code/NLP/BERT-EM/fintune.py - [Epoch: 8, Step: 492] Train Loss: 0.10846, Train Accuracy: 0.99219
2024-12-09 12:23:14,089 - INFO - /home/yifei/code/NLP/BERT-EM/fintune.py - [Epoch: 8, Step: 498] Train Loss: 0.12832, Train Accuracy: 0.97656
2024-12-09 12:23:15,046 - INFO - /home/yifei/code/NLP/BERT-EM/fintune.py - Epoch 8 - Train Loss: 0.15573543682694435, Train Accuracy: 0.965625
2024-12-09 12:23:18,196 - INFO - /home/yifei/code/NLP/BERT-EM/fintune.py - Epoch 8 - Test F1: 85.36
2024-12-09 12:23:18,438 - INFO - /home/yifei/code/NLP/BERT-EM/fintune.py - [Epoch: 9, Step: 504] Train Loss: 0.14485, Train Accuracy: 0.98438
2024-12-09 12:23:19,648 - INFO - /home/yifei/code/NLP/BERT-EM/fintune.py - [Epoch: 9, Step: 510] Train Loss: 0.13802, Train Accuracy: 0.96875
2024-12-09 12:23:21,026 - INFO - /home/yifei/code/NLP/BERT-EM/fintune.py - [Epoch: 9, Step: 516] Train Loss: 0.15602, Train Accuracy: 0.97656
2024-12-09 12:23:22,395 - INFO - /home/yifei/code/NLP/BERT-EM/fintune.py - [Epoch: 9, Step: 522] Train Loss: 0.11440, Train Accuracy: 0.98438
2024-12-09 12:23:23,578 - INFO - /home/yifei/code/NLP/BERT-EM/fintune.py - [Epoch: 9, Step: 528] Train Loss: 0.14448, Train Accuracy: 0.98438
2024-12-09 12:23:24,851 - INFO - /home/yifei/code/NLP/BERT-EM/fintune.py - [Epoch: 9, Step: 534] Train Loss: 0.09387, Train Accuracy: 0.99219
2024-12-09 12:23:26,094 - INFO - /home/yifei/code/NLP/BERT-EM/fintune.py - [Epoch: 9, Step: 540] Train Loss: 0.10363, Train Accuracy: 1.00000
2024-12-09 12:23:27,335 - INFO - /home/yifei/code/NLP/BERT-EM/fintune.py - [Epoch: 9, Step: 546] Train Loss: 0.15630, Train Accuracy: 0.97656
2024-12-09 12:23:28,831 - INFO - /home/yifei/code/NLP/BERT-EM/fintune.py - [Epoch: 9, Step: 552] Train Loss: 0.12789, Train Accuracy: 0.96094
2024-12-09 12:23:30,033 - INFO - /home/yifei/code/NLP/BERT-EM/fintune.py - [Epoch: 9, Step: 558] Train Loss: 0.10536, Train Accuracy: 0.98438
2024-12-09 12:23:31,288 - INFO - /home/yifei/code/NLP/BERT-EM/fintune.py - [Epoch: 9, Step: 564] Train Loss: 0.11452, Train Accuracy: 0.97656
2024-12-09 12:23:31,559 - INFO - /home/yifei/code/NLP/BERT-EM/fintune.py - Epoch 9 - Train Loss: 0.12721188163215463, Train Accuracy: 0.9808238636363636
2024-12-09 12:23:34,708 - INFO - /home/yifei/code/NLP/BERT-EM/fintune.py - Epoch 9 - Test F1: 85.34
2024-12-09 12:23:35,514 - INFO - /home/yifei/code/NLP/BERT-EM/fintune.py - [Epoch: 10, Step: 570] Train Loss: 0.10740, Train Accuracy: 0.98438
2024-12-09 12:23:36,799 - INFO - /home/yifei/code/NLP/BERT-EM/fintune.py - [Epoch: 10, Step: 576] Train Loss: 0.10293, Train Accuracy: 0.97656
2024-12-09 12:23:38,189 - INFO - /home/yifei/code/NLP/BERT-EM/fintune.py - [Epoch: 10, Step: 582] Train Loss: 0.13074, Train Accuracy: 0.96875
2024-12-09 12:23:39,410 - INFO - /home/yifei/code/NLP/BERT-EM/fintune.py - [Epoch: 10, Step: 588] Train Loss: 0.13791, Train Accuracy: 0.98438
2024-12-09 12:23:40,708 - INFO - /home/yifei/code/NLP/BERT-EM/fintune.py - [Epoch: 10, Step: 594] Train Loss: 0.09913, Train Accuracy: 0.99219
2024-12-09 12:23:42,039 - INFO - /home/yifei/code/NLP/BERT-EM/fintune.py - [Epoch: 10, Step: 600] Train Loss: 0.08640, Train Accuracy: 0.99219
2024-12-09 12:23:43,320 - INFO - /home/yifei/code/NLP/BERT-EM/fintune.py - [Epoch: 10, Step: 606] Train Loss: 0.07758, Train Accuracy: 0.99219
2024-12-09 12:23:44,503 - INFO - /home/yifei/code/NLP/BERT-EM/fintune.py - [Epoch: 10, Step: 612] Train Loss: 0.11139, Train Accuracy: 0.99219
2024-12-09 12:23:45,908 - INFO - /home/yifei/code/NLP/BERT-EM/fintune.py - [Epoch: 10, Step: 618] Train Loss: 0.13287, Train Accuracy: 0.96875
2024-12-09 12:23:46,991 - INFO - /home/yifei/code/NLP/BERT-EM/fintune.py - [Epoch: 10, Step: 624] Train Loss: 0.09166, Train Accuracy: 0.99219
2024-12-09 12:23:47,994 - INFO - /home/yifei/code/NLP/BERT-EM/fintune.py - Epoch 10 - Train Loss: 0.10780171900987626, Train Accuracy: 0.984375
2024-12-09 12:23:51,147 - INFO - /home/yifei/code/NLP/BERT-EM/fintune.py - Epoch 10 - Test F1: 85.12
2024-12-09 12:23:51,344 - INFO - /home/yifei/code/NLP/BERT-EM/fintune.py - [Epoch: 11, Step: 630] Train Loss: 0.13228, Train Accuracy: 0.96094
2024-12-09 12:23:52,555 - INFO - /home/yifei/code/NLP/BERT-EM/fintune.py - [Epoch: 11, Step: 636] Train Loss: 0.09230, Train Accuracy: 0.98438
2024-12-09 12:23:53,705 - INFO - /home/yifei/code/NLP/BERT-EM/fintune.py - [Epoch: 11, Step: 642] Train Loss: 0.10835, Train Accuracy: 0.97656
2024-12-09 12:23:55,102 - INFO - /home/yifei/code/NLP/BERT-EM/fintune.py - [Epoch: 11, Step: 648] Train Loss: 0.09521, Train Accuracy: 0.99219
2024-12-09 12:23:56,335 - INFO - /home/yifei/code/NLP/BERT-EM/fintune.py - [Epoch: 11, Step: 654] Train Loss: 0.08339, Train Accuracy: 0.98438
2024-12-09 12:23:57,550 - INFO - /home/yifei/code/NLP/BERT-EM/fintune.py - [Epoch: 11, Step: 660] Train Loss: 0.12129, Train Accuracy: 0.96094
2024-12-09 12:23:58,872 - INFO - /home/yifei/code/NLP/BERT-EM/fintune.py - [Epoch: 11, Step: 666] Train Loss: 0.11729, Train Accuracy: 0.98438
2024-12-09 12:24:00,177 - INFO - /home/yifei/code/NLP/BERT-EM/fintune.py - [Epoch: 11, Step: 672] Train Loss: 0.09858, Train Accuracy: 0.98438
2024-12-09 12:24:01,481 - INFO - /home/yifei/code/NLP/BERT-EM/fintune.py - [Epoch: 11, Step: 678] Train Loss: 0.10192, Train Accuracy: 0.99219
2024-12-09 12:24:02,739 - INFO - /home/yifei/code/NLP/BERT-EM/fintune.py - [Epoch: 11, Step: 684] Train Loss: 0.07582, Train Accuracy: 0.99219
2024-12-09 12:24:03,950 - INFO - /home/yifei/code/NLP/BERT-EM/fintune.py - [Epoch: 11, Step: 690] Train Loss: 0.12331, Train Accuracy: 0.99219
2024-12-09 12:24:04,417 - INFO - /home/yifei/code/NLP/BERT-EM/fintune.py - Epoch 11 - Train Loss: 0.10452124205502597, Train Accuracy: 0.9822443181818182
2024-12-09 12:24:07,600 - INFO - /home/yifei/code/NLP/BERT-EM/fintune.py - Epoch 11 - Test F1: 85.53
2024-12-09 12:24:07,601 - INFO - /home/yifei/code/NLP/BERT-EM/fintune.py - Saving best model...
2024-12-09 12:24:11,027 - INFO - /home/yifei/code/NLP/BERT-EM/fintune.py - [Epoch: 12, Step: 696] Train Loss: 0.09504, Train Accuracy: 0.98438
2024-12-09 12:24:12,272 - INFO - /home/yifei/code/NLP/BERT-EM/fintune.py - [Epoch: 12, Step: 702] Train Loss: 0.10731, Train Accuracy: 0.97656
2024-12-09 12:24:13,614 - INFO - /home/yifei/code/NLP/BERT-EM/fintune.py - [Epoch: 12, Step: 708] Train Loss: 0.09012, Train Accuracy: 0.98438
2024-12-09 12:24:14,705 - INFO - /home/yifei/code/NLP/BERT-EM/fintune.py - [Epoch: 12, Step: 714] Train Loss: 0.09692, Train Accuracy: 0.99219
2024-12-09 12:24:15,875 - INFO - /home/yifei/code/NLP/BERT-EM/fintune.py - [Epoch: 12, Step: 720] Train Loss: 0.07169, Train Accuracy: 1.00000
2024-12-09 12:24:17,120 - INFO - /home/yifei/code/NLP/BERT-EM/fintune.py - [Epoch: 12, Step: 726] Train Loss: 0.07710, Train Accuracy: 0.99219
2024-12-09 12:24:18,348 - INFO - /home/yifei/code/NLP/BERT-EM/fintune.py - [Epoch: 12, Step: 732] Train Loss: 0.07258, Train Accuracy: 1.00000
2024-12-09 12:24:19,741 - INFO - /home/yifei/code/NLP/BERT-EM/fintune.py - [Epoch: 12, Step: 738] Train Loss: 0.06440, Train Accuracy: 0.99219
2024-12-09 12:24:21,063 - INFO - /home/yifei/code/NLP/BERT-EM/fintune.py - [Epoch: 12, Step: 744] Train Loss: 0.08347, Train Accuracy: 0.98438
2024-12-09 12:24:22,454 - INFO - /home/yifei/code/NLP/BERT-EM/fintune.py - [Epoch: 12, Step: 750] Train Loss: 0.08078, Train Accuracy: 0.98438
2024-12-09 12:24:23,432 - INFO - /home/yifei/code/NLP/BERT-EM/fintune.py - Epoch 12 - Train Loss: 0.08393986448645592, Train Accuracy: 0.9890625
2024-12-09 12:24:26,670 - INFO - /home/yifei/code/NLP/BERT-EM/fintune.py - Epoch 12 - Test F1: 85.38
2024-12-09 12:24:27,020 - INFO - /home/yifei/code/NLP/BERT-EM/fintune.py - [Epoch: 13, Step: 756] Train Loss: 0.06965, Train Accuracy: 0.99219
2024-12-09 12:24:28,414 - INFO - /home/yifei/code/NLP/BERT-EM/fintune.py - [Epoch: 13, Step: 762] Train Loss: 0.04973, Train Accuracy: 1.00000
2024-12-09 12:24:29,729 - INFO - /home/yifei/code/NLP/BERT-EM/fintune.py - [Epoch: 13, Step: 768] Train Loss: 0.05840, Train Accuracy: 1.00000
2024-12-09 12:24:30,882 - INFO - /home/yifei/code/NLP/BERT-EM/fintune.py - [Epoch: 13, Step: 774] Train Loss: 0.07112, Train Accuracy: 0.99219
2024-12-09 12:24:32,176 - INFO - /home/yifei/code/NLP/BERT-EM/fintune.py - [Epoch: 13, Step: 780] Train Loss: 0.06395, Train Accuracy: 1.00000
2024-12-09 12:24:33,617 - INFO - /home/yifei/code/NLP/BERT-EM/fintune.py - [Epoch: 13, Step: 786] Train Loss: 0.05919, Train Accuracy: 0.98438
2024-12-09 12:24:35,030 - INFO - /home/yifei/code/NLP/BERT-EM/fintune.py - [Epoch: 13, Step: 792] Train Loss: 0.06476, Train Accuracy: 0.99219
2024-12-09 12:24:36,325 - INFO - /home/yifei/code/NLP/BERT-EM/fintune.py - [Epoch: 13, Step: 798] Train Loss: 0.08087, Train Accuracy: 0.99219
2024-12-09 12:24:37,689 - INFO - /home/yifei/code/NLP/BERT-EM/fintune.py - [Epoch: 13, Step: 804] Train Loss: 0.06192, Train Accuracy: 1.00000
2024-12-09 12:24:38,939 - INFO - /home/yifei/code/NLP/BERT-EM/fintune.py - [Epoch: 13, Step: 810] Train Loss: 0.08577, Train Accuracy: 0.98438
2024-12-09 12:24:40,129 - INFO - /home/yifei/code/NLP/BERT-EM/fintune.py - [Epoch: 13, Step: 816] Train Loss: 0.06827, Train Accuracy: 0.99219
2024-12-09 12:24:40,409 - INFO - /home/yifei/code/NLP/BERT-EM/fintune.py - Epoch 13 - Train Loss: 0.06669283184138211, Train Accuracy: 0.9936079545454546
2024-12-09 12:24:43,654 - INFO - /home/yifei/code/NLP/BERT-EM/fintune.py - Epoch 13 - Test F1: 85.56
2024-12-09 12:24:43,655 - INFO - /home/yifei/code/NLP/BERT-EM/fintune.py - Saving best model...
2024-12-09 12:24:48,150 - INFO - /home/yifei/code/NLP/BERT-EM/fintune.py - [Epoch: 14, Step: 822] Train Loss: 0.05619, Train Accuracy: 1.00000
2024-12-09 12:24:49,575 - INFO - /home/yifei/code/NLP/BERT-EM/fintune.py - [Epoch: 14, Step: 828] Train Loss: 0.06428, Train Accuracy: 1.00000
2024-12-09 12:24:50,964 - INFO - /home/yifei/code/NLP/BERT-EM/fintune.py - [Epoch: 14, Step: 834] Train Loss: 0.06132, Train Accuracy: 1.00000
2024-12-09 12:24:52,200 - INFO - /home/yifei/code/NLP/BERT-EM/fintune.py - [Epoch: 14, Step: 840] Train Loss: 0.05698, Train Accuracy: 0.99219
2024-12-09 12:24:53,602 - INFO - /home/yifei/code/NLP/BERT-EM/fintune.py - [Epoch: 14, Step: 846] Train Loss: 0.06576, Train Accuracy: 1.00000
2024-12-09 12:24:54,811 - INFO - /home/yifei/code/NLP/BERT-EM/fintune.py - [Epoch: 14, Step: 852] Train Loss: 0.07026, Train Accuracy: 0.98438
2024-12-09 12:24:56,080 - INFO - /home/yifei/code/NLP/BERT-EM/fintune.py - [Epoch: 14, Step: 858] Train Loss: 0.04277, Train Accuracy: 1.00000
2024-12-09 12:24:57,433 - INFO - /home/yifei/code/NLP/BERT-EM/fintune.py - [Epoch: 14, Step: 864] Train Loss: 0.08058, Train Accuracy: 0.98438
2024-12-09 12:24:58,699 - INFO - /home/yifei/code/NLP/BERT-EM/fintune.py - [Epoch: 14, Step: 870] Train Loss: 0.08091, Train Accuracy: 0.98438
2024-12-09 12:25:00,057 - INFO - /home/yifei/code/NLP/BERT-EM/fintune.py - [Epoch: 14, Step: 876] Train Loss: 0.10762, Train Accuracy: 0.97656
2024-12-09 12:25:01,061 - INFO - /home/yifei/code/NLP/BERT-EM/fintune.py - Epoch 14 - Train Loss: 0.0686665128916502, Train Accuracy: 0.9921875
2024-12-09 12:25:04,372 - INFO - /home/yifei/code/NLP/BERT-EM/fintune.py - Epoch 14 - Test F1: 85.71
2024-12-09 12:25:04,373 - INFO - /home/yifei/code/NLP/BERT-EM/fintune.py - Saving best model...
2024-12-09 12:25:08,043 - INFO - /home/yifei/code/NLP/BERT-EM/fintune.py - [Epoch: 15, Step: 882] Train Loss: 0.06160, Train Accuracy: 0.99219
2024-12-09 12:25:09,346 - INFO - /home/yifei/code/NLP/BERT-EM/fintune.py - [Epoch: 15, Step: 888] Train Loss: 0.07161, Train Accuracy: 0.99219
2024-12-09 12:25:10,595 - INFO - /home/yifei/code/NLP/BERT-EM/fintune.py - [Epoch: 15, Step: 894] Train Loss: 0.06668, Train Accuracy: 0.99219
2024-12-09 12:25:12,091 - INFO - /home/yifei/code/NLP/BERT-EM/fintune.py - [Epoch: 15, Step: 900] Train Loss: 0.04054, Train Accuracy: 0.99219
2024-12-09 12:25:13,477 - INFO - /home/yifei/code/NLP/BERT-EM/fintune.py - [Epoch: 15, Step: 906] Train Loss: 0.04670, Train Accuracy: 1.00000
2024-12-09 12:25:14,859 - INFO - /home/yifei/code/NLP/BERT-EM/fintune.py - [Epoch: 15, Step: 912] Train Loss: 0.04778, Train Accuracy: 1.00000
2024-12-09 12:25:16,102 - INFO - /home/yifei/code/NLP/BERT-EM/fintune.py - [Epoch: 15, Step: 918] Train Loss: 0.03721, Train Accuracy: 1.00000
2024-12-09 12:25:17,400 - INFO - /home/yifei/code/NLP/BERT-EM/fintune.py - [Epoch: 15, Step: 924] Train Loss: 0.06375, Train Accuracy: 0.99219
2024-12-09 12:25:18,803 - INFO - /home/yifei/code/NLP/BERT-EM/fintune.py - [Epoch: 15, Step: 930] Train Loss: 0.03110, Train Accuracy: 1.00000
2024-12-09 12:25:20,068 - INFO - /home/yifei/code/NLP/BERT-EM/fintune.py - [Epoch: 15, Step: 936] Train Loss: 0.04414, Train Accuracy: 1.00000
2024-12-09 12:25:21,454 - INFO - /home/yifei/code/NLP/BERT-EM/fintune.py - [Epoch: 15, Step: 942] Train Loss: 0.04511, Train Accuracy: 1.00000
2024-12-09 12:25:21,820 - INFO - /home/yifei/code/NLP/BERT-EM/fintune.py - Epoch 15 - Train Loss: 0.05056364190849391, Train Accuracy: 0.9964488636363636
2024-12-09 12:25:25,074 - INFO - /home/yifei/code/NLP/BERT-EM/fintune.py - Epoch 15 - Test F1: 85.54
2024-12-09 12:25:25,936 - INFO - /home/yifei/code/NLP/BERT-EM/fintune.py - [Epoch: 16, Step: 948] Train Loss: 0.03909, Train Accuracy: 1.00000
2024-12-09 12:25:27,187 - INFO - /home/yifei/code/NLP/BERT-EM/fintune.py - [Epoch: 16, Step: 954] Train Loss: 0.05313, Train Accuracy: 0.99219
2024-12-09 12:25:28,418 - INFO - /home/yifei/code/NLP/BERT-EM/fintune.py - [Epoch: 16, Step: 960] Train Loss: 0.03867, Train Accuracy: 1.00000
2024-12-09 12:25:29,820 - INFO - /home/yifei/code/NLP/BERT-EM/fintune.py - [Epoch: 16, Step: 966] Train Loss: 0.04884, Train Accuracy: 1.00000
2024-12-09 12:25:31,205 - INFO - /home/yifei/code/NLP/BERT-EM/fintune.py - [Epoch: 16, Step: 972] Train Loss: 0.05337, Train Accuracy: 1.00000
2024-12-09 12:25:32,444 - INFO - /home/yifei/code/NLP/BERT-EM/fintune.py - [Epoch: 16, Step: 978] Train Loss: 0.04949, Train Accuracy: 0.99219
2024-12-09 12:25:33,763 - INFO - /home/yifei/code/NLP/BERT-EM/fintune.py - [Epoch: 16, Step: 984] Train Loss: 0.04374, Train Accuracy: 1.00000
2024-12-09 12:25:34,997 - INFO - /home/yifei/code/NLP/BERT-EM/fintune.py - [Epoch: 16, Step: 990] Train Loss: 0.04201, Train Accuracy: 1.00000
2024-12-09 12:25:36,219 - INFO - /home/yifei/code/NLP/BERT-EM/fintune.py - [Epoch: 16, Step: 996] Train Loss: 0.03377, Train Accuracy: 1.00000
2024-12-09 12:25:37,421 - INFO - /home/yifei/code/NLP/BERT-EM/fintune.py - [Epoch: 16, Step: 1002] Train Loss: 0.04648, Train Accuracy: 1.00000
2024-12-09 12:25:38,348 - INFO - /home/yifei/code/NLP/BERT-EM/fintune.py - Epoch 16 - Train Loss: 0.04486033990979195, Train Accuracy: 0.9984375
2024-12-09 12:25:41,510 - INFO - /home/yifei/code/NLP/BERT-EM/fintune.py - Epoch 16 - Test F1: 85.45
2024-12-09 12:25:41,755 - INFO - /home/yifei/code/NLP/BERT-EM/fintune.py - [Epoch: 17, Step: 1008] Train Loss: 0.04026, Train Accuracy: 0.99219
2024-12-09 12:25:43,064 - INFO - /home/yifei/code/NLP/BERT-EM/fintune.py - [Epoch: 17, Step: 1014] Train Loss: 0.05126, Train Accuracy: 0.99219
2024-12-09 12:25:44,233 - INFO - /home/yifei/code/NLP/BERT-EM/fintune.py - [Epoch: 17, Step: 1020] Train Loss: 0.03557, Train Accuracy: 1.00000
2024-12-09 12:25:45,339 - INFO - /home/yifei/code/NLP/BERT-EM/fintune.py - [Epoch: 17, Step: 1026] Train Loss: 0.05343, Train Accuracy: 1.00000
2024-12-09 12:25:46,637 - INFO - /home/yifei/code/NLP/BERT-EM/fintune.py - [Epoch: 17, Step: 1032] Train Loss: 0.03327, Train Accuracy: 1.00000
2024-12-09 12:25:48,081 - INFO - /home/yifei/code/NLP/BERT-EM/fintune.py - [Epoch: 17, Step: 1038] Train Loss: 0.02854, Train Accuracy: 1.00000
2024-12-09 12:25:49,296 - INFO - /home/yifei/code/NLP/BERT-EM/fintune.py - [Epoch: 17, Step: 1044] Train Loss: 0.02527, Train Accuracy: 1.00000
2024-12-09 12:25:50,682 - INFO - /home/yifei/code/NLP/BERT-EM/fintune.py - [Epoch: 17, Step: 1050] Train Loss: 0.04784, Train Accuracy: 1.00000
2024-12-09 12:25:52,047 - INFO - /home/yifei/code/NLP/BERT-EM/fintune.py - [Epoch: 17, Step: 1056] Train Loss: 0.04493, Train Accuracy: 1.00000
2024-12-09 12:25:53,253 - INFO - /home/yifei/code/NLP/BERT-EM/fintune.py - [Epoch: 17, Step: 1062] Train Loss: 0.05754, Train Accuracy: 0.98438
2024-12-09 12:25:54,465 - INFO - /home/yifei/code/NLP/BERT-EM/fintune.py - [Epoch: 17, Step: 1068] Train Loss: 0.03558, Train Accuracy: 1.00000
2024-12-09 12:25:54,728 - INFO - /home/yifei/code/NLP/BERT-EM/fintune.py - Epoch 17 - Train Loss: 0.041227140379222954, Train Accuracy: 0.9971590909090909
2024-12-09 12:25:57,887 - INFO - /home/yifei/code/NLP/BERT-EM/fintune.py - Epoch 17 - Test F1: 85.26
2024-12-09 12:25:58,697 - INFO - /home/yifei/code/NLP/BERT-EM/fintune.py - [Epoch: 18, Step: 1074] Train Loss: 0.04410, Train Accuracy: 1.00000
2024-12-09 12:25:59,926 - INFO - /home/yifei/code/NLP/BERT-EM/fintune.py - [Epoch: 18, Step: 1080] Train Loss: 0.05452, Train Accuracy: 1.00000
2024-12-09 12:26:01,037 - INFO - /home/yifei/code/NLP/BERT-EM/fintune.py - [Epoch: 18, Step: 1086] Train Loss: 0.02926, Train Accuracy: 1.00000
2024-12-09 12:26:02,402 - INFO - /home/yifei/code/NLP/BERT-EM/fintune.py - [Epoch: 18, Step: 1092] Train Loss: 0.02951, Train Accuracy: 1.00000
2024-12-09 12:26:03,639 - INFO - /home/yifei/code/NLP/BERT-EM/fintune.py - [Epoch: 18, Step: 1098] Train Loss: 0.03552, Train Accuracy: 1.00000
2024-12-09 12:26:05,077 - INFO - /home/yifei/code/NLP/BERT-EM/fintune.py - [Epoch: 18, Step: 1104] Train Loss: 0.04455, Train Accuracy: 1.00000
2024-12-09 12:26:06,443 - INFO - /home/yifei/code/NLP/BERT-EM/fintune.py - [Epoch: 18, Step: 1110] Train Loss: 0.03975, Train Accuracy: 0.99219
2024-12-09 12:26:07,871 - INFO - /home/yifei/code/NLP/BERT-EM/fintune.py - [Epoch: 18, Step: 1116] Train Loss: 0.03445, Train Accuracy: 1.00000
2024-12-09 12:26:09,087 - INFO - /home/yifei/code/NLP/BERT-EM/fintune.py - [Epoch: 18, Step: 1122] Train Loss: 0.04347, Train Accuracy: 1.00000
2024-12-09 12:26:10,288 - INFO - /home/yifei/code/NLP/BERT-EM/fintune.py - [Epoch: 18, Step: 1128] Train Loss: 0.05173, Train Accuracy: 0.98438
2024-12-09 12:26:11,300 - INFO - /home/yifei/code/NLP/BERT-EM/fintune.py - Epoch 18 - Train Loss: 0.040685450471937654, Train Accuracy: 0.99765625
2024-12-09 12:26:14,463 - INFO - /home/yifei/code/NLP/BERT-EM/fintune.py - Epoch 18 - Test F1: 85.38
2024-12-09 12:26:14,649 - INFO - /home/yifei/code/NLP/BERT-EM/fintune.py - [Epoch: 19, Step: 1134] Train Loss: 0.02907, Train Accuracy: 1.00000
2024-12-09 12:26:15,819 - INFO - /home/yifei/code/NLP/BERT-EM/fintune.py - [Epoch: 19, Step: 1140] Train Loss: 0.02981, Train Accuracy: 1.00000
2024-12-09 12:26:17,218 - INFO - /home/yifei/code/NLP/BERT-EM/fintune.py - [Epoch: 19, Step: 1146] Train Loss: 0.03614, Train Accuracy: 0.99219
2024-12-09 12:26:18,510 - INFO - /home/yifei/code/NLP/BERT-EM/fintune.py - [Epoch: 19, Step: 1152] Train Loss: 0.03395, Train Accuracy: 1.00000
2024-12-09 12:26:19,906 - INFO - /home/yifei/code/NLP/BERT-EM/fintune.py - [Epoch: 19, Step: 1158] Train Loss: 0.02478, Train Accuracy: 1.00000
2024-12-09 12:26:21,216 - INFO - /home/yifei/code/NLP/BERT-EM/fintune.py - [Epoch: 19, Step: 1164] Train Loss: 0.02792, Train Accuracy: 1.00000
2024-12-09 12:26:22,664 - INFO - /home/yifei/code/NLP/BERT-EM/fintune.py - [Epoch: 19, Step: 1170] Train Loss: 0.02591, Train Accuracy: 1.00000
2024-12-09 12:26:24,015 - INFO - /home/yifei/code/NLP/BERT-EM/fintune.py - [Epoch: 19, Step: 1176] Train Loss: 0.03444, Train Accuracy: 1.00000
2024-12-09 12:26:25,178 - INFO - /home/yifei/code/NLP/BERT-EM/fintune.py - [Epoch: 19, Step: 1182] Train Loss: 0.03379, Train Accuracy: 1.00000
2024-12-09 12:26:26,517 - INFO - /home/yifei/code/NLP/BERT-EM/fintune.py - [Epoch: 19, Step: 1188] Train Loss: 0.03715, Train Accuracy: 1.00000
2024-12-09 12:26:27,966 - INFO - /home/yifei/code/NLP/BERT-EM/fintune.py - [Epoch: 19, Step: 1194] Train Loss: 0.03112, Train Accuracy: 1.00000
2024-12-09 12:26:28,379 - INFO - /home/yifei/code/NLP/BERT-EM/fintune.py - Epoch 19 - Train Loss: 0.03128004869954153, Train Accuracy: 0.9992897727272727
2024-12-09 12:26:31,628 - INFO - /home/yifei/code/NLP/BERT-EM/fintune.py - Epoch 19 - Test F1: 85.45
2024-12-09 12:26:32,427 - INFO - /home/yifei/code/NLP/BERT-EM/fintune.py - [Epoch: 20, Step: 1200] Train Loss: 0.03288, Train Accuracy: 1.00000
2024-12-09 12:26:33,684 - INFO - /home/yifei/code/NLP/BERT-EM/fintune.py - [Epoch: 20, Step: 1206] Train Loss: 0.02819, Train Accuracy: 1.00000
2024-12-09 12:26:35,041 - INFO - /home/yifei/code/NLP/BERT-EM/fintune.py - [Epoch: 20, Step: 1212] Train Loss: 0.03024, Train Accuracy: 1.00000
2024-12-09 12:26:36,280 - INFO - /home/yifei/code/NLP/BERT-EM/fintune.py - [Epoch: 20, Step: 1218] Train Loss: 0.02153, Train Accuracy: 1.00000
2024-12-09 12:26:37,527 - INFO - /home/yifei/code/NLP/BERT-EM/fintune.py - [Epoch: 20, Step: 1224] Train Loss: 0.03528, Train Accuracy: 0.99219
2024-12-09 12:26:38,819 - INFO - /home/yifei/code/NLP/BERT-EM/fintune.py - [Epoch: 20, Step: 1230] Train Loss: 0.02874, Train Accuracy: 1.00000
2024-12-09 12:26:40,101 - INFO - /home/yifei/code/NLP/BERT-EM/fintune.py - [Epoch: 20, Step: 1236] Train Loss: 0.03269, Train Accuracy: 1.00000
2024-12-09 12:26:41,319 - INFO - /home/yifei/code/NLP/BERT-EM/fintune.py - [Epoch: 20, Step: 1242] Train Loss: 0.04330, Train Accuracy: 0.99219
2024-12-09 12:26:42,451 - INFO - /home/yifei/code/NLP/BERT-EM/fintune.py - [Epoch: 20, Step: 1248] Train Loss: 0.02980, Train Accuracy: 1.00000
2024-12-09 12:26:43,832 - INFO - /home/yifei/code/NLP/BERT-EM/fintune.py - [Epoch: 20, Step: 1254] Train Loss: 0.04449, Train Accuracy: 0.99219
2024-12-09 12:26:44,816 - INFO - /home/yifei/code/NLP/BERT-EM/fintune.py - Epoch 20 - Train Loss: 0.03271412719041109, Train Accuracy: 0.99765625
2024-12-09 12:26:48,070 - INFO - /home/yifei/code/NLP/BERT-EM/fintune.py - Epoch 20 - Test F1: 85.47
2024-12-09 12:26:48,257 - INFO - /home/yifei/code/NLP/BERT-EM/fintune.py - [Epoch: 21, Step: 1260] Train Loss: 0.03122, Train Accuracy: 1.00000
2024-12-09 12:26:49,582 - INFO - /home/yifei/code/NLP/BERT-EM/fintune.py - [Epoch: 21, Step: 1266] Train Loss: 0.02981, Train Accuracy: 1.00000
2024-12-09 12:26:50,786 - INFO - /home/yifei/code/NLP/BERT-EM/fintune.py - [Epoch: 21, Step: 1272] Train Loss: 0.02220, Train Accuracy: 1.00000
2024-12-09 12:26:51,870 - INFO - /home/yifei/code/NLP/BERT-EM/fintune.py - [Epoch: 21, Step: 1278] Train Loss: 0.02956, Train Accuracy: 1.00000
2024-12-09 12:26:53,296 - INFO - /home/yifei/code/NLP/BERT-EM/fintune.py - [Epoch: 21, Step: 1284] Train Loss: 0.02944, Train Accuracy: 1.00000
2024-12-09 12:26:54,594 - INFO - /home/yifei/code/NLP/BERT-EM/fintune.py - [Epoch: 21, Step: 1290] Train Loss: 0.04800, Train Accuracy: 0.99219
2024-12-09 12:26:55,782 - INFO - /home/yifei/code/NLP/BERT-EM/fintune.py - [Epoch: 21, Step: 1296] Train Loss: 0.01943, Train Accuracy: 1.00000
2024-12-09 12:26:57,163 - INFO - /home/yifei/code/NLP/BERT-EM/fintune.py - [Epoch: 21, Step: 1302] Train Loss: 0.03336, Train Accuracy: 1.00000
2024-12-09 12:26:58,389 - INFO - /home/yifei/code/NLP/BERT-EM/fintune.py - [Epoch: 21, Step: 1308] Train Loss: 0.02942, Train Accuracy: 1.00000
2024-12-09 12:26:59,750 - INFO - /home/yifei/code/NLP/BERT-EM/fintune.py - [Epoch: 21, Step: 1314] Train Loss: 0.02214, Train Accuracy: 1.00000
2024-12-09 12:27:00,923 - INFO - /home/yifei/code/NLP/BERT-EM/fintune.py - [Epoch: 21, Step: 1320] Train Loss: 0.03230, Train Accuracy: 1.00000
2024-12-09 12:27:01,202 - INFO - /home/yifei/code/NLP/BERT-EM/fintune.py - Epoch 21 - Train Loss: 0.029716638509522785, Train Accuracy: 0.9992897727272727
2024-12-09 12:27:04,361 - INFO - /home/yifei/code/NLP/BERT-EM/fintune.py - Epoch 21 - Test F1: 85.36
2024-12-09 12:27:05,292 - INFO - /home/yifei/code/NLP/BERT-EM/fintune.py - [Epoch: 22, Step: 1326] Train Loss: 0.02995, Train Accuracy: 1.00000
2024-12-09 12:27:06,512 - INFO - /home/yifei/code/NLP/BERT-EM/fintune.py - [Epoch: 22, Step: 1332] Train Loss: 0.03163, Train Accuracy: 1.00000
2024-12-09 12:27:07,896 - INFO - /home/yifei/code/NLP/BERT-EM/fintune.py - [Epoch: 22, Step: 1338] Train Loss: 0.02613, Train Accuracy: 1.00000
2024-12-09 12:27:09,122 - INFO - /home/yifei/code/NLP/BERT-EM/fintune.py - [Epoch: 22, Step: 1344] Train Loss: 0.03028, Train Accuracy: 0.99219
2024-12-09 12:27:10,401 - INFO - /home/yifei/code/NLP/BERT-EM/fintune.py - [Epoch: 22, Step: 1350] Train Loss: 0.02281, Train Accuracy: 1.00000
2024-12-09 12:27:11,697 - INFO - /home/yifei/code/NLP/BERT-EM/fintune.py - [Epoch: 22, Step: 1356] Train Loss: 0.03981, Train Accuracy: 0.99219
2024-12-09 12:27:12,905 - INFO - /home/yifei/code/NLP/BERT-EM/fintune.py - [Epoch: 22, Step: 1362] Train Loss: 0.03884, Train Accuracy: 1.00000
2024-12-09 12:27:14,187 - INFO - /home/yifei/code/NLP/BERT-EM/fintune.py - [Epoch: 22, Step: 1368] Train Loss: 0.02773, Train Accuracy: 1.00000
2024-12-09 12:27:15,574 - INFO - /home/yifei/code/NLP/BERT-EM/fintune.py - [Epoch: 22, Step: 1374] Train Loss: 0.01689, Train Accuracy: 1.00000
2024-12-09 12:27:16,798 - INFO - /home/yifei/code/NLP/BERT-EM/fintune.py - [Epoch: 22, Step: 1380] Train Loss: 0.02673, Train Accuracy: 1.00000
2024-12-09 12:27:17,680 - INFO - /home/yifei/code/NLP/BERT-EM/fintune.py - Epoch 22 - Train Loss: 0.02908158637583256, Train Accuracy: 0.9984375
2024-12-09 12:27:20,827 - INFO - /home/yifei/code/NLP/BERT-EM/fintune.py - Epoch 22 - Test F1: 85.53
2024-12-09 12:27:21,022 - INFO - /home/yifei/code/NLP/BERT-EM/fintune.py - [Epoch: 23, Step: 1386] Train Loss: 0.02213, Train Accuracy: 1.00000
2024-12-09 12:27:22,299 - INFO - /home/yifei/code/NLP/BERT-EM/fintune.py - [Epoch: 23, Step: 1392] Train Loss: 0.05469, Train Accuracy: 0.98438
2024-12-09 12:27:23,552 - INFO - /home/yifei/code/NLP/BERT-EM/fintune.py - [Epoch: 23, Step: 1398] Train Loss: 0.02791, Train Accuracy: 1.00000
2024-12-09 12:27:24,844 - INFO - /home/yifei/code/NLP/BERT-EM/fintune.py - [Epoch: 23, Step: 1404] Train Loss: 0.02735, Train Accuracy: 1.00000
2024-12-09 12:27:26,014 - INFO - /home/yifei/code/NLP/BERT-EM/fintune.py - [Epoch: 23, Step: 1410] Train Loss: 0.02305, Train Accuracy: 0.99219
2024-12-09 12:27:27,363 - INFO - /home/yifei/code/NLP/BERT-EM/fintune.py - [Epoch: 23, Step: 1416] Train Loss: 0.03126, Train Accuracy: 1.00000
2024-12-09 12:27:28,758 - INFO - /home/yifei/code/NLP/BERT-EM/fintune.py - [Epoch: 23, Step: 1422] Train Loss: 0.01869, Train Accuracy: 1.00000
2024-12-09 12:27:30,041 - INFO - /home/yifei/code/NLP/BERT-EM/fintune.py - [Epoch: 23, Step: 1428] Train Loss: 0.02345, Train Accuracy: 1.00000
2024-12-09 12:27:31,313 - INFO - /home/yifei/code/NLP/BERT-EM/fintune.py - [Epoch: 23, Step: 1434] Train Loss: 0.03872, Train Accuracy: 0.99219
2024-12-09 12:27:32,454 - INFO - /home/yifei/code/NLP/BERT-EM/fintune.py - [Epoch: 23, Step: 1440] Train Loss: 0.01946, Train Accuracy: 1.00000
2024-12-09 12:27:33,831 - INFO - /home/yifei/code/NLP/BERT-EM/fintune.py - [Epoch: 23, Step: 1446] Train Loss: 0.01922, Train Accuracy: 1.00000
2024-12-09 12:27:34,099 - INFO - /home/yifei/code/NLP/BERT-EM/fintune.py - Epoch 23 - Train Loss: 0.027811749414964157, Train Accuracy: 0.9971590909090909
2024-12-09 12:27:37,248 - INFO - /home/yifei/code/NLP/BERT-EM/fintune.py - Epoch 23 - Test F1: 85.6
2024-12-09 12:27:38,228 - INFO - /home/yifei/code/NLP/BERT-EM/fintune.py - [Epoch: 24, Step: 1452] Train Loss: 0.01961, Train Accuracy: 1.00000
2024-12-09 12:27:39,529 - INFO - /home/yifei/code/NLP/BERT-EM/fintune.py - [Epoch: 24, Step: 1458] Train Loss: 0.01953, Train Accuracy: 1.00000
2024-12-09 12:27:40,825 - INFO - /home/yifei/code/NLP/BERT-EM/fintune.py - [Epoch: 24, Step: 1464] Train Loss: 0.02471, Train Accuracy: 1.00000
2024-12-09 12:27:42,114 - INFO - /home/yifei/code/NLP/BERT-EM/fintune.py - [Epoch: 24, Step: 1470] Train Loss: 0.05523, Train Accuracy: 0.98438
2024-12-09 12:27:43,305 - INFO - /home/yifei/code/NLP/BERT-EM/fintune.py - [Epoch: 24, Step: 1476] Train Loss: 0.01996, Train Accuracy: 1.00000
2024-12-09 12:27:44,533 - INFO - /home/yifei/code/NLP/BERT-EM/fintune.py - [Epoch: 24, Step: 1482] Train Loss: 0.02466, Train Accuracy: 1.00000
2024-12-09 12:27:45,967 - INFO - /home/yifei/code/NLP/BERT-EM/fintune.py - [Epoch: 24, Step: 1488] Train Loss: 0.02128, Train Accuracy: 1.00000
2024-12-09 12:27:47,076 - INFO - /home/yifei/code/NLP/BERT-EM/fintune.py - [Epoch: 24, Step: 1494] Train Loss: 0.01422, Train Accuracy: 1.00000
2024-12-09 12:27:48,383 - INFO - /home/yifei/code/NLP/BERT-EM/fintune.py - [Epoch: 24, Step: 1500] Train Loss: 0.03742, Train Accuracy: 0.99219
2024-12-09 12:27:49,652 - INFO - /home/yifei/code/NLP/BERT-EM/fintune.py - [Epoch: 24, Step: 1506] Train Loss: 0.03999, Train Accuracy: 0.99219
2024-12-09 12:27:50,682 - INFO - /home/yifei/code/NLP/BERT-EM/fintune.py - Epoch 24 - Train Loss: 0.02766079716384411, Train Accuracy: 0.996875
2024-12-09 12:27:53,917 - INFO - /home/yifei/code/NLP/BERT-EM/fintune.py - Epoch 24 - Test F1: 85.52
2024-12-09 12:27:54,103 - INFO - /home/yifei/code/NLP/BERT-EM/fintune.py - [Epoch: 25, Step: 1512] Train Loss: 0.02219, Train Accuracy: 1.00000
2024-12-09 12:27:55,356 - INFO - /home/yifei/code/NLP/BERT-EM/fintune.py - [Epoch: 25, Step: 1518] Train Loss: 0.03271, Train Accuracy: 1.00000
2024-12-09 12:27:56,658 - INFO - /home/yifei/code/NLP/BERT-EM/fintune.py - [Epoch: 25, Step: 1524] Train Loss: 0.02130, Train Accuracy: 1.00000
2024-12-09 12:27:57,833 - INFO - /home/yifei/code/NLP/BERT-EM/fintune.py - [Epoch: 25, Step: 1530] Train Loss: 0.02529, Train Accuracy: 1.00000
2024-12-09 12:27:59,083 - INFO - /home/yifei/code/NLP/BERT-EM/fintune.py - [Epoch: 25, Step: 1536] Train Loss: 0.01816, Train Accuracy: 1.00000
2024-12-09 12:28:00,238 - INFO - /home/yifei/code/NLP/BERT-EM/fintune.py - [Epoch: 25, Step: 1542] Train Loss: 0.03435, Train Accuracy: 0.99219
2024-12-09 12:28:01,547 - INFO - /home/yifei/code/NLP/BERT-EM/fintune.py - [Epoch: 25, Step: 1548] Train Loss: 0.02364, Train Accuracy: 0.99219
2024-12-09 12:28:02,944 - INFO - /home/yifei/code/NLP/BERT-EM/fintune.py - [Epoch: 25, Step: 1554] Train Loss: 0.01567, Train Accuracy: 1.00000
2024-12-09 12:28:04,284 - INFO - /home/yifei/code/NLP/BERT-EM/fintune.py - [Epoch: 25, Step: 1560] Train Loss: 0.02355, Train Accuracy: 1.00000
2024-12-09 12:28:05,639 - INFO - /home/yifei/code/NLP/BERT-EM/fintune.py - [Epoch: 25, Step: 1566] Train Loss: 0.02730, Train Accuracy: 1.00000
2024-12-09 12:28:06,852 - INFO - /home/yifei/code/NLP/BERT-EM/fintune.py - [Epoch: 25, Step: 1572] Train Loss: 0.01918, Train Accuracy: 1.00000
2024-12-09 12:28:07,124 - INFO - /home/yifei/code/NLP/BERT-EM/fintune.py - Epoch 25 - Train Loss: 0.02394058165902441, Train Accuracy: 0.9985795454545454
2024-12-09 12:28:10,272 - INFO - /home/yifei/code/NLP/BERT-EM/fintune.py - Epoch 25 - Test F1: 85.32
2024-12-09 12:28:11,079 - INFO - /home/yifei/code/NLP/BERT-EM/fintune.py - [Epoch: 26, Step: 1578] Train Loss: 0.02120, Train Accuracy: 1.00000
2024-12-09 12:28:12,492 - INFO - /home/yifei/code/NLP/BERT-EM/fintune.py - [Epoch: 26, Step: 1584] Train Loss: 0.03031, Train Accuracy: 1.00000
2024-12-09 12:28:13,853 - INFO - /home/yifei/code/NLP/BERT-EM/fintune.py - [Epoch: 26, Step: 1590] Train Loss: 0.02308, Train Accuracy: 1.00000
2024-12-09 12:28:15,185 - INFO - /home/yifei/code/NLP/BERT-EM/fintune.py - [Epoch: 26, Step: 1596] Train Loss: 0.02199, Train Accuracy: 1.00000
2024-12-09 12:28:16,461 - INFO - /home/yifei/code/NLP/BERT-EM/fintune.py - [Epoch: 26, Step: 1602] Train Loss: 0.01888, Train Accuracy: 1.00000
2024-12-09 12:28:17,769 - INFO - /home/yifei/code/NLP/BERT-EM/fintune.py - [Epoch: 26, Step: 1608] Train Loss: 0.02615, Train Accuracy: 1.00000
2024-12-09 12:28:18,976 - INFO - /home/yifei/code/NLP/BERT-EM/fintune.py - [Epoch: 26, Step: 1614] Train Loss: 0.02720, Train Accuracy: 1.00000
2024-12-09 12:28:20,204 - INFO - /home/yifei/code/NLP/BERT-EM/fintune.py - [Epoch: 26, Step: 1620] Train Loss: 0.01865, Train Accuracy: 1.00000
2024-12-09 12:28:21,429 - INFO - /home/yifei/code/NLP/BERT-EM/fintune.py - [Epoch: 26, Step: 1626] Train Loss: 0.02359, Train Accuracy: 1.00000
2024-12-09 12:28:22,636 - INFO - /home/yifei/code/NLP/BERT-EM/fintune.py - [Epoch: 26, Step: 1632] Train Loss: 0.02064, Train Accuracy: 1.00000
2024-12-09 12:28:23,563 - INFO - /home/yifei/code/NLP/BERT-EM/fintune.py - Epoch 26 - Train Loss: 0.02316920682787895, Train Accuracy: 1.0
2024-12-09 12:28:26,710 - INFO - /home/yifei/code/NLP/BERT-EM/fintune.py - Epoch 26 - Test F1: 85.61
2024-12-09 12:28:26,906 - INFO - /home/yifei/code/NLP/BERT-EM/fintune.py - [Epoch: 27, Step: 1638] Train Loss: 0.01818, Train Accuracy: 1.00000
2024-12-09 12:28:28,100 - INFO - /home/yifei/code/NLP/BERT-EM/fintune.py - [Epoch: 27, Step: 1644] Train Loss: 0.01343, Train Accuracy: 1.00000
2024-12-09 12:28:29,580 - INFO - /home/yifei/code/NLP/BERT-EM/fintune.py - [Epoch: 27, Step: 1650] Train Loss: 0.02765, Train Accuracy: 1.00000
2024-12-09 12:28:30,884 - INFO - /home/yifei/code/NLP/BERT-EM/fintune.py - [Epoch: 27, Step: 1656] Train Loss: 0.02465, Train Accuracy: 1.00000
2024-12-09 12:28:32,338 - INFO - /home/yifei/code/NLP/BERT-EM/fintune.py - [Epoch: 27, Step: 1662] Train Loss: 0.01800, Train Accuracy: 1.00000
2024-12-09 12:28:33,692 - INFO - /home/yifei/code/NLP/BERT-EM/fintune.py - [Epoch: 27, Step: 1668] Train Loss: 0.01646, Train Accuracy: 1.00000
2024-12-09 12:28:34,975 - INFO - /home/yifei/code/NLP/BERT-EM/fintune.py - [Epoch: 27, Step: 1674] Train Loss: 0.02569, Train Accuracy: 1.00000
2024-12-09 12:28:36,269 - INFO - /home/yifei/code/NLP/BERT-EM/fintune.py - [Epoch: 27, Step: 1680] Train Loss: 0.01753, Train Accuracy: 1.00000
2024-12-09 12:28:37,485 - INFO - /home/yifei/code/NLP/BERT-EM/fintune.py - [Epoch: 27, Step: 1686] Train Loss: 0.02007, Train Accuracy: 1.00000
2024-12-09 12:28:38,657 - INFO - /home/yifei/code/NLP/BERT-EM/fintune.py - [Epoch: 27, Step: 1692] Train Loss: 0.02129, Train Accuracy: 1.00000
2024-12-09 12:28:39,904 - INFO - /home/yifei/code/NLP/BERT-EM/fintune.py - [Epoch: 27, Step: 1698] Train Loss: 0.01139, Train Accuracy: 1.00000
2024-12-09 12:28:40,228 - INFO - /home/yifei/code/NLP/BERT-EM/fintune.py - Epoch 27 - Train Loss: 0.01948451758785681, Train Accuracy: 1.0
2024-12-09 12:28:43,374 - INFO - /home/yifei/code/NLP/BERT-EM/fintune.py - Epoch 27 - Test F1: 85.53
2024-12-09 12:28:44,206 - INFO - /home/yifei/code/NLP/BERT-EM/fintune.py - [Epoch: 28, Step: 1704] Train Loss: 0.02109, Train Accuracy: 1.00000
2024-12-09 12:28:45,467 - INFO - /home/yifei/code/NLP/BERT-EM/fintune.py - [Epoch: 28, Step: 1710] Train Loss: 0.02362, Train Accuracy: 1.00000
2024-12-09 12:28:46,689 - INFO - /home/yifei/code/NLP/BERT-EM/fintune.py - [Epoch: 28, Step: 1716] Train Loss: 0.01807, Train Accuracy: 1.00000
2024-12-09 12:28:47,941 - INFO - /home/yifei/code/NLP/BERT-EM/fintune.py - [Epoch: 28, Step: 1722] Train Loss: 0.01759, Train Accuracy: 1.00000
2024-12-09 12:28:49,210 - INFO - /home/yifei/code/NLP/BERT-EM/fintune.py - [Epoch: 28, Step: 1728] Train Loss: 0.01664, Train Accuracy: 1.00000
2024-12-09 12:28:50,410 - INFO - /home/yifei/code/NLP/BERT-EM/fintune.py - [Epoch: 28, Step: 1734] Train Loss: 0.02059, Train Accuracy: 1.00000
2024-12-09 12:28:51,736 - INFO - /home/yifei/code/NLP/BERT-EM/fintune.py - [Epoch: 28, Step: 1740] Train Loss: 0.02594, Train Accuracy: 1.00000
2024-12-09 12:28:53,159 - INFO - /home/yifei/code/NLP/BERT-EM/fintune.py - [Epoch: 28, Step: 1746] Train Loss: 0.01496, Train Accuracy: 1.00000
2024-12-09 12:28:54,600 - INFO - /home/yifei/code/NLP/BERT-EM/fintune.py - [Epoch: 28, Step: 1752] Train Loss: 0.02263, Train Accuracy: 1.00000
2024-12-09 12:28:55,805 - INFO - /home/yifei/code/NLP/BERT-EM/fintune.py - [Epoch: 28, Step: 1758] Train Loss: 0.02310, Train Accuracy: 1.00000
2024-12-09 12:28:56,757 - INFO - /home/yifei/code/NLP/BERT-EM/fintune.py - Epoch 28 - Train Loss: 0.02042381325736642, Train Accuracy: 1.0
2024-12-09 12:28:59,903 - INFO - /home/yifei/code/NLP/BERT-EM/fintune.py - Epoch 28 - Test F1: 85.66
2024-12-09 12:29:00,091 - INFO - /home/yifei/code/NLP/BERT-EM/fintune.py - [Epoch: 29, Step: 1764] Train Loss: 0.01602, Train Accuracy: 1.00000
2024-12-09 12:29:01,380 - INFO - /home/yifei/code/NLP/BERT-EM/fintune.py - [Epoch: 29, Step: 1770] Train Loss: 0.02419, Train Accuracy: 1.00000
2024-12-09 12:29:02,679 - INFO - /home/yifei/code/NLP/BERT-EM/fintune.py - [Epoch: 29, Step: 1776] Train Loss: 0.02644, Train Accuracy: 0.99219
2024-12-09 12:29:03,867 - INFO - /home/yifei/code/NLP/BERT-EM/fintune.py - [Epoch: 29, Step: 1782] Train Loss: 0.02437, Train Accuracy: 1.00000
2024-12-09 12:29:05,221 - INFO - /home/yifei/code/NLP/BERT-EM/fintune.py - [Epoch: 29, Step: 1788] Train Loss: 0.01831, Train Accuracy: 1.00000
2024-12-09 12:29:06,609 - INFO - /home/yifei/code/NLP/BERT-EM/fintune.py - [Epoch: 29, Step: 1794] Train Loss: 0.02172, Train Accuracy: 1.00000
2024-12-09 12:29:07,720 - INFO - /home/yifei/code/NLP/BERT-EM/fintune.py - [Epoch: 29, Step: 1800] Train Loss: 0.01705, Train Accuracy: 1.00000
2024-12-09 12:29:09,011 - INFO - /home/yifei/code/NLP/BERT-EM/fintune.py - [Epoch: 29, Step: 1806] Train Loss: 0.02297, Train Accuracy: 1.00000
2024-12-09 12:29:10,097 - INFO - /home/yifei/code/NLP/BERT-EM/fintune.py - [Epoch: 29, Step: 1812] Train Loss: 0.01485, Train Accuracy: 1.00000
2024-12-09 12:29:11,553 - INFO - /home/yifei/code/NLP/BERT-EM/fintune.py - [Epoch: 29, Step: 1818] Train Loss: 0.02387, Train Accuracy: 1.00000
2024-12-09 12:29:12,915 - INFO - /home/yifei/code/NLP/BERT-EM/fintune.py - [Epoch: 29, Step: 1824] Train Loss: 0.01444, Train Accuracy: 1.00000
2024-12-09 12:29:13,192 - INFO - /home/yifei/code/NLP/BERT-EM/fintune.py - Epoch 29 - Train Loss: 0.020385030064393173, Train Accuracy: 0.9992897727272727
2024-12-09 12:29:16,339 - INFO - /home/yifei/code/NLP/BERT-EM/fintune.py - Epoch 29 - Test F1: 85.59
2024-12-09 12:29:17,348 - INFO - /home/yifei/code/NLP/BERT-EM/fintune.py - [Epoch: 30, Step: 1830] Train Loss: 0.02299, Train Accuracy: 1.00000
2024-12-09 12:29:18,708 - INFO - /home/yifei/code/NLP/BERT-EM/fintune.py - [Epoch: 30, Step: 1836] Train Loss: 0.02298, Train Accuracy: 1.00000
2024-12-09 12:29:19,923 - INFO - /home/yifei/code/NLP/BERT-EM/fintune.py - [Epoch: 30, Step: 1842] Train Loss: 0.02303, Train Accuracy: 1.00000
2024-12-09 12:29:21,321 - INFO - /home/yifei/code/NLP/BERT-EM/fintune.py - [Epoch: 30, Step: 1848] Train Loss: 0.02697, Train Accuracy: 0.99219
2024-12-09 12:29:22,625 - INFO - /home/yifei/code/NLP/BERT-EM/fintune.py - [Epoch: 30, Step: 1854] Train Loss: 0.01945, Train Accuracy: 1.00000
2024-12-09 12:29:23,937 - INFO - /home/yifei/code/NLP/BERT-EM/fintune.py - [Epoch: 30, Step: 1860] Train Loss: 0.01587, Train Accuracy: 1.00000
2024-12-09 12:29:25,156 - INFO - /home/yifei/code/NLP/BERT-EM/fintune.py - [Epoch: 30, Step: 1866] Train Loss: 0.01750, Train Accuracy: 1.00000
2024-12-09 12:29:26,507 - INFO - /home/yifei/code/NLP/BERT-EM/fintune.py - [Epoch: 30, Step: 1872] Train Loss: 0.01790, Train Accuracy: 1.00000
2024-12-09 12:29:27,828 - INFO - /home/yifei/code/NLP/BERT-EM/fintune.py - [Epoch: 30, Step: 1878] Train Loss: 0.02284, Train Accuracy: 1.00000
2024-12-09 12:29:29,235 - INFO - /home/yifei/code/NLP/BERT-EM/fintune.py - [Epoch: 30, Step: 1884] Train Loss: 0.02011, Train Accuracy: 1.00000
2024-12-09 12:29:30,213 - INFO - /home/yifei/code/NLP/BERT-EM/fintune.py - Epoch 30 - Train Loss: 0.020962433144450187, Train Accuracy: 0.99921875
2024-12-09 12:29:33,484 - INFO - /home/yifei/code/NLP/BERT-EM/fintune.py - Epoch 30 - Test F1: 85.42
2024-12-09 12:29:33,668 - INFO - /home/yifei/code/NLP/BERT-EM/fintune.py - [Epoch: 31, Step: 1890] Train Loss: 0.01452, Train Accuracy: 1.00000
2024-12-09 12:29:34,923 - INFO - /home/yifei/code/NLP/BERT-EM/fintune.py - [Epoch: 31, Step: 1896] Train Loss: 0.01981, Train Accuracy: 1.00000
2024-12-09 12:29:36,194 - INFO - /home/yifei/code/NLP/BERT-EM/fintune.py - [Epoch: 31, Step: 1902] Train Loss: 0.02124, Train Accuracy: 1.00000
2024-12-09 12:29:37,372 - INFO - /home/yifei/code/NLP/BERT-EM/fintune.py - [Epoch: 31, Step: 1908] Train Loss: 0.01546, Train Accuracy: 1.00000
2024-12-09 12:29:38,799 - INFO - /home/yifei/code/NLP/BERT-EM/fintune.py - [Epoch: 31, Step: 1914] Train Loss: 0.01611, Train Accuracy: 1.00000
2024-12-09 12:29:40,155 - INFO - /home/yifei/code/NLP/BERT-EM/fintune.py - [Epoch: 31, Step: 1920] Train Loss: 0.01690, Train Accuracy: 1.00000
2024-12-09 12:29:41,442 - INFO - /home/yifei/code/NLP/BERT-EM/fintune.py - [Epoch: 31, Step: 1926] Train Loss: 0.01721, Train Accuracy: 1.00000
2024-12-09 12:29:42,616 - INFO - /home/yifei/code/NLP/BERT-EM/fintune.py - [Epoch: 31, Step: 1932] Train Loss: 0.01903, Train Accuracy: 1.00000
2024-12-09 12:29:43,991 - INFO - /home/yifei/code/NLP/BERT-EM/fintune.py - [Epoch: 31, Step: 1938] Train Loss: 0.01144, Train Accuracy: 1.00000
2024-12-09 12:29:45,157 - INFO - /home/yifei/code/NLP/BERT-EM/fintune.py - [Epoch: 31, Step: 1944] Train Loss: 0.02019, Train Accuracy: 1.00000
2024-12-09 12:29:46,392 - INFO - /home/yifei/code/NLP/BERT-EM/fintune.py - [Epoch: 31, Step: 1950] Train Loss: 0.02464, Train Accuracy: 1.00000
2024-12-09 12:29:46,663 - INFO - /home/yifei/code/NLP/BERT-EM/fintune.py - Epoch 31 - Train Loss: 0.017867000350220638, Train Accuracy: 1.0
2024-12-09 12:29:49,811 - INFO - /home/yifei/code/NLP/BERT-EM/fintune.py - Epoch 31 - Test F1: 85.54
2024-12-09 12:29:50,681 - INFO - /home/yifei/code/NLP/BERT-EM/fintune.py - [Epoch: 32, Step: 1956] Train Loss: 0.01376, Train Accuracy: 1.00000
2024-12-09 12:29:51,893 - INFO - /home/yifei/code/NLP/BERT-EM/fintune.py - [Epoch: 32, Step: 1962] Train Loss: 0.01779, Train Accuracy: 1.00000
2024-12-09 12:29:53,180 - INFO - /home/yifei/code/NLP/BERT-EM/fintune.py - [Epoch: 32, Step: 1968] Train Loss: 0.02222, Train Accuracy: 1.00000
2024-12-09 12:29:54,526 - INFO - /home/yifei/code/NLP/BERT-EM/fintune.py - [Epoch: 32, Step: 1974] Train Loss: 0.01786, Train Accuracy: 1.00000
2024-12-09 12:29:55,703 - INFO - /home/yifei/code/NLP/BERT-EM/fintune.py - [Epoch: 32, Step: 1980] Train Loss: 0.01444, Train Accuracy: 1.00000
2024-12-09 12:29:56,814 - INFO - /home/yifei/code/NLP/BERT-EM/fintune.py - [Epoch: 32, Step: 1986] Train Loss: 0.01879, Train Accuracy: 1.00000
2024-12-09 12:29:58,166 - INFO - /home/yifei/code/NLP/BERT-EM/fintune.py - [Epoch: 32, Step: 1992] Train Loss: 0.02129, Train Accuracy: 1.00000
2024-12-09 12:29:59,444 - INFO - /home/yifei/code/NLP/BERT-EM/fintune.py - [Epoch: 32, Step: 1998] Train Loss: 0.01858, Train Accuracy: 1.00000
2024-12-09 12:30:00,975 - INFO - /home/yifei/code/NLP/BERT-EM/fintune.py - [Epoch: 32, Step: 2004] Train Loss: 0.01920, Train Accuracy: 1.00000
2024-12-09 12:30:02,230 - INFO - /home/yifei/code/NLP/BERT-EM/fintune.py - [Epoch: 32, Step: 2010] Train Loss: 0.01793, Train Accuracy: 1.00000
2024-12-09 12:30:03,052 - INFO - /home/yifei/code/NLP/BERT-EM/fintune.py - Epoch 32 - Train Loss: 0.018185359612107276, Train Accuracy: 1.0
2024-12-09 12:30:06,207 - INFO - /home/yifei/code/NLP/BERT-EM/fintune.py - Epoch 32 - Test F1: 85.51
