2024-12-10 13:44:50,632 - INFO - /home/yifei/code/NLP/BERT-EM/fintune.py - Starting training process...
2024-12-10 13:44:50,632 - INFO - /home/yifei/code/NLP/BERT-EM/fintune.py - Found preprocessed finetune data, loading from files...
2024-12-10 13:44:50,638 - INFO - /home/yifei/code/NLP/BERT-EM/dataset.py - Tokenizing and encoding sentences...
2024-12-10 13:44:53,543 - INFO - /home/yifei/code/NLP/BERT-EM/dataset.py - Tokenizing and encoding sentences...
2024-12-10 13:44:54,864 - INFO - /home/yifei/code/NLP/BERT-EM/fintune.py - [Epoch: 1, Step: 0] Train Loss: 3.31777, Train Accuracy: 0.04688
2024-12-10 13:44:55,959 - INFO - /home/yifei/code/NLP/BERT-EM/fintune.py - [Epoch: 1, Step: 12] Train Loss: 2.14672, Train Accuracy: 0.34375
2024-12-10 13:44:57,046 - INFO - /home/yifei/code/NLP/BERT-EM/fintune.py - [Epoch: 1, Step: 24] Train Loss: 1.45229, Train Accuracy: 0.50000
2024-12-10 13:44:58,149 - INFO - /home/yifei/code/NLP/BERT-EM/fintune.py - [Epoch: 1, Step: 36] Train Loss: 1.25428, Train Accuracy: 0.62500
2024-12-10 13:44:59,216 - INFO - /home/yifei/code/NLP/BERT-EM/fintune.py - [Epoch: 1, Step: 48] Train Loss: 0.85600, Train Accuracy: 0.70312
2024-12-10 13:45:00,470 - INFO - /home/yifei/code/NLP/BERT-EM/fintune.py - [Epoch: 1, Step: 60] Train Loss: 0.74109, Train Accuracy: 0.76562
2024-12-10 13:45:01,608 - INFO - /home/yifei/code/NLP/BERT-EM/fintune.py - [Epoch: 1, Step: 72] Train Loss: 0.58654, Train Accuracy: 0.84375
2024-12-10 13:45:02,774 - INFO - /home/yifei/code/NLP/BERT-EM/fintune.py - [Epoch: 1, Step: 84] Train Loss: 0.52864, Train Accuracy: 0.82812
2024-12-10 13:45:04,011 - INFO - /home/yifei/code/NLP/BERT-EM/fintune.py - [Epoch: 1, Step: 96] Train Loss: 0.85439, Train Accuracy: 0.82812
2024-12-10 13:45:05,167 - INFO - /home/yifei/code/NLP/BERT-EM/fintune.py - [Epoch: 1, Step: 108] Train Loss: 0.82919, Train Accuracy: 0.73438
2024-12-10 13:45:06,273 - INFO - /home/yifei/code/NLP/BERT-EM/fintune.py - [Epoch: 1, Step: 120] Train Loss: 0.89586, Train Accuracy: 0.71875
2024-12-10 13:45:06,687 - INFO - /home/yifei/code/NLP/BERT-EM/fintune.py - Epoch 1 - Train Loss: 1.2238879257982427, Train Accuracy: 0.6306818181818182
2024-12-10 13:45:08,401 - INFO - /home/yifei/code/NLP/BERT-EM/fintune.py - Epoch 1 - Test F1: 83.84
2024-12-10 13:45:08,402 - INFO - /home/yifei/code/NLP/BERT-EM/fintune.py - Saving best model...
2024-12-10 13:45:09,396 - INFO - /home/yifei/code/NLP/BERT-EM/fintune.py - [Epoch: 2, Step: 132] Train Loss: 0.48535, Train Accuracy: 0.89062
2024-12-10 13:45:10,551 - INFO - /home/yifei/code/NLP/BERT-EM/fintune.py - [Epoch: 2, Step: 144] Train Loss: 0.42908, Train Accuracy: 0.90625
2024-12-10 13:45:11,838 - INFO - /home/yifei/code/NLP/BERT-EM/fintune.py - [Epoch: 2, Step: 156] Train Loss: 0.44093, Train Accuracy: 0.89062
2024-12-10 13:45:13,059 - INFO - /home/yifei/code/NLP/BERT-EM/fintune.py - [Epoch: 2, Step: 168] Train Loss: 0.26983, Train Accuracy: 0.90625
2024-12-10 13:45:14,135 - INFO - /home/yifei/code/NLP/BERT-EM/fintune.py - [Epoch: 2, Step: 180] Train Loss: 0.49830, Train Accuracy: 0.81250
2024-12-10 13:45:15,385 - INFO - /home/yifei/code/NLP/BERT-EM/fintune.py - [Epoch: 2, Step: 192] Train Loss: 0.40616, Train Accuracy: 0.85938
2024-12-10 13:45:16,595 - INFO - /home/yifei/code/NLP/BERT-EM/fintune.py - [Epoch: 2, Step: 204] Train Loss: 0.51051, Train Accuracy: 0.79688
2024-12-10 13:45:17,679 - INFO - /home/yifei/code/NLP/BERT-EM/fintune.py - [Epoch: 2, Step: 216] Train Loss: 0.29861, Train Accuracy: 0.89062
2024-12-10 13:45:18,843 - INFO - /home/yifei/code/NLP/BERT-EM/fintune.py - [Epoch: 2, Step: 228] Train Loss: 0.29963, Train Accuracy: 0.90625
2024-12-10 13:45:19,987 - INFO - /home/yifei/code/NLP/BERT-EM/fintune.py - [Epoch: 2, Step: 240] Train Loss: 0.37337, Train Accuracy: 0.87500
2024-12-10 13:45:20,915 - INFO - /home/yifei/code/NLP/BERT-EM/fintune.py - Epoch 2 - Train Loss: 0.40117702484130857, Train Accuracy: 0.8734375
2024-12-10 13:45:22,708 - INFO - /home/yifei/code/NLP/BERT-EM/fintune.py - Epoch 2 - Test F1: 85.1
2024-12-10 13:45:22,709 - INFO - /home/yifei/code/NLP/BERT-EM/fintune.py - Saving best model...
2024-12-10 13:45:23,340 - INFO - /home/yifei/code/NLP/BERT-EM/fintune.py - [Epoch: 3, Step: 252] Train Loss: 0.24271, Train Accuracy: 0.95312
2024-12-10 13:45:24,481 - INFO - /home/yifei/code/NLP/BERT-EM/fintune.py - [Epoch: 3, Step: 264] Train Loss: 0.21466, Train Accuracy: 0.93750
2024-12-10 13:45:25,629 - INFO - /home/yifei/code/NLP/BERT-EM/fintune.py - [Epoch: 3, Step: 276] Train Loss: 0.20962, Train Accuracy: 0.93750
2024-12-10 13:45:26,769 - INFO - /home/yifei/code/NLP/BERT-EM/fintune.py - [Epoch: 3, Step: 288] Train Loss: 0.18717, Train Accuracy: 0.93750
2024-12-10 13:45:27,937 - INFO - /home/yifei/code/NLP/BERT-EM/fintune.py - [Epoch: 3, Step: 300] Train Loss: 0.22050, Train Accuracy: 0.93750
2024-12-10 13:45:29,125 - INFO - /home/yifei/code/NLP/BERT-EM/fintune.py - [Epoch: 3, Step: 312] Train Loss: 0.29543, Train Accuracy: 0.89062
2024-12-10 13:45:30,327 - INFO - /home/yifei/code/NLP/BERT-EM/fintune.py - [Epoch: 3, Step: 324] Train Loss: 0.28702, Train Accuracy: 0.87500
2024-12-10 13:45:31,525 - INFO - /home/yifei/code/NLP/BERT-EM/fintune.py - [Epoch: 3, Step: 336] Train Loss: 0.20860, Train Accuracy: 0.92188
2024-12-10 13:45:32,663 - INFO - /home/yifei/code/NLP/BERT-EM/fintune.py - [Epoch: 3, Step: 348] Train Loss: 0.30816, Train Accuracy: 0.93750
2024-12-10 13:45:33,905 - INFO - /home/yifei/code/NLP/BERT-EM/fintune.py - [Epoch: 3, Step: 360] Train Loss: 0.32808, Train Accuracy: 0.90625
2024-12-10 13:45:35,035 - INFO - /home/yifei/code/NLP/BERT-EM/fintune.py - [Epoch: 3, Step: 372] Train Loss: 0.13292, Train Accuracy: 1.00000
2024-12-10 13:45:35,218 - INFO - /home/yifei/code/NLP/BERT-EM/fintune.py - Epoch 3 - Train Loss: 0.23953512446446854, Train Accuracy: 0.9303977272727273
2024-12-10 13:45:36,936 - INFO - /home/yifei/code/NLP/BERT-EM/fintune.py - Epoch 3 - Test F1: 85.82
2024-12-10 13:45:36,937 - INFO - /home/yifei/code/NLP/BERT-EM/fintune.py - Saving best model...
2024-12-10 13:45:38,136 - INFO - /home/yifei/code/NLP/BERT-EM/fintune.py - [Epoch: 4, Step: 384] Train Loss: 0.11405, Train Accuracy: 0.98438
2024-12-10 13:45:39,316 - INFO - /home/yifei/code/NLP/BERT-EM/fintune.py - [Epoch: 4, Step: 396] Train Loss: 0.07475, Train Accuracy: 1.00000
2024-12-10 13:45:40,420 - INFO - /home/yifei/code/NLP/BERT-EM/fintune.py - [Epoch: 4, Step: 408] Train Loss: 0.08335, Train Accuracy: 0.98438
2024-12-10 13:45:41,444 - INFO - /home/yifei/code/NLP/BERT-EM/fintune.py - [Epoch: 4, Step: 420] Train Loss: 0.12302, Train Accuracy: 0.95312
2024-12-10 13:45:42,619 - INFO - /home/yifei/code/NLP/BERT-EM/fintune.py - [Epoch: 4, Step: 432] Train Loss: 0.17480, Train Accuracy: 0.92188
2024-12-10 13:45:43,764 - INFO - /home/yifei/code/NLP/BERT-EM/fintune.py - [Epoch: 4, Step: 444] Train Loss: 0.15454, Train Accuracy: 0.95312
2024-12-10 13:45:45,035 - INFO - /home/yifei/code/NLP/BERT-EM/fintune.py - [Epoch: 4, Step: 456] Train Loss: 0.19163, Train Accuracy: 0.95312
2024-12-10 13:45:46,223 - INFO - /home/yifei/code/NLP/BERT-EM/fintune.py - [Epoch: 4, Step: 468] Train Loss: 0.12930, Train Accuracy: 0.98438
2024-12-10 13:45:47,368 - INFO - /home/yifei/code/NLP/BERT-EM/fintune.py - [Epoch: 4, Step: 480] Train Loss: 0.11081, Train Accuracy: 0.95312
2024-12-10 13:45:48,485 - INFO - /home/yifei/code/NLP/BERT-EM/fintune.py - [Epoch: 4, Step: 492] Train Loss: 0.11724, Train Accuracy: 0.96875
2024-12-10 13:45:49,190 - INFO - /home/yifei/code/NLP/BERT-EM/fintune.py - Epoch 4 - Train Loss: 0.1273484654724598, Train Accuracy: 0.965625
2024-12-10 13:45:51,020 - INFO - /home/yifei/code/NLP/BERT-EM/fintune.py - Epoch 4 - Test F1: 86.76
2024-12-10 13:45:51,021 - INFO - /home/yifei/code/NLP/BERT-EM/fintune.py - Saving best model...
2024-12-10 13:45:52,025 - INFO - /home/yifei/code/NLP/BERT-EM/fintune.py - [Epoch: 5, Step: 504] Train Loss: 0.03612, Train Accuracy: 1.00000
2024-12-10 13:45:53,157 - INFO - /home/yifei/code/NLP/BERT-EM/fintune.py - [Epoch: 5, Step: 516] Train Loss: 0.06574, Train Accuracy: 0.98438
2024-12-10 13:45:54,344 - INFO - /home/yifei/code/NLP/BERT-EM/fintune.py - [Epoch: 5, Step: 528] Train Loss: 0.03202, Train Accuracy: 1.00000
2024-12-10 13:45:55,459 - INFO - /home/yifei/code/NLP/BERT-EM/fintune.py - [Epoch: 5, Step: 540] Train Loss: 0.05968, Train Accuracy: 0.98438
2024-12-10 13:45:56,588 - INFO - /home/yifei/code/NLP/BERT-EM/fintune.py - [Epoch: 5, Step: 552] Train Loss: 0.07265, Train Accuracy: 0.98438
2024-12-10 13:45:57,734 - INFO - /home/yifei/code/NLP/BERT-EM/fintune.py - [Epoch: 5, Step: 564] Train Loss: 0.03394, Train Accuracy: 1.00000
2024-12-10 13:45:58,858 - INFO - /home/yifei/code/NLP/BERT-EM/fintune.py - [Epoch: 5, Step: 576] Train Loss: 0.05860, Train Accuracy: 0.98438
2024-12-10 13:46:00,043 - INFO - /home/yifei/code/NLP/BERT-EM/fintune.py - [Epoch: 5, Step: 588] Train Loss: 0.10952, Train Accuracy: 0.98438
2024-12-10 13:46:01,241 - INFO - /home/yifei/code/NLP/BERT-EM/fintune.py - [Epoch: 5, Step: 600] Train Loss: 0.09024, Train Accuracy: 0.98438
2024-12-10 13:46:02,405 - INFO - /home/yifei/code/NLP/BERT-EM/fintune.py - [Epoch: 5, Step: 612] Train Loss: 0.04377, Train Accuracy: 0.98438
2024-12-10 13:46:03,608 - INFO - /home/yifei/code/NLP/BERT-EM/fintune.py - [Epoch: 5, Step: 624] Train Loss: 0.03063, Train Accuracy: 1.00000
2024-12-10 13:46:03,611 - INFO - /home/yifei/code/NLP/BERT-EM/fintune.py - Epoch 5 - Train Loss: 0.057536745105277405, Train Accuracy: 0.9900568181818182
2024-12-10 13:46:05,299 - INFO - /home/yifei/code/NLP/BERT-EM/fintune.py - Epoch 5 - Test F1: 87.54
2024-12-10 13:46:05,299 - INFO - /home/yifei/code/NLP/BERT-EM/fintune.py - Saving best model...
2024-12-10 13:46:06,649 - INFO - /home/yifei/code/NLP/BERT-EM/fintune.py - [Epoch: 6, Step: 636] Train Loss: 0.02342, Train Accuracy: 1.00000
2024-12-10 13:46:07,750 - INFO - /home/yifei/code/NLP/BERT-EM/fintune.py - [Epoch: 6, Step: 648] Train Loss: 0.01664, Train Accuracy: 1.00000
2024-12-10 13:46:08,879 - INFO - /home/yifei/code/NLP/BERT-EM/fintune.py - [Epoch: 6, Step: 660] Train Loss: 0.02276, Train Accuracy: 1.00000
2024-12-10 13:46:09,960 - INFO - /home/yifei/code/NLP/BERT-EM/fintune.py - [Epoch: 6, Step: 672] Train Loss: 0.02117, Train Accuracy: 1.00000
2024-12-10 13:46:11,006 - INFO - /home/yifei/code/NLP/BERT-EM/fintune.py - [Epoch: 6, Step: 684] Train Loss: 0.01542, Train Accuracy: 1.00000
2024-12-10 13:46:12,069 - INFO - /home/yifei/code/NLP/BERT-EM/fintune.py - [Epoch: 6, Step: 696] Train Loss: 0.03405, Train Accuracy: 1.00000
2024-12-10 13:46:13,166 - INFO - /home/yifei/code/NLP/BERT-EM/fintune.py - [Epoch: 6, Step: 708] Train Loss: 0.01615, Train Accuracy: 1.00000
2024-12-10 13:46:14,253 - INFO - /home/yifei/code/NLP/BERT-EM/fintune.py - [Epoch: 6, Step: 720] Train Loss: 0.01527, Train Accuracy: 1.00000
2024-12-10 13:46:15,404 - INFO - /home/yifei/code/NLP/BERT-EM/fintune.py - [Epoch: 6, Step: 732] Train Loss: 0.01598, Train Accuracy: 1.00000
2024-12-10 13:46:16,426 - INFO - /home/yifei/code/NLP/BERT-EM/fintune.py - [Epoch: 6, Step: 744] Train Loss: 0.02158, Train Accuracy: 1.00000
2024-12-10 13:46:16,855 - INFO - /home/yifei/code/NLP/BERT-EM/fintune.py - Epoch 6 - Train Loss: 0.020245253574103117, Train Accuracy: 1.0
2024-12-10 13:46:18,632 - INFO - /home/yifei/code/NLP/BERT-EM/fintune.py - Epoch 6 - Test F1: 87.44
2024-12-10 13:46:19,253 - INFO - /home/yifei/code/NLP/BERT-EM/fintune.py - [Epoch: 7, Step: 756] Train Loss: 0.01401, Train Accuracy: 1.00000
2024-12-10 13:46:20,306 - INFO - /home/yifei/code/NLP/BERT-EM/fintune.py - [Epoch: 7, Step: 768] Train Loss: 0.01052, Train Accuracy: 1.00000
2024-12-10 13:46:21,332 - INFO - /home/yifei/code/NLP/BERT-EM/fintune.py - [Epoch: 7, Step: 780] Train Loss: 0.01613, Train Accuracy: 1.00000
2024-12-10 13:46:22,566 - INFO - /home/yifei/code/NLP/BERT-EM/fintune.py - [Epoch: 7, Step: 792] Train Loss: 0.01206, Train Accuracy: 1.00000
2024-12-10 13:46:23,643 - INFO - /home/yifei/code/NLP/BERT-EM/fintune.py - [Epoch: 7, Step: 804] Train Loss: 0.01539, Train Accuracy: 1.00000
2024-12-10 13:46:24,697 - INFO - /home/yifei/code/NLP/BERT-EM/fintune.py - [Epoch: 7, Step: 816] Train Loss: 0.01728, Train Accuracy: 1.00000
2024-12-10 13:46:25,724 - INFO - /home/yifei/code/NLP/BERT-EM/fintune.py - [Epoch: 7, Step: 828] Train Loss: 0.03406, Train Accuracy: 0.98438
2024-12-10 13:46:26,903 - INFO - /home/yifei/code/NLP/BERT-EM/fintune.py - [Epoch: 7, Step: 840] Train Loss: 0.00999, Train Accuracy: 1.00000
2024-12-10 13:46:27,936 - INFO - /home/yifei/code/NLP/BERT-EM/fintune.py - [Epoch: 7, Step: 852] Train Loss: 0.01144, Train Accuracy: 1.00000
2024-12-10 13:46:29,118 - INFO - /home/yifei/code/NLP/BERT-EM/fintune.py - [Epoch: 7, Step: 864] Train Loss: 0.01244, Train Accuracy: 1.00000
2024-12-10 13:46:29,988 - INFO - /home/yifei/code/NLP/BERT-EM/fintune.py - Epoch 7 - Train Loss: 0.015331964660435914, Train Accuracy: 0.9984375
2024-12-10 13:46:31,531 - INFO - /home/yifei/code/NLP/BERT-EM/fintune.py - Epoch 7 - Test F1: 87.25
2024-12-10 13:46:31,714 - INFO - /home/yifei/code/NLP/BERT-EM/fintune.py - [Epoch: 8, Step: 876] Train Loss: 0.00933, Train Accuracy: 1.00000
2024-12-10 13:46:32,783 - INFO - /home/yifei/code/NLP/BERT-EM/fintune.py - [Epoch: 8, Step: 888] Train Loss: 0.01800, Train Accuracy: 1.00000
2024-12-10 13:46:33,885 - INFO - /home/yifei/code/NLP/BERT-EM/fintune.py - [Epoch: 8, Step: 900] Train Loss: 0.01057, Train Accuracy: 1.00000
2024-12-10 13:46:34,972 - INFO - /home/yifei/code/NLP/BERT-EM/fintune.py - [Epoch: 8, Step: 912] Train Loss: 0.00532, Train Accuracy: 1.00000
2024-12-10 13:46:35,996 - INFO - /home/yifei/code/NLP/BERT-EM/fintune.py - [Epoch: 8, Step: 924] Train Loss: 0.00773, Train Accuracy: 1.00000
2024-12-10 13:46:37,101 - INFO - /home/yifei/code/NLP/BERT-EM/fintune.py - [Epoch: 8, Step: 936] Train Loss: 0.00879, Train Accuracy: 1.00000
2024-12-10 13:46:38,145 - INFO - /home/yifei/code/NLP/BERT-EM/fintune.py - [Epoch: 8, Step: 948] Train Loss: 0.00582, Train Accuracy: 1.00000
2024-12-10 13:46:39,228 - INFO - /home/yifei/code/NLP/BERT-EM/fintune.py - [Epoch: 8, Step: 960] Train Loss: 0.00749, Train Accuracy: 1.00000
2024-12-10 13:46:40,382 - INFO - /home/yifei/code/NLP/BERT-EM/fintune.py - [Epoch: 8, Step: 972] Train Loss: 0.02076, Train Accuracy: 1.00000
2024-12-10 13:46:41,467 - INFO - /home/yifei/code/NLP/BERT-EM/fintune.py - [Epoch: 8, Step: 984] Train Loss: 0.00945, Train Accuracy: 1.00000
2024-12-10 13:46:42,663 - INFO - /home/yifei/code/NLP/BERT-EM/fintune.py - [Epoch: 8, Step: 996] Train Loss: 0.00584, Train Accuracy: 1.00000
2024-12-10 13:46:42,901 - INFO - /home/yifei/code/NLP/BERT-EM/fintune.py - Epoch 8 - Train Loss: 0.009918160059235313, Train Accuracy: 1.0
2024-12-10 13:46:44,443 - INFO - /home/yifei/code/NLP/BERT-EM/fintune.py - Epoch 8 - Test F1: 87.57
2024-12-10 13:46:44,445 - INFO - /home/yifei/code/NLP/BERT-EM/fintune.py - Saving best model...
2024-12-10 13:46:45,578 - INFO - /home/yifei/code/NLP/BERT-EM/fintune.py - [Epoch: 9, Step: 1008] Train Loss: 0.00709, Train Accuracy: 1.00000
2024-12-10 13:46:46,720 - INFO - /home/yifei/code/NLP/BERT-EM/fintune.py - [Epoch: 9, Step: 1020] Train Loss: 0.00474, Train Accuracy: 1.00000
2024-12-10 13:46:47,771 - INFO - /home/yifei/code/NLP/BERT-EM/fintune.py - [Epoch: 9, Step: 1032] Train Loss: 0.00559, Train Accuracy: 1.00000
2024-12-10 13:46:48,789 - INFO - /home/yifei/code/NLP/BERT-EM/fintune.py - [Epoch: 9, Step: 1044] Train Loss: 0.00643, Train Accuracy: 1.00000
2024-12-10 13:46:49,866 - INFO - /home/yifei/code/NLP/BERT-EM/fintune.py - [Epoch: 9, Step: 1056] Train Loss: 0.00457, Train Accuracy: 1.00000
2024-12-10 13:46:50,856 - INFO - /home/yifei/code/NLP/BERT-EM/fintune.py - [Epoch: 9, Step: 1068] Train Loss: 0.00691, Train Accuracy: 1.00000
2024-12-10 13:46:52,006 - INFO - /home/yifei/code/NLP/BERT-EM/fintune.py - [Epoch: 9, Step: 1080] Train Loss: 0.00767, Train Accuracy: 1.00000
2024-12-10 13:46:53,083 - INFO - /home/yifei/code/NLP/BERT-EM/fintune.py - [Epoch: 9, Step: 1092] Train Loss: 0.00499, Train Accuracy: 1.00000
2024-12-10 13:46:54,121 - INFO - /home/yifei/code/NLP/BERT-EM/fintune.py - [Epoch: 9, Step: 1104] Train Loss: 0.00614, Train Accuracy: 1.00000
2024-12-10 13:46:55,346 - INFO - /home/yifei/code/NLP/BERT-EM/fintune.py - [Epoch: 9, Step: 1116] Train Loss: 0.00541, Train Accuracy: 1.00000
2024-12-10 13:46:56,067 - INFO - /home/yifei/code/NLP/BERT-EM/fintune.py - Epoch 9 - Train Loss: 0.00595262716524303, Train Accuracy: 1.0
2024-12-10 13:46:57,607 - INFO - /home/yifei/code/NLP/BERT-EM/fintune.py - Epoch 9 - Test F1: 87.43
2024-12-10 13:46:58,027 - INFO - /home/yifei/code/NLP/BERT-EM/fintune.py - [Epoch: 10, Step: 1128] Train Loss: 0.00358, Train Accuracy: 1.00000
2024-12-10 13:46:59,091 - INFO - /home/yifei/code/NLP/BERT-EM/fintune.py - [Epoch: 10, Step: 1140] Train Loss: 0.00545, Train Accuracy: 1.00000
2024-12-10 13:47:00,089 - INFO - /home/yifei/code/NLP/BERT-EM/fintune.py - [Epoch: 10, Step: 1152] Train Loss: 0.00445, Train Accuracy: 1.00000
2024-12-10 13:47:01,194 - INFO - /home/yifei/code/NLP/BERT-EM/fintune.py - [Epoch: 10, Step: 1164] Train Loss: 0.00346, Train Accuracy: 1.00000
2024-12-10 13:47:02,222 - INFO - /home/yifei/code/NLP/BERT-EM/fintune.py - [Epoch: 10, Step: 1176] Train Loss: 0.00606, Train Accuracy: 1.00000
2024-12-10 13:47:03,360 - INFO - /home/yifei/code/NLP/BERT-EM/fintune.py - [Epoch: 10, Step: 1188] Train Loss: 0.00424, Train Accuracy: 1.00000
2024-12-10 13:47:04,390 - INFO - /home/yifei/code/NLP/BERT-EM/fintune.py - [Epoch: 10, Step: 1200] Train Loss: 0.00383, Train Accuracy: 1.00000
2024-12-10 13:47:05,507 - INFO - /home/yifei/code/NLP/BERT-EM/fintune.py - [Epoch: 10, Step: 1212] Train Loss: 0.00403, Train Accuracy: 1.00000
2024-12-10 13:47:06,600 - INFO - /home/yifei/code/NLP/BERT-EM/fintune.py - [Epoch: 10, Step: 1224] Train Loss: 0.00426, Train Accuracy: 1.00000
2024-12-10 13:47:07,631 - INFO - /home/yifei/code/NLP/BERT-EM/fintune.py - [Epoch: 10, Step: 1236] Train Loss: 0.00403, Train Accuracy: 1.00000
2024-12-10 13:47:08,768 - INFO - /home/yifei/code/NLP/BERT-EM/fintune.py - [Epoch: 10, Step: 1248] Train Loss: 0.00474, Train Accuracy: 1.00000
2024-12-10 13:47:08,885 - INFO - /home/yifei/code/NLP/BERT-EM/fintune.py - Epoch 10 - Train Loss: 0.004376176448369568, Train Accuracy: 1.0
2024-12-10 13:47:10,431 - INFO - /home/yifei/code/NLP/BERT-EM/fintune.py - Epoch 10 - Test F1: 87.34
2024-12-10 13:47:11,419 - INFO - /home/yifei/code/NLP/BERT-EM/fintune.py - [Epoch: 11, Step: 1260] Train Loss: 0.00419, Train Accuracy: 1.00000
2024-12-10 13:47:12,526 - INFO - /home/yifei/code/NLP/BERT-EM/fintune.py - [Epoch: 11, Step: 1272] Train Loss: 0.00243, Train Accuracy: 1.00000
2024-12-10 13:47:13,567 - INFO - /home/yifei/code/NLP/BERT-EM/fintune.py - [Epoch: 11, Step: 1284] Train Loss: 0.00372, Train Accuracy: 1.00000
2024-12-10 13:47:14,707 - INFO - /home/yifei/code/NLP/BERT-EM/fintune.py - [Epoch: 11, Step: 1296] Train Loss: 0.00354, Train Accuracy: 1.00000
2024-12-10 13:47:15,753 - INFO - /home/yifei/code/NLP/BERT-EM/fintune.py - [Epoch: 11, Step: 1308] Train Loss: 0.00339, Train Accuracy: 1.00000
2024-12-10 13:47:16,856 - INFO - /home/yifei/code/NLP/BERT-EM/fintune.py - [Epoch: 11, Step: 1320] Train Loss: 0.00371, Train Accuracy: 1.00000
2024-12-10 13:47:18,048 - INFO - /home/yifei/code/NLP/BERT-EM/fintune.py - [Epoch: 11, Step: 1332] Train Loss: 0.00388, Train Accuracy: 1.00000
2024-12-10 13:47:19,059 - INFO - /home/yifei/code/NLP/BERT-EM/fintune.py - [Epoch: 11, Step: 1344] Train Loss: 0.00419, Train Accuracy: 1.00000
2024-12-10 13:47:20,098 - INFO - /home/yifei/code/NLP/BERT-EM/fintune.py - [Epoch: 11, Step: 1356] Train Loss: 0.00324, Train Accuracy: 1.00000
2024-12-10 13:47:21,235 - INFO - /home/yifei/code/NLP/BERT-EM/fintune.py - [Epoch: 11, Step: 1368] Train Loss: 0.00347, Train Accuracy: 1.00000
2024-12-10 13:47:21,734 - INFO - /home/yifei/code/NLP/BERT-EM/fintune.py - Epoch 11 - Train Loss: 0.003575385268777609, Train Accuracy: 1.0
2024-12-10 13:47:23,274 - INFO - /home/yifei/code/NLP/BERT-EM/fintune.py - Epoch 11 - Test F1: 87.48
2024-12-10 13:47:23,851 - INFO - /home/yifei/code/NLP/BERT-EM/fintune.py - [Epoch: 12, Step: 1380] Train Loss: 0.00206, Train Accuracy: 1.00000
2024-12-10 13:47:24,953 - INFO - /home/yifei/code/NLP/BERT-EM/fintune.py - [Epoch: 12, Step: 1392] Train Loss: 0.00221, Train Accuracy: 1.00000
2024-12-10 13:47:25,971 - INFO - /home/yifei/code/NLP/BERT-EM/fintune.py - [Epoch: 12, Step: 1404] Train Loss: 0.00272, Train Accuracy: 1.00000
2024-12-10 13:47:27,079 - INFO - /home/yifei/code/NLP/BERT-EM/fintune.py - [Epoch: 12, Step: 1416] Train Loss: 0.00403, Train Accuracy: 1.00000
2024-12-10 13:47:28,195 - INFO - /home/yifei/code/NLP/BERT-EM/fintune.py - [Epoch: 12, Step: 1428] Train Loss: 0.00316, Train Accuracy: 1.00000
2024-12-10 13:47:29,306 - INFO - /home/yifei/code/NLP/BERT-EM/fintune.py - [Epoch: 12, Step: 1440] Train Loss: 0.00420, Train Accuracy: 1.00000
2024-12-10 13:47:30,418 - INFO - /home/yifei/code/NLP/BERT-EM/fintune.py - [Epoch: 12, Step: 1452] Train Loss: 0.00304, Train Accuracy: 1.00000
2024-12-10 13:47:31,545 - INFO - /home/yifei/code/NLP/BERT-EM/fintune.py - [Epoch: 12, Step: 1464] Train Loss: 0.00256, Train Accuracy: 1.00000
2024-12-10 13:47:32,701 - INFO - /home/yifei/code/NLP/BERT-EM/fintune.py - [Epoch: 12, Step: 1476] Train Loss: 0.00372, Train Accuracy: 1.00000
2024-12-10 13:47:33,660 - INFO - /home/yifei/code/NLP/BERT-EM/fintune.py - [Epoch: 12, Step: 1488] Train Loss: 0.00404, Train Accuracy: 1.00000
2024-12-10 13:47:34,677 - INFO - /home/yifei/code/NLP/BERT-EM/fintune.py - Epoch 12 - Train Loss: 0.003174616163596511, Train Accuracy: 1.0
2024-12-10 13:47:36,219 - INFO - /home/yifei/code/NLP/BERT-EM/fintune.py - Epoch 12 - Test F1: 87.49
2024-12-10 13:47:36,301 - INFO - /home/yifei/code/NLP/BERT-EM/fintune.py - [Epoch: 13, Step: 1500] Train Loss: 0.00182, Train Accuracy: 1.00000
2024-12-10 13:47:37,415 - INFO - /home/yifei/code/NLP/BERT-EM/fintune.py - [Epoch: 13, Step: 1512] Train Loss: 0.00272, Train Accuracy: 1.00000
2024-12-10 13:47:38,470 - INFO - /home/yifei/code/NLP/BERT-EM/fintune.py - [Epoch: 13, Step: 1524] Train Loss: 0.00289, Train Accuracy: 1.00000
2024-12-10 13:47:39,483 - INFO - /home/yifei/code/NLP/BERT-EM/fintune.py - [Epoch: 13, Step: 1536] Train Loss: 0.00227, Train Accuracy: 1.00000
2024-12-10 13:47:40,555 - INFO - /home/yifei/code/NLP/BERT-EM/fintune.py - [Epoch: 13, Step: 1548] Train Loss: 0.00173, Train Accuracy: 1.00000
2024-12-10 13:47:41,635 - INFO - /home/yifei/code/NLP/BERT-EM/fintune.py - [Epoch: 13, Step: 1560] Train Loss: 0.00208, Train Accuracy: 1.00000
2024-12-10 13:47:42,822 - INFO - /home/yifei/code/NLP/BERT-EM/fintune.py - [Epoch: 13, Step: 1572] Train Loss: 0.00206, Train Accuracy: 1.00000
2024-12-10 13:47:43,911 - INFO - /home/yifei/code/NLP/BERT-EM/fintune.py - [Epoch: 13, Step: 1584] Train Loss: 0.00287, Train Accuracy: 1.00000
2024-12-10 13:47:44,946 - INFO - /home/yifei/code/NLP/BERT-EM/fintune.py - [Epoch: 13, Step: 1596] Train Loss: 0.00373, Train Accuracy: 1.00000
2024-12-10 13:47:46,106 - INFO - /home/yifei/code/NLP/BERT-EM/fintune.py - [Epoch: 13, Step: 1608] Train Loss: 0.00322, Train Accuracy: 1.00000
2024-12-10 13:47:47,112 - INFO - /home/yifei/code/NLP/BERT-EM/fintune.py - [Epoch: 13, Step: 1620] Train Loss: 0.00256, Train Accuracy: 1.00000
2024-12-10 13:47:47,442 - INFO - /home/yifei/code/NLP/BERT-EM/fintune.py - Epoch 13 - Train Loss: 0.0025405996076932006, Train Accuracy: 1.0
2024-12-10 13:47:48,982 - INFO - /home/yifei/code/NLP/BERT-EM/fintune.py - Epoch 13 - Test F1: 87.36
2024-12-10 13:47:49,755 - INFO - /home/yifei/code/NLP/BERT-EM/fintune.py - [Epoch: 14, Step: 1632] Train Loss: 0.00230, Train Accuracy: 1.00000
2024-12-10 13:47:50,798 - INFO - /home/yifei/code/NLP/BERT-EM/fintune.py - [Epoch: 14, Step: 1644] Train Loss: 0.00280, Train Accuracy: 1.00000
2024-12-10 13:47:51,955 - INFO - /home/yifei/code/NLP/BERT-EM/fintune.py - [Epoch: 14, Step: 1656] Train Loss: 0.00210, Train Accuracy: 1.00000
2024-12-10 13:47:52,948 - INFO - /home/yifei/code/NLP/BERT-EM/fintune.py - [Epoch: 14, Step: 1668] Train Loss: 0.00377, Train Accuracy: 1.00000
2024-12-10 13:47:54,086 - INFO - /home/yifei/code/NLP/BERT-EM/fintune.py - [Epoch: 14, Step: 1680] Train Loss: 0.00337, Train Accuracy: 1.00000
2024-12-10 13:47:55,092 - INFO - /home/yifei/code/NLP/BERT-EM/fintune.py - [Epoch: 14, Step: 1692] Train Loss: 0.00237, Train Accuracy: 1.00000
2024-12-10 13:47:56,165 - INFO - /home/yifei/code/NLP/BERT-EM/fintune.py - [Epoch: 14, Step: 1704] Train Loss: 0.00223, Train Accuracy: 1.00000
2024-12-10 13:47:57,437 - INFO - /home/yifei/code/NLP/BERT-EM/fintune.py - [Epoch: 14, Step: 1716] Train Loss: 0.00252, Train Accuracy: 1.00000
2024-12-10 13:47:58,506 - INFO - /home/yifei/code/NLP/BERT-EM/fintune.py - [Epoch: 14, Step: 1728] Train Loss: 0.00228, Train Accuracy: 1.00000
2024-12-10 13:47:59,541 - INFO - /home/yifei/code/NLP/BERT-EM/fintune.py - [Epoch: 14, Step: 1740] Train Loss: 0.00241, Train Accuracy: 1.00000
2024-12-10 13:48:00,273 - INFO - /home/yifei/code/NLP/BERT-EM/fintune.py - Epoch 14 - Train Loss: 0.00261647067964077, Train Accuracy: 1.0
2024-12-10 13:48:01,811 - INFO - /home/yifei/code/NLP/BERT-EM/fintune.py - Epoch 14 - Test F1: 87.49
2024-12-10 13:48:02,058 - INFO - /home/yifei/code/NLP/BERT-EM/fintune.py - [Epoch: 15, Step: 1752] Train Loss: 0.00254, Train Accuracy: 1.00000
2024-12-10 13:48:03,190 - INFO - /home/yifei/code/NLP/BERT-EM/fintune.py - [Epoch: 15, Step: 1764] Train Loss: 0.00380, Train Accuracy: 1.00000
2024-12-10 13:48:04,365 - INFO - /home/yifei/code/NLP/BERT-EM/fintune.py - [Epoch: 15, Step: 1776] Train Loss: 0.00185, Train Accuracy: 1.00000
2024-12-10 13:48:05,449 - INFO - /home/yifei/code/NLP/BERT-EM/fintune.py - [Epoch: 15, Step: 1788] Train Loss: 0.00277, Train Accuracy: 1.00000
2024-12-10 13:48:06,468 - INFO - /home/yifei/code/NLP/BERT-EM/fintune.py - [Epoch: 15, Step: 1800] Train Loss: 0.00290, Train Accuracy: 1.00000
2024-12-10 13:48:07,498 - INFO - /home/yifei/code/NLP/BERT-EM/fintune.py - [Epoch: 15, Step: 1812] Train Loss: 0.00186, Train Accuracy: 1.00000
2024-12-10 13:48:08,560 - INFO - /home/yifei/code/NLP/BERT-EM/fintune.py - [Epoch: 15, Step: 1824] Train Loss: 0.00201, Train Accuracy: 1.00000
2024-12-10 13:48:09,589 - INFO - /home/yifei/code/NLP/BERT-EM/fintune.py - [Epoch: 15, Step: 1836] Train Loss: 0.00212, Train Accuracy: 1.00000
2024-12-10 13:48:10,796 - INFO - /home/yifei/code/NLP/BERT-EM/fintune.py - [Epoch: 15, Step: 1848] Train Loss: 0.00401, Train Accuracy: 1.00000
2024-12-10 13:48:11,878 - INFO - /home/yifei/code/NLP/BERT-EM/fintune.py - [Epoch: 15, Step: 1860] Train Loss: 0.00169, Train Accuracy: 1.00000
2024-12-10 13:48:12,899 - INFO - /home/yifei/code/NLP/BERT-EM/fintune.py - [Epoch: 15, Step: 1872] Train Loss: 0.00180, Train Accuracy: 1.00000
2024-12-10 13:48:13,129 - INFO - /home/yifei/code/NLP/BERT-EM/fintune.py - Epoch 15 - Train Loss: 0.002485622059215199, Train Accuracy: 1.0
2024-12-10 13:48:14,666 - INFO - /home/yifei/code/NLP/BERT-EM/fintune.py - Epoch 15 - Test F1: 87.46
2024-12-10 13:48:15,487 - INFO - /home/yifei/code/NLP/BERT-EM/fintune.py - [Epoch: 16, Step: 1884] Train Loss: 0.00229, Train Accuracy: 1.00000
2024-12-10 13:48:16,622 - INFO - /home/yifei/code/NLP/BERT-EM/fintune.py - [Epoch: 16, Step: 1896] Train Loss: 0.00232, Train Accuracy: 1.00000
2024-12-10 13:48:17,779 - INFO - /home/yifei/code/NLP/BERT-EM/fintune.py - [Epoch: 16, Step: 1908] Train Loss: 0.00164, Train Accuracy: 1.00000
2024-12-10 13:48:18,796 - INFO - /home/yifei/code/NLP/BERT-EM/fintune.py - [Epoch: 16, Step: 1920] Train Loss: 0.00175, Train Accuracy: 1.00000
2024-12-10 13:48:19,895 - INFO - /home/yifei/code/NLP/BERT-EM/fintune.py - [Epoch: 16, Step: 1932] Train Loss: 0.00189, Train Accuracy: 1.00000
2024-12-10 13:48:20,981 - INFO - /home/yifei/code/NLP/BERT-EM/fintune.py - [Epoch: 16, Step: 1944] Train Loss: 0.00175, Train Accuracy: 1.00000
2024-12-10 13:48:22,150 - INFO - /home/yifei/code/NLP/BERT-EM/fintune.py - [Epoch: 16, Step: 1956] Train Loss: 0.00296, Train Accuracy: 1.00000
2024-12-10 13:48:23,184 - INFO - /home/yifei/code/NLP/BERT-EM/fintune.py - [Epoch: 16, Step: 1968] Train Loss: 0.00172, Train Accuracy: 1.00000
2024-12-10 13:48:24,267 - INFO - /home/yifei/code/NLP/BERT-EM/fintune.py - [Epoch: 16, Step: 1980] Train Loss: 0.00148, Train Accuracy: 1.00000
2024-12-10 13:48:25,448 - INFO - /home/yifei/code/NLP/BERT-EM/fintune.py - [Epoch: 16, Step: 1992] Train Loss: 0.00249, Train Accuracy: 1.00000
2024-12-10 13:48:26,115 - INFO - /home/yifei/code/NLP/BERT-EM/fintune.py - Epoch 16 - Train Loss: 0.002028471929952502, Train Accuracy: 1.0
2024-12-10 13:48:27,671 - INFO - /home/yifei/code/NLP/BERT-EM/fintune.py - Epoch 16 - Test F1: 87.37
2024-12-10 13:48:28,125 - INFO - /home/yifei/code/NLP/BERT-EM/fintune.py - [Epoch: 17, Step: 2004] Train Loss: 0.00227, Train Accuracy: 1.00000
2024-12-10 13:48:29,178 - INFO - /home/yifei/code/NLP/BERT-EM/fintune.py - [Epoch: 17, Step: 2016] Train Loss: 0.00159, Train Accuracy: 1.00000
2024-12-10 13:48:30,231 - INFO - /home/yifei/code/NLP/BERT-EM/fintune.py - [Epoch: 17, Step: 2028] Train Loss: 0.00160, Train Accuracy: 1.00000
2024-12-10 13:48:31,285 - INFO - /home/yifei/code/NLP/BERT-EM/fintune.py - [Epoch: 17, Step: 2040] Train Loss: 0.00124, Train Accuracy: 1.00000
2024-12-10 13:48:32,355 - INFO - /home/yifei/code/NLP/BERT-EM/fintune.py - [Epoch: 17, Step: 2052] Train Loss: 0.00181, Train Accuracy: 1.00000
2024-12-10 13:48:33,573 - INFO - /home/yifei/code/NLP/BERT-EM/fintune.py - [Epoch: 17, Step: 2064] Train Loss: 0.00131, Train Accuracy: 1.00000
2024-12-10 13:48:34,736 - INFO - /home/yifei/code/NLP/BERT-EM/fintune.py - [Epoch: 17, Step: 2076] Train Loss: 0.00189, Train Accuracy: 1.00000
2024-12-10 13:48:36,029 - INFO - /home/yifei/code/NLP/BERT-EM/fintune.py - [Epoch: 17, Step: 2088] Train Loss: 0.00157, Train Accuracy: 1.00000
2024-12-10 13:48:37,116 - INFO - /home/yifei/code/NLP/BERT-EM/fintune.py - [Epoch: 17, Step: 2100] Train Loss: 0.00200, Train Accuracy: 1.00000
2024-12-10 13:48:38,333 - INFO - /home/yifei/code/NLP/BERT-EM/fintune.py - [Epoch: 17, Step: 2112] Train Loss: 0.00169, Train Accuracy: 1.00000
2024-12-10 13:48:39,503 - INFO - /home/yifei/code/NLP/BERT-EM/fintune.py - [Epoch: 17, Step: 2124] Train Loss: 0.00189, Train Accuracy: 1.00000
2024-12-10 13:48:39,507 - INFO - /home/yifei/code/NLP/BERT-EM/fintune.py - Epoch 17 - Train Loss: 0.0017152070385319266, Train Accuracy: 1.0
2024-12-10 13:48:41,325 - INFO - /home/yifei/code/NLP/BERT-EM/fintune.py - Epoch 17 - Test F1: 87.38
2024-12-10 13:48:42,497 - INFO - /home/yifei/code/NLP/BERT-EM/fintune.py - [Epoch: 18, Step: 2136] Train Loss: 0.00138, Train Accuracy: 1.00000
2024-12-10 13:48:43,774 - INFO - /home/yifei/code/NLP/BERT-EM/fintune.py - [Epoch: 18, Step: 2148] Train Loss: 0.00127, Train Accuracy: 1.00000
2024-12-10 13:48:45,008 - INFO - /home/yifei/code/NLP/BERT-EM/fintune.py - [Epoch: 18, Step: 2160] Train Loss: 0.00187, Train Accuracy: 1.00000
2024-12-10 13:48:46,203 - INFO - /home/yifei/code/NLP/BERT-EM/fintune.py - [Epoch: 18, Step: 2172] Train Loss: 0.00148, Train Accuracy: 1.00000
2024-12-10 13:48:47,398 - INFO - /home/yifei/code/NLP/BERT-EM/fintune.py - [Epoch: 18, Step: 2184] Train Loss: 0.00198, Train Accuracy: 1.00000
2024-12-10 13:48:48,509 - INFO - /home/yifei/code/NLP/BERT-EM/fintune.py - [Epoch: 18, Step: 2196] Train Loss: 0.00184, Train Accuracy: 1.00000
2024-12-10 13:48:49,720 - INFO - /home/yifei/code/NLP/BERT-EM/fintune.py - [Epoch: 18, Step: 2208] Train Loss: 0.00133, Train Accuracy: 1.00000
2024-12-10 13:48:50,873 - INFO - /home/yifei/code/NLP/BERT-EM/fintune.py - [Epoch: 18, Step: 2220] Train Loss: 0.00141, Train Accuracy: 1.00000
2024-12-10 13:48:52,043 - INFO - /home/yifei/code/NLP/BERT-EM/fintune.py - [Epoch: 18, Step: 2232] Train Loss: 0.00127, Train Accuracy: 1.00000
2024-12-10 13:48:53,241 - INFO - /home/yifei/code/NLP/BERT-EM/fintune.py - [Epoch: 18, Step: 2244] Train Loss: 0.00125, Train Accuracy: 1.00000
2024-12-10 13:48:53,680 - INFO - /home/yifei/code/NLP/BERT-EM/fintune.py - Epoch 18 - Train Loss: 0.0015095882583409548, Train Accuracy: 1.0
2024-12-10 13:48:55,433 - INFO - /home/yifei/code/NLP/BERT-EM/fintune.py - Epoch 18 - Test F1: 87.29
2024-12-10 13:48:56,110 - INFO - /home/yifei/code/NLP/BERT-EM/fintune.py - [Epoch: 19, Step: 2256] Train Loss: 0.00234, Train Accuracy: 1.00000
2024-12-10 13:48:57,200 - INFO - /home/yifei/code/NLP/BERT-EM/fintune.py - [Epoch: 19, Step: 2268] Train Loss: 0.00116, Train Accuracy: 1.00000
2024-12-10 13:48:58,449 - INFO - /home/yifei/code/NLP/BERT-EM/fintune.py - [Epoch: 19, Step: 2280] Train Loss: 0.00174, Train Accuracy: 1.00000
2024-12-10 13:48:59,656 - INFO - /home/yifei/code/NLP/BERT-EM/fintune.py - [Epoch: 19, Step: 2292] Train Loss: 0.00151, Train Accuracy: 1.00000
2024-12-10 13:49:00,922 - INFO - /home/yifei/code/NLP/BERT-EM/fintune.py - [Epoch: 19, Step: 2304] Train Loss: 0.00172, Train Accuracy: 1.00000
2024-12-10 13:49:02,118 - INFO - /home/yifei/code/NLP/BERT-EM/fintune.py - [Epoch: 19, Step: 2316] Train Loss: 0.00129, Train Accuracy: 1.00000
2024-12-10 13:49:03,427 - INFO - /home/yifei/code/NLP/BERT-EM/fintune.py - [Epoch: 19, Step: 2328] Train Loss: 0.00130, Train Accuracy: 1.00000
2024-12-10 13:49:04,592 - INFO - /home/yifei/code/NLP/BERT-EM/fintune.py - [Epoch: 19, Step: 2340] Train Loss: 0.00175, Train Accuracy: 1.00000
2024-12-10 13:49:05,859 - INFO - /home/yifei/code/NLP/BERT-EM/fintune.py - [Epoch: 19, Step: 2352] Train Loss: 0.00113, Train Accuracy: 1.00000
2024-12-10 13:49:06,959 - INFO - /home/yifei/code/NLP/BERT-EM/fintune.py - [Epoch: 19, Step: 2364] Train Loss: 0.00123, Train Accuracy: 1.00000
2024-12-10 13:49:07,822 - INFO - /home/yifei/code/NLP/BERT-EM/fintune.py - Epoch 19 - Train Loss: 0.0015175518463365733, Train Accuracy: 1.0
2024-12-10 13:49:09,571 - INFO - /home/yifei/code/NLP/BERT-EM/fintune.py - Epoch 19 - Test F1: 87.37
2024-12-10 13:49:09,774 - INFO - /home/yifei/code/NLP/BERT-EM/fintune.py - [Epoch: 20, Step: 2376] Train Loss: 0.00164, Train Accuracy: 1.00000
2024-12-10 13:49:10,872 - INFO - /home/yifei/code/NLP/BERT-EM/fintune.py - [Epoch: 20, Step: 2388] Train Loss: 0.00153, Train Accuracy: 1.00000
2024-12-10 13:49:12,045 - INFO - /home/yifei/code/NLP/BERT-EM/fintune.py - [Epoch: 20, Step: 2400] Train Loss: 0.00169, Train Accuracy: 1.00000
2024-12-10 13:49:13,235 - INFO - /home/yifei/code/NLP/BERT-EM/fintune.py - [Epoch: 20, Step: 2412] Train Loss: 0.00200, Train Accuracy: 1.00000
2024-12-10 13:49:14,578 - INFO - /home/yifei/code/NLP/BERT-EM/fintune.py - [Epoch: 20, Step: 2424] Train Loss: 0.00126, Train Accuracy: 1.00000
2024-12-10 13:49:15,701 - INFO - /home/yifei/code/NLP/BERT-EM/fintune.py - [Epoch: 20, Step: 2436] Train Loss: 0.00132, Train Accuracy: 1.00000
2024-12-10 13:49:16,890 - INFO - /home/yifei/code/NLP/BERT-EM/fintune.py - [Epoch: 20, Step: 2448] Train Loss: 0.00132, Train Accuracy: 1.00000
2024-12-10 13:49:18,104 - INFO - /home/yifei/code/NLP/BERT-EM/fintune.py - [Epoch: 20, Step: 2460] Train Loss: 0.00109, Train Accuracy: 1.00000
2024-12-10 13:49:19,321 - INFO - /home/yifei/code/NLP/BERT-EM/fintune.py - [Epoch: 20, Step: 2472] Train Loss: 0.00110, Train Accuracy: 1.00000
2024-12-10 13:49:20,489 - INFO - /home/yifei/code/NLP/BERT-EM/fintune.py - [Epoch: 20, Step: 2484] Train Loss: 0.00125, Train Accuracy: 1.00000
2024-12-10 13:49:21,595 - INFO - /home/yifei/code/NLP/BERT-EM/fintune.py - [Epoch: 20, Step: 2496] Train Loss: 0.00216, Train Accuracy: 1.00000
2024-12-10 13:49:21,877 - INFO - /home/yifei/code/NLP/BERT-EM/fintune.py - Epoch 20 - Train Loss: 0.0014861859698695216, Train Accuracy: 1.0
2024-12-10 13:49:23,632 - INFO - /home/yifei/code/NLP/BERT-EM/fintune.py - Epoch 20 - Test F1: 87.41
2024-12-10 13:49:24,509 - INFO - /home/yifei/code/NLP/BERT-EM/fintune.py - [Epoch: 21, Step: 2508] Train Loss: 0.00104, Train Accuracy: 1.00000
2024-12-10 13:49:25,639 - INFO - /home/yifei/code/NLP/BERT-EM/fintune.py - [Epoch: 21, Step: 2520] Train Loss: 0.00145, Train Accuracy: 1.00000
2024-12-10 13:49:26,737 - INFO - /home/yifei/code/NLP/BERT-EM/fintune.py - [Epoch: 21, Step: 2532] Train Loss: 0.00130, Train Accuracy: 1.00000
2024-12-10 13:49:27,863 - INFO - /home/yifei/code/NLP/BERT-EM/fintune.py - [Epoch: 21, Step: 2544] Train Loss: 0.00146, Train Accuracy: 1.00000
2024-12-10 13:49:29,077 - INFO - /home/yifei/code/NLP/BERT-EM/fintune.py - [Epoch: 21, Step: 2556] Train Loss: 0.00160, Train Accuracy: 1.00000
2024-12-10 13:49:30,356 - INFO - /home/yifei/code/NLP/BERT-EM/fintune.py - [Epoch: 21, Step: 2568] Train Loss: 0.00134, Train Accuracy: 1.00000
2024-12-10 13:49:31,500 - INFO - /home/yifei/code/NLP/BERT-EM/fintune.py - [Epoch: 21, Step: 2580] Train Loss: 0.00123, Train Accuracy: 1.00000
2024-12-10 13:49:32,751 - INFO - /home/yifei/code/NLP/BERT-EM/fintune.py - [Epoch: 21, Step: 2592] Train Loss: 0.00125, Train Accuracy: 1.00000
2024-12-10 13:49:33,909 - INFO - /home/yifei/code/NLP/BERT-EM/fintune.py - [Epoch: 21, Step: 2604] Train Loss: 0.00090, Train Accuracy: 1.00000
2024-12-10 13:49:35,138 - INFO - /home/yifei/code/NLP/BERT-EM/fintune.py - [Epoch: 21, Step: 2616] Train Loss: 0.00203, Train Accuracy: 1.00000
2024-12-10 13:49:36,005 - INFO - /home/yifei/code/NLP/BERT-EM/fintune.py - Epoch 21 - Train Loss: 0.0013585411827079952, Train Accuracy: 1.0
2024-12-10 13:49:37,780 - INFO - /home/yifei/code/NLP/BERT-EM/fintune.py - Epoch 21 - Test F1: 87.31
2024-12-10 13:49:38,176 - INFO - /home/yifei/code/NLP/BERT-EM/fintune.py - [Epoch: 22, Step: 2628] Train Loss: 0.00086, Train Accuracy: 1.00000
2024-12-10 13:49:39,298 - INFO - /home/yifei/code/NLP/BERT-EM/fintune.py - [Epoch: 22, Step: 2640] Train Loss: 0.00161, Train Accuracy: 1.00000
2024-12-10 13:49:40,568 - INFO - /home/yifei/code/NLP/BERT-EM/fintune.py - [Epoch: 22, Step: 2652] Train Loss: 0.00163, Train Accuracy: 1.00000
2024-12-10 13:49:41,770 - INFO - /home/yifei/code/NLP/BERT-EM/fintune.py - [Epoch: 22, Step: 2664] Train Loss: 0.00151, Train Accuracy: 1.00000
2024-12-10 13:49:42,876 - INFO - /home/yifei/code/NLP/BERT-EM/fintune.py - [Epoch: 22, Step: 2676] Train Loss: 0.00102, Train Accuracy: 1.00000
2024-12-10 13:49:44,060 - INFO - /home/yifei/code/NLP/BERT-EM/fintune.py - [Epoch: 22, Step: 2688] Train Loss: 0.00127, Train Accuracy: 1.00000
2024-12-10 13:49:45,315 - INFO - /home/yifei/code/NLP/BERT-EM/fintune.py - [Epoch: 22, Step: 2700] Train Loss: 0.00158, Train Accuracy: 1.00000
2024-12-10 13:49:46,538 - INFO - /home/yifei/code/NLP/BERT-EM/fintune.py - [Epoch: 22, Step: 2712] Train Loss: 0.00124, Train Accuracy: 1.00000
2024-12-10 13:49:47,707 - INFO - /home/yifei/code/NLP/BERT-EM/fintune.py - [Epoch: 22, Step: 2724] Train Loss: 0.00107, Train Accuracy: 1.00000
2024-12-10 13:49:48,903 - INFO - /home/yifei/code/NLP/BERT-EM/fintune.py - [Epoch: 22, Step: 2736] Train Loss: 0.00124, Train Accuracy: 1.00000
2024-12-10 13:49:50,138 - INFO - /home/yifei/code/NLP/BERT-EM/fintune.py - [Epoch: 22, Step: 2748] Train Loss: 0.00207, Train Accuracy: 1.00000
2024-12-10 13:49:50,238 - INFO - /home/yifei/code/NLP/BERT-EM/fintune.py - Epoch 22 - Train Loss: 0.0013712377827191217, Train Accuracy: 1.0
2024-12-10 13:49:52,049 - INFO - /home/yifei/code/NLP/BERT-EM/fintune.py - Epoch 22 - Test F1: 87.5
2024-12-10 13:49:53,119 - INFO - /home/yifei/code/NLP/BERT-EM/fintune.py - [Epoch: 23, Step: 2760] Train Loss: 0.00146, Train Accuracy: 1.00000
2024-12-10 13:49:54,354 - INFO - /home/yifei/code/NLP/BERT-EM/fintune.py - [Epoch: 23, Step: 2772] Train Loss: 0.00097, Train Accuracy: 1.00000
2024-12-10 13:49:55,526 - INFO - /home/yifei/code/NLP/BERT-EM/fintune.py - [Epoch: 23, Step: 2784] Train Loss: 0.00109, Train Accuracy: 1.00000
2024-12-10 13:49:56,532 - INFO - /home/yifei/code/NLP/BERT-EM/fintune.py - [Epoch: 23, Step: 2796] Train Loss: 0.00146, Train Accuracy: 1.00000
2024-12-10 13:49:57,685 - INFO - /home/yifei/code/NLP/BERT-EM/fintune.py - [Epoch: 23, Step: 2808] Train Loss: 0.00139, Train Accuracy: 1.00000
2024-12-10 13:49:58,903 - INFO - /home/yifei/code/NLP/BERT-EM/fintune.py - [Epoch: 23, Step: 2820] Train Loss: 0.00099, Train Accuracy: 1.00000
2024-12-10 13:50:00,010 - INFO - /home/yifei/code/NLP/BERT-EM/fintune.py - [Epoch: 23, Step: 2832] Train Loss: 0.00129, Train Accuracy: 1.00000
2024-12-10 13:50:01,199 - INFO - /home/yifei/code/NLP/BERT-EM/fintune.py - [Epoch: 23, Step: 2844] Train Loss: 0.00090, Train Accuracy: 1.00000
2024-12-10 13:50:02,415 - INFO - /home/yifei/code/NLP/BERT-EM/fintune.py - [Epoch: 23, Step: 2856] Train Loss: 0.00180, Train Accuracy: 1.00000
2024-12-10 13:50:03,689 - INFO - /home/yifei/code/NLP/BERT-EM/fintune.py - [Epoch: 23, Step: 2868] Train Loss: 0.00152, Train Accuracy: 1.00000
2024-12-10 13:50:04,264 - INFO - /home/yifei/code/NLP/BERT-EM/fintune.py - Epoch 23 - Train Loss: 0.0012884374184068293, Train Accuracy: 1.0
2024-12-10 13:50:06,042 - INFO - /home/yifei/code/NLP/BERT-EM/fintune.py - Epoch 23 - Test F1: 87.34
2024-12-10 13:50:06,732 - INFO - /home/yifei/code/NLP/BERT-EM/fintune.py - [Epoch: 24, Step: 2880] Train Loss: 0.00134, Train Accuracy: 1.00000
2024-12-10 13:50:07,830 - INFO - /home/yifei/code/NLP/BERT-EM/fintune.py - [Epoch: 24, Step: 2892] Train Loss: 0.00116, Train Accuracy: 1.00000
2024-12-10 13:50:08,969 - INFO - /home/yifei/code/NLP/BERT-EM/fintune.py - [Epoch: 24, Step: 2904] Train Loss: 0.00149, Train Accuracy: 1.00000
2024-12-10 13:50:10,147 - INFO - /home/yifei/code/NLP/BERT-EM/fintune.py - [Epoch: 24, Step: 2916] Train Loss: 0.00075, Train Accuracy: 1.00000
2024-12-10 13:50:11,296 - INFO - /home/yifei/code/NLP/BERT-EM/fintune.py - [Epoch: 24, Step: 2928] Train Loss: 0.00172, Train Accuracy: 1.00000
2024-12-10 13:50:12,465 - INFO - /home/yifei/code/NLP/BERT-EM/fintune.py - [Epoch: 24, Step: 2940] Train Loss: 0.00142, Train Accuracy: 1.00000
2024-12-10 13:50:13,705 - INFO - /home/yifei/code/NLP/BERT-EM/fintune.py - [Epoch: 24, Step: 2952] Train Loss: 0.00131, Train Accuracy: 1.00000
2024-12-10 13:50:14,801 - INFO - /home/yifei/code/NLP/BERT-EM/fintune.py - [Epoch: 24, Step: 2964] Train Loss: 0.00126, Train Accuracy: 1.00000
2024-12-10 13:50:15,919 - INFO - /home/yifei/code/NLP/BERT-EM/fintune.py - [Epoch: 24, Step: 2976] Train Loss: 0.00146, Train Accuracy: 1.00000
2024-12-10 13:50:17,137 - INFO - /home/yifei/code/NLP/BERT-EM/fintune.py - [Epoch: 24, Step: 2988] Train Loss: 0.00104, Train Accuracy: 1.00000
2024-12-10 13:50:18,194 - INFO - /home/yifei/code/NLP/BERT-EM/fintune.py - Epoch 24 - Train Loss: 0.0012948742893058806, Train Accuracy: 1.0
2024-12-10 13:50:20,022 - INFO - /home/yifei/code/NLP/BERT-EM/fintune.py - Epoch 24 - Test F1: 87.39
2024-12-10 13:50:20,101 - INFO - /home/yifei/code/NLP/BERT-EM/fintune.py - [Epoch: 25, Step: 3000] Train Loss: 0.00112, Train Accuracy: 1.00000
2024-12-10 13:50:21,227 - INFO - /home/yifei/code/NLP/BERT-EM/fintune.py - [Epoch: 25, Step: 3012] Train Loss: 0.00096, Train Accuracy: 1.00000
2024-12-10 13:50:22,429 - INFO - /home/yifei/code/NLP/BERT-EM/fintune.py - [Epoch: 25, Step: 3024] Train Loss: 0.00122, Train Accuracy: 1.00000
2024-12-10 13:50:23,755 - INFO - /home/yifei/code/NLP/BERT-EM/fintune.py - [Epoch: 25, Step: 3036] Train Loss: 0.00092, Train Accuracy: 1.00000
2024-12-10 13:50:24,853 - INFO - /home/yifei/code/NLP/BERT-EM/fintune.py - [Epoch: 25, Step: 3048] Train Loss: 0.00076, Train Accuracy: 1.00000
2024-12-10 13:50:26,093 - INFO - /home/yifei/code/NLP/BERT-EM/fintune.py - [Epoch: 25, Step: 3060] Train Loss: 0.00104, Train Accuracy: 1.00000
2024-12-10 13:50:27,247 - INFO - /home/yifei/code/NLP/BERT-EM/fintune.py - [Epoch: 25, Step: 3072] Train Loss: 0.00106, Train Accuracy: 1.00000
2024-12-10 13:50:28,348 - INFO - /home/yifei/code/NLP/BERT-EM/fintune.py - [Epoch: 25, Step: 3084] Train Loss: 0.00068, Train Accuracy: 1.00000
2024-12-10 13:50:29,452 - INFO - /home/yifei/code/NLP/BERT-EM/fintune.py - [Epoch: 25, Step: 3096] Train Loss: 0.00085, Train Accuracy: 1.00000
2024-12-10 13:50:30,506 - INFO - /home/yifei/code/NLP/BERT-EM/fintune.py - [Epoch: 25, Step: 3108] Train Loss: 0.00131, Train Accuracy: 1.00000
2024-12-10 13:50:31,603 - INFO - /home/yifei/code/NLP/BERT-EM/fintune.py - [Epoch: 25, Step: 3120] Train Loss: 0.00107, Train Accuracy: 1.00000
2024-12-10 13:50:31,932 - INFO - /home/yifei/code/NLP/BERT-EM/fintune.py - Epoch 25 - Train Loss: 0.0010010575960305605, Train Accuracy: 1.0
2024-12-10 13:50:33,670 - INFO - /home/yifei/code/NLP/BERT-EM/fintune.py - Epoch 25 - Test F1: 87.43
2024-12-10 13:50:34,407 - INFO - /home/yifei/code/NLP/BERT-EM/fintune.py - [Epoch: 26, Step: 3132] Train Loss: 0.00078, Train Accuracy: 1.00000
2024-12-10 13:50:35,683 - INFO - /home/yifei/code/NLP/BERT-EM/fintune.py - [Epoch: 26, Step: 3144] Train Loss: 0.00113, Train Accuracy: 1.00000
2024-12-10 13:50:36,853 - INFO - /home/yifei/code/NLP/BERT-EM/fintune.py - [Epoch: 26, Step: 3156] Train Loss: 0.00118, Train Accuracy: 1.00000
2024-12-10 13:50:37,961 - INFO - /home/yifei/code/NLP/BERT-EM/fintune.py - [Epoch: 26, Step: 3168] Train Loss: 0.00091, Train Accuracy: 1.00000
2024-12-10 13:50:39,192 - INFO - /home/yifei/code/NLP/BERT-EM/fintune.py - [Epoch: 26, Step: 3180] Train Loss: 0.00107, Train Accuracy: 1.00000
2024-12-10 13:50:40,395 - INFO - /home/yifei/code/NLP/BERT-EM/fintune.py - [Epoch: 26, Step: 3192] Train Loss: 0.00101, Train Accuracy: 1.00000
2024-12-10 13:50:41,524 - INFO - /home/yifei/code/NLP/BERT-EM/fintune.py - [Epoch: 26, Step: 3204] Train Loss: 0.00116, Train Accuracy: 1.00000
2024-12-10 13:50:42,650 - INFO - /home/yifei/code/NLP/BERT-EM/fintune.py - [Epoch: 26, Step: 3216] Train Loss: 0.00068, Train Accuracy: 1.00000
2024-12-10 13:50:43,799 - INFO - /home/yifei/code/NLP/BERT-EM/fintune.py - [Epoch: 26, Step: 3228] Train Loss: 0.00111, Train Accuracy: 1.00000
2024-12-10 13:50:44,934 - INFO - /home/yifei/code/NLP/BERT-EM/fintune.py - [Epoch: 26, Step: 3240] Train Loss: 0.00074, Train Accuracy: 1.00000
2024-12-10 13:50:45,737 - INFO - /home/yifei/code/NLP/BERT-EM/fintune.py - Epoch 26 - Train Loss: 0.0009761335328221321, Train Accuracy: 1.0
2024-12-10 13:50:47,505 - INFO - /home/yifei/code/NLP/BERT-EM/fintune.py - Epoch 26 - Test F1: 87.42
2024-12-10 13:50:47,777 - INFO - /home/yifei/code/NLP/BERT-EM/fintune.py - [Epoch: 27, Step: 3252] Train Loss: 0.00148, Train Accuracy: 1.00000
2024-12-10 13:50:48,963 - INFO - /home/yifei/code/NLP/BERT-EM/fintune.py - [Epoch: 27, Step: 3264] Train Loss: 0.00082, Train Accuracy: 1.00000
2024-12-10 13:50:50,117 - INFO - /home/yifei/code/NLP/BERT-EM/fintune.py - [Epoch: 27, Step: 3276] Train Loss: 0.00089, Train Accuracy: 1.00000
2024-12-10 13:50:51,339 - INFO - /home/yifei/code/NLP/BERT-EM/fintune.py - [Epoch: 27, Step: 3288] Train Loss: 0.00092, Train Accuracy: 1.00000
2024-12-10 13:50:52,527 - INFO - /home/yifei/code/NLP/BERT-EM/fintune.py - [Epoch: 27, Step: 3300] Train Loss: 0.00123, Train Accuracy: 1.00000
2024-12-10 13:50:53,752 - INFO - /home/yifei/code/NLP/BERT-EM/fintune.py - [Epoch: 27, Step: 3312] Train Loss: 0.00081, Train Accuracy: 1.00000
2024-12-10 13:50:55,051 - INFO - /home/yifei/code/NLP/BERT-EM/fintune.py - [Epoch: 27, Step: 3324] Train Loss: 0.00105, Train Accuracy: 1.00000
2024-12-10 13:50:56,142 - INFO - /home/yifei/code/NLP/BERT-EM/fintune.py - [Epoch: 27, Step: 3336] Train Loss: 0.00144, Train Accuracy: 1.00000
2024-12-10 13:50:57,308 - INFO - /home/yifei/code/NLP/BERT-EM/fintune.py - [Epoch: 27, Step: 3348] Train Loss: 0.00085, Train Accuracy: 1.00000
2024-12-10 13:50:58,416 - INFO - /home/yifei/code/NLP/BERT-EM/fintune.py - [Epoch: 27, Step: 3360] Train Loss: 0.00086, Train Accuracy: 1.00000
2024-12-10 13:50:59,473 - INFO - /home/yifei/code/NLP/BERT-EM/fintune.py - [Epoch: 27, Step: 3372] Train Loss: 0.00102, Train Accuracy: 1.00000
2024-12-10 13:50:59,689 - INFO - /home/yifei/code/NLP/BERT-EM/fintune.py - Epoch 27 - Train Loss: 0.001031852819406512, Train Accuracy: 1.0
2024-12-10 13:51:01,589 - INFO - /home/yifei/code/NLP/BERT-EM/fintune.py - Epoch 27 - Test F1: 87.42
2024-12-10 13:51:02,562 - INFO - /home/yifei/code/NLP/BERT-EM/fintune.py - [Epoch: 28, Step: 3384] Train Loss: 0.00137, Train Accuracy: 1.00000
2024-12-10 13:51:03,740 - INFO - /home/yifei/code/NLP/BERT-EM/fintune.py - [Epoch: 28, Step: 3396] Train Loss: 0.00126, Train Accuracy: 1.00000
2024-12-10 13:51:04,945 - INFO - /home/yifei/code/NLP/BERT-EM/fintune.py - [Epoch: 28, Step: 3408] Train Loss: 0.00096, Train Accuracy: 1.00000
2024-12-10 13:51:06,154 - INFO - /home/yifei/code/NLP/BERT-EM/fintune.py - [Epoch: 28, Step: 3420] Train Loss: 0.00115, Train Accuracy: 1.00000
2024-12-10 13:51:07,309 - INFO - /home/yifei/code/NLP/BERT-EM/fintune.py - [Epoch: 28, Step: 3432] Train Loss: 0.00092, Train Accuracy: 1.00000
2024-12-10 13:51:08,549 - INFO - /home/yifei/code/NLP/BERT-EM/fintune.py - [Epoch: 28, Step: 3444] Train Loss: 0.00133, Train Accuracy: 1.00000
2024-12-10 13:51:09,653 - INFO - /home/yifei/code/NLP/BERT-EM/fintune.py - [Epoch: 28, Step: 3456] Train Loss: 0.00102, Train Accuracy: 1.00000
2024-12-10 13:51:10,849 - INFO - /home/yifei/code/NLP/BERT-EM/fintune.py - [Epoch: 28, Step: 3468] Train Loss: 0.00121, Train Accuracy: 1.00000
2024-12-10 13:51:11,999 - INFO - /home/yifei/code/NLP/BERT-EM/fintune.py - [Epoch: 28, Step: 3480] Train Loss: 0.00117, Train Accuracy: 1.00000
2024-12-10 13:51:13,224 - INFO - /home/yifei/code/NLP/BERT-EM/fintune.py - [Epoch: 28, Step: 3492] Train Loss: 0.00100, Train Accuracy: 1.00000
2024-12-10 13:51:13,896 - INFO - /home/yifei/code/NLP/BERT-EM/fintune.py - Epoch 28 - Train Loss: 0.0011372529028449208, Train Accuracy: 1.0
2024-12-10 13:51:15,618 - INFO - /home/yifei/code/NLP/BERT-EM/fintune.py - Epoch 28 - Test F1: 87.34
2024-12-10 13:51:16,160 - INFO - /home/yifei/code/NLP/BERT-EM/fintune.py - [Epoch: 29, Step: 3504] Train Loss: 0.00112, Train Accuracy: 1.00000
2024-12-10 13:51:17,312 - INFO - /home/yifei/code/NLP/BERT-EM/fintune.py - [Epoch: 29, Step: 3516] Train Loss: 0.00123, Train Accuracy: 1.00000
2024-12-10 13:51:18,380 - INFO - /home/yifei/code/NLP/BERT-EM/fintune.py - [Epoch: 29, Step: 3528] Train Loss: 0.00119, Train Accuracy: 1.00000
2024-12-10 13:51:19,499 - INFO - /home/yifei/code/NLP/BERT-EM/fintune.py - [Epoch: 29, Step: 3540] Train Loss: 0.00076, Train Accuracy: 1.00000
2024-12-10 13:51:20,757 - INFO - /home/yifei/code/NLP/BERT-EM/fintune.py - [Epoch: 29, Step: 3552] Train Loss: 0.00112, Train Accuracy: 1.00000
2024-12-10 13:51:21,872 - INFO - /home/yifei/code/NLP/BERT-EM/fintune.py - [Epoch: 29, Step: 3564] Train Loss: 0.00076, Train Accuracy: 1.00000
2024-12-10 13:51:23,054 - INFO - /home/yifei/code/NLP/BERT-EM/fintune.py - [Epoch: 29, Step: 3576] Train Loss: 0.00108, Train Accuracy: 1.00000
2024-12-10 13:51:24,235 - INFO - /home/yifei/code/NLP/BERT-EM/fintune.py - [Epoch: 29, Step: 3588] Train Loss: 0.00100, Train Accuracy: 1.00000
2024-12-10 13:51:25,339 - INFO - /home/yifei/code/NLP/BERT-EM/fintune.py - [Epoch: 29, Step: 3600] Train Loss: 0.00065, Train Accuracy: 1.00000
2024-12-10 13:51:26,656 - INFO - /home/yifei/code/NLP/BERT-EM/fintune.py - [Epoch: 29, Step: 3612] Train Loss: 0.00112, Train Accuracy: 1.00000
2024-12-10 13:51:27,894 - INFO - /home/yifei/code/NLP/BERT-EM/fintune.py - [Epoch: 29, Step: 3624] Train Loss: 0.00072, Train Accuracy: 1.00000
2024-12-10 13:51:27,896 - INFO - /home/yifei/code/NLP/BERT-EM/fintune.py - Epoch 29 - Train Loss: 0.0009770301138897512, Train Accuracy: 1.0
2024-12-10 13:51:29,634 - INFO - /home/yifei/code/NLP/BERT-EM/fintune.py - Epoch 29 - Test F1: 87.33
2024-12-10 13:51:30,749 - INFO - /home/yifei/code/NLP/BERT-EM/fintune.py - [Epoch: 30, Step: 3636] Train Loss: 0.00119, Train Accuracy: 1.00000
2024-12-10 13:51:31,810 - INFO - /home/yifei/code/NLP/BERT-EM/fintune.py - [Epoch: 30, Step: 3648] Train Loss: 0.00068, Train Accuracy: 1.00000
2024-12-10 13:51:32,963 - INFO - /home/yifei/code/NLP/BERT-EM/fintune.py - [Epoch: 30, Step: 3660] Train Loss: 0.00061, Train Accuracy: 1.00000
2024-12-10 13:51:34,067 - INFO - /home/yifei/code/NLP/BERT-EM/fintune.py - [Epoch: 30, Step: 3672] Train Loss: 0.00079, Train Accuracy: 1.00000
2024-12-10 13:51:35,129 - INFO - /home/yifei/code/NLP/BERT-EM/fintune.py - [Epoch: 30, Step: 3684] Train Loss: 0.00065, Train Accuracy: 1.00000
2024-12-10 13:51:36,358 - INFO - /home/yifei/code/NLP/BERT-EM/fintune.py - [Epoch: 30, Step: 3696] Train Loss: 0.00073, Train Accuracy: 1.00000
2024-12-10 13:51:37,640 - INFO - /home/yifei/code/NLP/BERT-EM/fintune.py - [Epoch: 30, Step: 3708] Train Loss: 0.00095, Train Accuracy: 1.00000
2024-12-10 13:51:38,790 - INFO - /home/yifei/code/NLP/BERT-EM/fintune.py - [Epoch: 30, Step: 3720] Train Loss: 0.00085, Train Accuracy: 1.00000
2024-12-10 13:51:39,897 - INFO - /home/yifei/code/NLP/BERT-EM/fintune.py - [Epoch: 30, Step: 3732] Train Loss: 0.00081, Train Accuracy: 1.00000
2024-12-10 13:51:40,977 - INFO - /home/yifei/code/NLP/BERT-EM/fintune.py - [Epoch: 30, Step: 3744] Train Loss: 0.00093, Train Accuracy: 1.00000
2024-12-10 13:51:41,434 - INFO - /home/yifei/code/NLP/BERT-EM/fintune.py - Epoch 30 - Train Loss: 0.000819124310510233, Train Accuracy: 1.0
2024-12-10 13:51:43,155 - INFO - /home/yifei/code/NLP/BERT-EM/fintune.py - Epoch 30 - Test F1: 87.3
2024-12-10 13:51:43,779 - INFO - /home/yifei/code/NLP/BERT-EM/fintune.py - [Epoch: 31, Step: 3756] Train Loss: 0.00081, Train Accuracy: 1.00000
2024-12-10 13:51:44,910 - INFO - /home/yifei/code/NLP/BERT-EM/fintune.py - [Epoch: 31, Step: 3768] Train Loss: 0.00092, Train Accuracy: 1.00000
2024-12-10 13:51:46,079 - INFO - /home/yifei/code/NLP/BERT-EM/fintune.py - [Epoch: 31, Step: 3780] Train Loss: 0.00077, Train Accuracy: 1.00000
2024-12-10 13:51:47,199 - INFO - /home/yifei/code/NLP/BERT-EM/fintune.py - [Epoch: 31, Step: 3792] Train Loss: 0.00075, Train Accuracy: 1.00000
2024-12-10 13:51:48,326 - INFO - /home/yifei/code/NLP/BERT-EM/fintune.py - [Epoch: 31, Step: 3804] Train Loss: 0.00103, Train Accuracy: 1.00000
2024-12-10 13:51:49,369 - INFO - /home/yifei/code/NLP/BERT-EM/fintune.py - [Epoch: 31, Step: 3816] Train Loss: 0.00112, Train Accuracy: 1.00000
2024-12-10 13:51:50,532 - INFO - /home/yifei/code/NLP/BERT-EM/fintune.py - [Epoch: 31, Step: 3828] Train Loss: 0.00063, Train Accuracy: 1.00000
2024-12-10 13:51:51,583 - INFO - /home/yifei/code/NLP/BERT-EM/fintune.py - [Epoch: 31, Step: 3840] Train Loss: 0.00094, Train Accuracy: 1.00000
2024-12-10 13:51:52,812 - INFO - /home/yifei/code/NLP/BERT-EM/fintune.py - [Epoch: 31, Step: 3852] Train Loss: 0.00062, Train Accuracy: 1.00000
2024-12-10 13:51:53,932 - INFO - /home/yifei/code/NLP/BERT-EM/fintune.py - [Epoch: 31, Step: 3864] Train Loss: 0.00064, Train Accuracy: 1.00000
2024-12-10 13:51:54,813 - INFO - /home/yifei/code/NLP/BERT-EM/fintune.py - Epoch 31 - Train Loss: 0.0008235403627622872, Train Accuracy: 1.0
2024-12-10 13:51:56,351 - INFO - /home/yifei/code/NLP/BERT-EM/fintune.py - Epoch 31 - Test F1: 87.35
2024-12-10 13:51:56,522 - INFO - /home/yifei/code/NLP/BERT-EM/fintune.py - [Epoch: 32, Step: 3876] Train Loss: 0.00092, Train Accuracy: 1.00000
2024-12-10 13:51:57,628 - INFO - /home/yifei/code/NLP/BERT-EM/fintune.py - [Epoch: 32, Step: 3888] Train Loss: 0.00105, Train Accuracy: 1.00000
2024-12-10 13:51:58,701 - INFO - /home/yifei/code/NLP/BERT-EM/fintune.py - [Epoch: 32, Step: 3900] Train Loss: 0.00084, Train Accuracy: 1.00000
2024-12-10 13:51:59,750 - INFO - /home/yifei/code/NLP/BERT-EM/fintune.py - [Epoch: 32, Step: 3912] Train Loss: 0.00088, Train Accuracy: 1.00000
2024-12-10 13:52:00,832 - INFO - /home/yifei/code/NLP/BERT-EM/fintune.py - [Epoch: 32, Step: 3924] Train Loss: 0.00080, Train Accuracy: 1.00000
2024-12-10 13:52:02,100 - INFO - /home/yifei/code/NLP/BERT-EM/fintune.py - [Epoch: 32, Step: 3936] Train Loss: 0.00058, Train Accuracy: 1.00000
2024-12-10 13:52:03,277 - INFO - /home/yifei/code/NLP/BERT-EM/fintune.py - [Epoch: 32, Step: 3948] Train Loss: 0.00081, Train Accuracy: 1.00000
2024-12-10 13:52:04,404 - INFO - /home/yifei/code/NLP/BERT-EM/fintune.py - [Epoch: 32, Step: 3960] Train Loss: 0.00072, Train Accuracy: 1.00000
2024-12-10 13:52:05,472 - INFO - /home/yifei/code/NLP/BERT-EM/fintune.py - [Epoch: 32, Step: 3972] Train Loss: 0.00108, Train Accuracy: 1.00000
2024-12-10 13:52:06,616 - INFO - /home/yifei/code/NLP/BERT-EM/fintune.py - [Epoch: 32, Step: 3984] Train Loss: 0.00090, Train Accuracy: 1.00000
2024-12-10 13:52:07,841 - INFO - /home/yifei/code/NLP/BERT-EM/fintune.py - [Epoch: 32, Step: 3996] Train Loss: 0.00108, Train Accuracy: 1.00000
2024-12-10 13:52:08,107 - INFO - /home/yifei/code/NLP/BERT-EM/fintune.py - Epoch 32 - Train Loss: 0.0008778705430979079, Train Accuracy: 1.0
2024-12-10 13:52:09,824 - INFO - /home/yifei/code/NLP/BERT-EM/fintune.py - Epoch 32 - Test F1: 87.33
