2024-12-09 14:06:59,422 - INFO - root - [FREE]: encoder.layer.18.attention.self.query.weight
2024-12-09 14:06:59,422 - INFO - root - [FREE]: encoder.layer.18.attention.self.query.bias
2024-12-09 14:06:59,422 - INFO - root - [FREE]: encoder.layer.18.attention.self.key.weight
2024-12-09 14:06:59,422 - INFO - root - [FREE]: encoder.layer.18.attention.self.key.bias
2024-12-09 14:06:59,422 - INFO - root - [FREE]: encoder.layer.18.attention.self.value.weight
2024-12-09 14:06:59,422 - INFO - root - [FREE]: encoder.layer.18.attention.self.value.bias
2024-12-09 14:06:59,422 - INFO - root - [FREE]: encoder.layer.18.attention.output.dense.weight
2024-12-09 14:06:59,422 - INFO - root - [FREE]: encoder.layer.18.attention.output.dense.bias
2024-12-09 14:06:59,422 - INFO - root - [FREE]: encoder.layer.18.attention.output.LayerNorm.weight
2024-12-09 14:06:59,422 - INFO - root - [FREE]: encoder.layer.18.attention.output.LayerNorm.bias
2024-12-09 14:06:59,422 - INFO - root - [FREE]: encoder.layer.18.intermediate.dense.weight
2024-12-09 14:06:59,422 - INFO - root - [FREE]: encoder.layer.18.intermediate.dense.bias
2024-12-09 14:06:59,422 - INFO - root - [FREE]: encoder.layer.18.output.dense.weight
2024-12-09 14:06:59,422 - INFO - root - [FREE]: encoder.layer.18.output.dense.bias
2024-12-09 14:06:59,422 - INFO - root - [FREE]: encoder.layer.18.output.LayerNorm.weight
2024-12-09 14:06:59,422 - INFO - root - [FREE]: encoder.layer.18.output.LayerNorm.bias
2024-12-09 14:06:59,422 - INFO - root - [FREE]: encoder.layer.19.attention.self.query.weight
2024-12-09 14:06:59,422 - INFO - root - [FREE]: encoder.layer.19.attention.self.query.bias
2024-12-09 14:06:59,422 - INFO - root - [FREE]: encoder.layer.19.attention.self.key.weight
2024-12-09 14:06:59,422 - INFO - root - [FREE]: encoder.layer.19.attention.self.key.bias
2024-12-09 14:06:59,423 - INFO - root - [FREE]: encoder.layer.19.attention.self.value.weight
2024-12-09 14:06:59,423 - INFO - root - [FREE]: encoder.layer.19.attention.self.value.bias
2024-12-09 14:06:59,423 - INFO - root - [FREE]: encoder.layer.19.attention.output.dense.weight
2024-12-09 14:06:59,423 - INFO - root - [FREE]: encoder.layer.19.attention.output.dense.bias
2024-12-09 14:06:59,423 - INFO - root - [FREE]: encoder.layer.19.attention.output.LayerNorm.weight
2024-12-09 14:06:59,423 - INFO - root - [FREE]: encoder.layer.19.attention.output.LayerNorm.bias
2024-12-09 14:06:59,423 - INFO - root - [FREE]: encoder.layer.19.intermediate.dense.weight
2024-12-09 14:06:59,423 - INFO - root - [FREE]: encoder.layer.19.intermediate.dense.bias
2024-12-09 14:06:59,423 - INFO - root - [FREE]: encoder.layer.19.output.dense.weight
2024-12-09 14:06:59,423 - INFO - root - [FREE]: encoder.layer.19.output.dense.bias
2024-12-09 14:06:59,423 - INFO - root - [FREE]: encoder.layer.19.output.LayerNorm.weight
2024-12-09 14:06:59,423 - INFO - root - [FREE]: encoder.layer.19.output.LayerNorm.bias
2024-12-09 14:06:59,423 - INFO - root - [FREE]: encoder.layer.20.attention.self.query.weight
2024-12-09 14:06:59,423 - INFO - root - [FREE]: encoder.layer.20.attention.self.query.bias
2024-12-09 14:06:59,423 - INFO - root - [FREE]: encoder.layer.20.attention.self.key.weight
2024-12-09 14:06:59,423 - INFO - root - [FREE]: encoder.layer.20.attention.self.key.bias
2024-12-09 14:06:59,423 - INFO - root - [FREE]: encoder.layer.20.attention.self.value.weight
2024-12-09 14:06:59,423 - INFO - root - [FREE]: encoder.layer.20.attention.self.value.bias
2024-12-09 14:06:59,423 - INFO - root - [FREE]: encoder.layer.20.attention.output.dense.weight
2024-12-09 14:06:59,423 - INFO - root - [FREE]: encoder.layer.20.attention.output.dense.bias
2024-12-09 14:06:59,423 - INFO - root - [FREE]: encoder.layer.20.attention.output.LayerNorm.weight
2024-12-09 14:06:59,423 - INFO - root - [FREE]: encoder.layer.20.attention.output.LayerNorm.bias
2024-12-09 14:06:59,423 - INFO - root - [FREE]: encoder.layer.20.intermediate.dense.weight
2024-12-09 14:06:59,423 - INFO - root - [FREE]: encoder.layer.20.intermediate.dense.bias
2024-12-09 14:06:59,423 - INFO - root - [FREE]: encoder.layer.20.output.dense.weight
2024-12-09 14:06:59,423 - INFO - root - [FREE]: encoder.layer.20.output.dense.bias
2024-12-09 14:06:59,423 - INFO - root - [FREE]: encoder.layer.20.output.LayerNorm.weight
2024-12-09 14:06:59,423 - INFO - root - [FREE]: encoder.layer.20.output.LayerNorm.bias
2024-12-09 14:06:59,423 - INFO - root - [FREE]: encoder.layer.21.attention.self.query.weight
2024-12-09 14:06:59,423 - INFO - root - [FREE]: encoder.layer.21.attention.self.query.bias
2024-12-09 14:06:59,423 - INFO - root - [FREE]: encoder.layer.21.attention.self.key.weight
2024-12-09 14:06:59,423 - INFO - root - [FREE]: encoder.layer.21.attention.self.key.bias
2024-12-09 14:06:59,423 - INFO - root - [FREE]: encoder.layer.21.attention.self.value.weight
2024-12-09 14:06:59,423 - INFO - root - [FREE]: encoder.layer.21.attention.self.value.bias
2024-12-09 14:06:59,423 - INFO - root - [FREE]: encoder.layer.21.attention.output.dense.weight
2024-12-09 14:06:59,423 - INFO - root - [FREE]: encoder.layer.21.attention.output.dense.bias
2024-12-09 14:06:59,423 - INFO - root - [FREE]: encoder.layer.21.attention.output.LayerNorm.weight
2024-12-09 14:06:59,423 - INFO - root - [FREE]: encoder.layer.21.attention.output.LayerNorm.bias
2024-12-09 14:06:59,424 - INFO - root - [FREE]: encoder.layer.21.intermediate.dense.weight
2024-12-09 14:06:59,424 - INFO - root - [FREE]: encoder.layer.21.intermediate.dense.bias
2024-12-09 14:06:59,424 - INFO - root - [FREE]: encoder.layer.21.output.dense.weight
2024-12-09 14:06:59,424 - INFO - root - [FREE]: encoder.layer.21.output.dense.bias
2024-12-09 14:06:59,424 - INFO - root - [FREE]: encoder.layer.21.output.LayerNorm.weight
2024-12-09 14:06:59,424 - INFO - root - [FREE]: encoder.layer.21.output.LayerNorm.bias
2024-12-09 14:06:59,424 - INFO - root - [FREE]: encoder.layer.22.attention.self.query.weight
2024-12-09 14:06:59,424 - INFO - root - [FREE]: encoder.layer.22.attention.self.query.bias
2024-12-09 14:06:59,424 - INFO - root - [FREE]: encoder.layer.22.attention.self.key.weight
2024-12-09 14:06:59,424 - INFO - root - [FREE]: encoder.layer.22.attention.self.key.bias
2024-12-09 14:06:59,424 - INFO - root - [FREE]: encoder.layer.22.attention.self.value.weight
2024-12-09 14:06:59,424 - INFO - root - [FREE]: encoder.layer.22.attention.self.value.bias
2024-12-09 14:06:59,424 - INFO - root - [FREE]: encoder.layer.22.attention.output.dense.weight
2024-12-09 14:06:59,424 - INFO - root - [FREE]: encoder.layer.22.attention.output.dense.bias
2024-12-09 14:06:59,424 - INFO - root - [FREE]: encoder.layer.22.attention.output.LayerNorm.weight
2024-12-09 14:06:59,424 - INFO - root - [FREE]: encoder.layer.22.attention.output.LayerNorm.bias
2024-12-09 14:06:59,424 - INFO - root - [FREE]: encoder.layer.22.intermediate.dense.weight
2024-12-09 14:06:59,424 - INFO - root - [FREE]: encoder.layer.22.intermediate.dense.bias
2024-12-09 14:06:59,424 - INFO - root - [FREE]: encoder.layer.22.output.dense.weight
2024-12-09 14:06:59,424 - INFO - root - [FREE]: encoder.layer.22.output.dense.bias
2024-12-09 14:06:59,424 - INFO - root - [FREE]: encoder.layer.22.output.LayerNorm.weight
2024-12-09 14:06:59,424 - INFO - root - [FREE]: encoder.layer.22.output.LayerNorm.bias
2024-12-09 14:06:59,424 - INFO - root - [FREE]: encoder.layer.23.attention.self.query.weight
2024-12-09 14:06:59,424 - INFO - root - [FREE]: encoder.layer.23.attention.self.query.bias
2024-12-09 14:06:59,424 - INFO - root - [FREE]: encoder.layer.23.attention.self.key.weight
2024-12-09 14:06:59,424 - INFO - root - [FREE]: encoder.layer.23.attention.self.key.bias
2024-12-09 14:06:59,424 - INFO - root - [FREE]: encoder.layer.23.attention.self.value.weight
2024-12-09 14:06:59,424 - INFO - root - [FREE]: encoder.layer.23.attention.self.value.bias
2024-12-09 14:06:59,424 - INFO - root - [FREE]: encoder.layer.23.attention.output.dense.weight
2024-12-09 14:06:59,424 - INFO - root - [FREE]: encoder.layer.23.attention.output.dense.bias
2024-12-09 14:06:59,424 - INFO - root - [FREE]: encoder.layer.23.attention.output.LayerNorm.weight
2024-12-09 14:06:59,424 - INFO - root - [FREE]: encoder.layer.23.attention.output.LayerNorm.bias
2024-12-09 14:06:59,424 - INFO - root - [FREE]: encoder.layer.23.intermediate.dense.weight
2024-12-09 14:06:59,424 - INFO - root - [FREE]: encoder.layer.23.intermediate.dense.bias
2024-12-09 14:06:59,424 - INFO - root - [FREE]: encoder.layer.23.output.dense.weight
2024-12-09 14:06:59,424 - INFO - root - [FREE]: encoder.layer.23.output.dense.bias
2024-12-09 14:06:59,424 - INFO - root - [FREE]: encoder.layer.23.output.LayerNorm.weight
2024-12-09 14:06:59,424 - INFO - root - [FREE]: encoder.layer.23.output.LayerNorm.bias
2024-12-09 14:06:59,425 - INFO - root - [FREE]: pooler.dense.weight
2024-12-09 14:06:59,425 - INFO - root - [FREE]: pooler.dense.bias
2024-12-09 14:06:59,425 - INFO - root - [FREE]: cls.predictions.bias
2024-12-09 14:06:59,425 - INFO - root - [FREE]: cls.predictions.transform.dense.weight
2024-12-09 14:06:59,425 - INFO - root - [FREE]: cls.predictions.transform.dense.bias
2024-12-09 14:06:59,425 - INFO - root - [FREE]: cls.predictions.transform.LayerNorm.weight
2024-12-09 14:06:59,425 - INFO - root - [FREE]: cls.predictions.transform.LayerNorm.bias
2024-12-09 14:06:59,425 - INFO - root - [FREE]: cls.predictions.decoder.weight
2024-12-09 14:06:59,425 - INFO - root - [FREE]: classifier.weight
2024-12-09 14:06:59,425 - INFO - root - [FREE]: classifier.bias
2024-12-09 14:06:59,426 - INFO - /home/yifei/code/NLP/BERT-EM/fintune.py - Starting training process...
2024-12-09 14:06:59,426 - INFO - /home/yifei/code/NLP/BERT-EM/fintune.py - Found preprocessed finetune data, loading from files...
2024-12-09 14:06:59,429 - INFO - /home/yifei/code/NLP/BERT-EM/dataset.py - Tokenizing and encoding sentences...
2024-12-09 14:07:03,246 - INFO - /home/yifei/code/NLP/BERT-EM/dataset.py - Tokenizing and encoding sentences...
2024-12-09 14:07:05,074 - INFO - /home/yifei/code/NLP/BERT-EM/fintune.py - [Epoch: 1, Step: 0] Train Loss: 3.06012, Train Accuracy: 0.03906
2024-12-09 14:07:06,305 - INFO - /home/yifei/code/NLP/BERT-EM/fintune.py - [Epoch: 1, Step: 6] Train Loss: 2.60917, Train Accuracy: 0.20312
2024-12-09 14:07:07,777 - INFO - /home/yifei/code/NLP/BERT-EM/fintune.py - [Epoch: 1, Step: 12] Train Loss: 2.56904, Train Accuracy: 0.15625
2024-12-09 14:07:09,178 - INFO - /home/yifei/code/NLP/BERT-EM/fintune.py - [Epoch: 1, Step: 18] Train Loss: 2.29682, Train Accuracy: 0.34375
2024-12-09 14:07:10,560 - INFO - /home/yifei/code/NLP/BERT-EM/fintune.py - [Epoch: 1, Step: 24] Train Loss: 2.02850, Train Accuracy: 0.42188
2024-12-09 14:07:12,131 - INFO - /home/yifei/code/NLP/BERT-EM/fintune.py - [Epoch: 1, Step: 30] Train Loss: 1.83764, Train Accuracy: 0.48438
2024-12-09 14:07:13,742 - INFO - /home/yifei/code/NLP/BERT-EM/fintune.py - [Epoch: 1, Step: 36] Train Loss: 1.46302, Train Accuracy: 0.59375
2024-12-09 14:07:15,245 - INFO - /home/yifei/code/NLP/BERT-EM/fintune.py - [Epoch: 1, Step: 42] Train Loss: 1.58574, Train Accuracy: 0.54688
2024-12-09 14:07:16,906 - INFO - /home/yifei/code/NLP/BERT-EM/fintune.py - [Epoch: 1, Step: 48] Train Loss: 1.28333, Train Accuracy: 0.57812
2024-12-09 14:07:18,366 - INFO - /home/yifei/code/NLP/BERT-EM/fintune.py - [Epoch: 1, Step: 54] Train Loss: 1.36095, Train Accuracy: 0.60156
2024-12-09 14:07:19,591 - INFO - /home/yifei/code/NLP/BERT-EM/fintune.py - [Epoch: 1, Step: 60] Train Loss: 1.04766, Train Accuracy: 0.68750
2024-12-09 14:07:19,947 - INFO - /home/yifei/code/NLP/BERT-EM/fintune.py - Epoch 1 - Train Loss: 1.921999302777377, Train Accuracy: 0.42329545454545453
2024-12-09 14:07:23,180 - INFO - /home/yifei/code/NLP/BERT-EM/fintune.py - Epoch 1 - Test F1: 75.42
2024-12-09 14:07:23,180 - INFO - /home/yifei/code/NLP/BERT-EM/fintune.py - Saving best model...
2024-12-09 14:07:25,798 - INFO - /home/yifei/code/NLP/BERT-EM/fintune.py - [Epoch: 2, Step: 66] Train Loss: 0.87394, Train Accuracy: 0.71875
2024-12-09 14:07:27,244 - INFO - /home/yifei/code/NLP/BERT-EM/fintune.py - [Epoch: 2, Step: 72] Train Loss: 0.68612, Train Accuracy: 0.80469
2024-12-09 14:07:28,755 - INFO - /home/yifei/code/NLP/BERT-EM/fintune.py - [Epoch: 2, Step: 78] Train Loss: 0.67603, Train Accuracy: 0.80469
2024-12-09 14:07:30,071 - INFO - /home/yifei/code/NLP/BERT-EM/fintune.py - [Epoch: 2, Step: 84] Train Loss: 0.63049, Train Accuracy: 0.78906
2024-12-09 14:07:31,401 - INFO - /home/yifei/code/NLP/BERT-EM/fintune.py - [Epoch: 2, Step: 90] Train Loss: 0.81664, Train Accuracy: 0.75000
2024-12-09 14:07:33,101 - INFO - /home/yifei/code/NLP/BERT-EM/fintune.py - [Epoch: 2, Step: 96] Train Loss: 0.75400, Train Accuracy: 0.78906
2024-12-09 14:07:34,524 - INFO - /home/yifei/code/NLP/BERT-EM/fintune.py - [Epoch: 2, Step: 102] Train Loss: 0.66022, Train Accuracy: 0.80469
2024-12-09 14:07:35,887 - INFO - /home/yifei/code/NLP/BERT-EM/fintune.py - [Epoch: 2, Step: 108] Train Loss: 0.70838, Train Accuracy: 0.76562
2024-12-09 14:07:37,274 - INFO - /home/yifei/code/NLP/BERT-EM/fintune.py - [Epoch: 2, Step: 114] Train Loss: 0.65224, Train Accuracy: 0.78125
2024-12-09 14:07:38,814 - INFO - /home/yifei/code/NLP/BERT-EM/fintune.py - [Epoch: 2, Step: 120] Train Loss: 0.52345, Train Accuracy: 0.88281
2024-12-09 14:07:39,807 - INFO - /home/yifei/code/NLP/BERT-EM/fintune.py - Epoch 2 - Train Loss: 0.6981495678424835, Train Accuracy: 0.7890625
2024-12-09 14:07:43,084 - INFO - /home/yifei/code/NLP/BERT-EM/fintune.py - Epoch 2 - Test F1: 84.01
2024-12-09 14:07:43,085 - INFO - /home/yifei/code/NLP/BERT-EM/fintune.py - Saving best model...
2024-12-09 14:07:46,296 - INFO - /home/yifei/code/NLP/BERT-EM/fintune.py - [Epoch: 3, Step: 126] Train Loss: 0.43097, Train Accuracy: 0.86719
2024-12-09 14:07:47,694 - INFO - /home/yifei/code/NLP/BERT-EM/fintune.py - [Epoch: 3, Step: 132] Train Loss: 0.36339, Train Accuracy: 0.91406
2024-12-09 14:07:49,176 - INFO - /home/yifei/code/NLP/BERT-EM/fintune.py - [Epoch: 3, Step: 138] Train Loss: 0.41194, Train Accuracy: 0.88281
2024-12-09 14:07:50,645 - INFO - /home/yifei/code/NLP/BERT-EM/fintune.py - [Epoch: 3, Step: 144] Train Loss: 0.38297, Train Accuracy: 0.88281
2024-12-09 14:07:52,178 - INFO - /home/yifei/code/NLP/BERT-EM/fintune.py - [Epoch: 3, Step: 150] Train Loss: 0.42663, Train Accuracy: 0.88281
2024-12-09 14:07:53,571 - INFO - /home/yifei/code/NLP/BERT-EM/fintune.py - [Epoch: 3, Step: 156] Train Loss: 0.45176, Train Accuracy: 0.83594
2024-12-09 14:07:54,903 - INFO - /home/yifei/code/NLP/BERT-EM/fintune.py - [Epoch: 3, Step: 162] Train Loss: 0.46139, Train Accuracy: 0.85938
2024-12-09 14:07:56,242 - INFO - /home/yifei/code/NLP/BERT-EM/fintune.py - [Epoch: 3, Step: 168] Train Loss: 0.45470, Train Accuracy: 0.86719
2024-12-09 14:07:57,656 - INFO - /home/yifei/code/NLP/BERT-EM/fintune.py - [Epoch: 3, Step: 174] Train Loss: 0.36408, Train Accuracy: 0.91406
2024-12-09 14:07:59,155 - INFO - /home/yifei/code/NLP/BERT-EM/fintune.py - [Epoch: 3, Step: 180] Train Loss: 0.26985, Train Accuracy: 0.93750
2024-12-09 14:08:00,755 - INFO - /home/yifei/code/NLP/BERT-EM/fintune.py - [Epoch: 3, Step: 186] Train Loss: 0.41428, Train Accuracy: 0.87500
2024-12-09 14:08:01,139 - INFO - /home/yifei/code/NLP/BERT-EM/fintune.py - Epoch 3 - Train Loss: 0.40290561047467316, Train Accuracy: 0.8835227272727273
2024-12-09 14:08:04,348 - INFO - /home/yifei/code/NLP/BERT-EM/fintune.py - Epoch 3 - Test F1: 86.04
2024-12-09 14:08:04,350 - INFO - /home/yifei/code/NLP/BERT-EM/fintune.py - Saving best model...
2024-12-09 14:08:08,041 - INFO - /home/yifei/code/NLP/BERT-EM/fintune.py - [Epoch: 4, Step: 192] Train Loss: 0.32088, Train Accuracy: 0.89844
2024-12-09 14:08:09,489 - INFO - /home/yifei/code/NLP/BERT-EM/fintune.py - [Epoch: 4, Step: 198] Train Loss: 0.27909, Train Accuracy: 0.92188
2024-12-09 14:08:11,034 - INFO - /home/yifei/code/NLP/BERT-EM/fintune.py - [Epoch: 4, Step: 204] Train Loss: 0.27432, Train Accuracy: 0.89844
2024-12-09 14:08:12,517 - INFO - /home/yifei/code/NLP/BERT-EM/fintune.py - [Epoch: 4, Step: 210] Train Loss: 0.28907, Train Accuracy: 0.92188
2024-12-09 14:08:13,866 - INFO - /home/yifei/code/NLP/BERT-EM/fintune.py - [Epoch: 4, Step: 216] Train Loss: 0.36229, Train Accuracy: 0.91406
2024-12-09 14:08:15,287 - INFO - /home/yifei/code/NLP/BERT-EM/fintune.py - [Epoch: 4, Step: 222] Train Loss: 0.34811, Train Accuracy: 0.89844
2024-12-09 14:08:16,672 - INFO - /home/yifei/code/NLP/BERT-EM/fintune.py - [Epoch: 4, Step: 228] Train Loss: 0.34237, Train Accuracy: 0.86719
2024-12-09 14:08:18,213 - INFO - /home/yifei/code/NLP/BERT-EM/fintune.py - [Epoch: 4, Step: 234] Train Loss: 0.32370, Train Accuracy: 0.92969
2024-12-09 14:08:19,504 - INFO - /home/yifei/code/NLP/BERT-EM/fintune.py - [Epoch: 4, Step: 240] Train Loss: 0.40232, Train Accuracy: 0.88281
2024-12-09 14:08:21,006 - INFO - /home/yifei/code/NLP/BERT-EM/fintune.py - [Epoch: 4, Step: 246] Train Loss: 0.41818, Train Accuracy: 0.88281
2024-12-09 14:08:21,988 - INFO - /home/yifei/code/NLP/BERT-EM/fintune.py - Epoch 4 - Train Loss: 0.3360310971736908, Train Accuracy: 0.9015625
2024-12-09 14:08:25,120 - INFO - /home/yifei/code/NLP/BERT-EM/fintune.py - Epoch 4 - Test F1: 86.44
2024-12-09 14:08:25,121 - INFO - /home/yifei/code/NLP/BERT-EM/fintune.py - Saving best model...
2024-12-09 14:08:28,352 - INFO - /home/yifei/code/NLP/BERT-EM/fintune.py - [Epoch: 5, Step: 252] Train Loss: 0.25273, Train Accuracy: 0.95312
2024-12-09 14:08:29,884 - INFO - /home/yifei/code/NLP/BERT-EM/fintune.py - [Epoch: 5, Step: 258] Train Loss: 0.23489, Train Accuracy: 0.92969
2024-12-09 14:08:31,405 - INFO - /home/yifei/code/NLP/BERT-EM/fintune.py - [Epoch: 5, Step: 264] Train Loss: 0.23466, Train Accuracy: 0.95312
2024-12-09 14:08:32,749 - INFO - /home/yifei/code/NLP/BERT-EM/fintune.py - [Epoch: 5, Step: 270] Train Loss: 0.19779, Train Accuracy: 0.94531
2024-12-09 14:08:34,475 - INFO - /home/yifei/code/NLP/BERT-EM/fintune.py - [Epoch: 5, Step: 276] Train Loss: 0.22517, Train Accuracy: 0.91406
2024-12-09 14:08:35,734 - INFO - /home/yifei/code/NLP/BERT-EM/fintune.py - [Epoch: 5, Step: 282] Train Loss: 0.18527, Train Accuracy: 0.95312
2024-12-09 14:08:37,216 - INFO - /home/yifei/code/NLP/BERT-EM/fintune.py - [Epoch: 5, Step: 288] Train Loss: 0.28229, Train Accuracy: 0.93750
2024-12-09 14:08:38,617 - INFO - /home/yifei/code/NLP/BERT-EM/fintune.py - [Epoch: 5, Step: 294] Train Loss: 0.18289, Train Accuracy: 0.95312
2024-12-09 14:08:40,296 - INFO - /home/yifei/code/NLP/BERT-EM/fintune.py - [Epoch: 5, Step: 300] Train Loss: 0.22752, Train Accuracy: 0.95312
2024-12-09 14:08:41,652 - INFO - /home/yifei/code/NLP/BERT-EM/fintune.py - [Epoch: 5, Step: 306] Train Loss: 0.22747, Train Accuracy: 0.92969
2024-12-09 14:08:42,954 - INFO - /home/yifei/code/NLP/BERT-EM/fintune.py - [Epoch: 5, Step: 312] Train Loss: 0.21428, Train Accuracy: 0.96094
2024-12-09 14:08:43,293 - INFO - /home/yifei/code/NLP/BERT-EM/fintune.py - Epoch 5 - Train Loss: 0.2240866869688034, Train Accuracy: 0.9438920454545454
2024-12-09 14:08:46,518 - INFO - /home/yifei/code/NLP/BERT-EM/fintune.py - Epoch 5 - Test F1: 87.1
2024-12-09 14:08:46,519 - INFO - /home/yifei/code/NLP/BERT-EM/fintune.py - Saving best model...
2024-12-09 14:08:50,321 - INFO - /home/yifei/code/NLP/BERT-EM/fintune.py - [Epoch: 6, Step: 318] Train Loss: 0.14372, Train Accuracy: 0.98438
2024-12-09 14:08:51,594 - INFO - /home/yifei/code/NLP/BERT-EM/fintune.py - [Epoch: 6, Step: 324] Train Loss: 0.20101, Train Accuracy: 0.95312
2024-12-09 14:08:52,927 - INFO - /home/yifei/code/NLP/BERT-EM/fintune.py - [Epoch: 6, Step: 330] Train Loss: 0.13050, Train Accuracy: 0.97656
2024-12-09 14:08:54,323 - INFO - /home/yifei/code/NLP/BERT-EM/fintune.py - [Epoch: 6, Step: 336] Train Loss: 0.13820, Train Accuracy: 0.97656
2024-12-09 14:08:55,790 - INFO - /home/yifei/code/NLP/BERT-EM/fintune.py - [Epoch: 6, Step: 342] Train Loss: 0.14952, Train Accuracy: 0.98438
2024-12-09 14:08:57,197 - INFO - /home/yifei/code/NLP/BERT-EM/fintune.py - [Epoch: 6, Step: 348] Train Loss: 0.12882, Train Accuracy: 0.96094
2024-12-09 14:08:58,579 - INFO - /home/yifei/code/NLP/BERT-EM/fintune.py - [Epoch: 6, Step: 354] Train Loss: 0.13038, Train Accuracy: 0.97656
2024-12-09 14:09:00,109 - INFO - /home/yifei/code/NLP/BERT-EM/fintune.py - [Epoch: 6, Step: 360] Train Loss: 0.17166, Train Accuracy: 0.96094
2024-12-09 14:09:01,381 - INFO - /home/yifei/code/NLP/BERT-EM/fintune.py - [Epoch: 6, Step: 366] Train Loss: 0.17995, Train Accuracy: 0.94531
2024-12-09 14:09:02,861 - INFO - /home/yifei/code/NLP/BERT-EM/fintune.py - [Epoch: 6, Step: 372] Train Loss: 0.11591, Train Accuracy: 0.99219
2024-12-09 14:09:04,074 - INFO - /home/yifei/code/NLP/BERT-EM/fintune.py - Epoch 6 - Train Loss: 0.14896733313798904, Train Accuracy: 0.97109375
2024-12-09 14:09:07,309 - INFO - /home/yifei/code/NLP/BERT-EM/fintune.py - Epoch 6 - Test F1: 87.07
2024-12-09 14:09:07,570 - INFO - /home/yifei/code/NLP/BERT-EM/fintune.py - [Epoch: 7, Step: 378] Train Loss: 0.14259, Train Accuracy: 0.97656
2024-12-09 14:09:08,939 - INFO - /home/yifei/code/NLP/BERT-EM/fintune.py - [Epoch: 7, Step: 384] Train Loss: 0.11179, Train Accuracy: 0.98438
2024-12-09 14:09:10,285 - INFO - /home/yifei/code/NLP/BERT-EM/fintune.py - [Epoch: 7, Step: 390] Train Loss: 0.10264, Train Accuracy: 0.99219
2024-12-09 14:09:11,521 - INFO - /home/yifei/code/NLP/BERT-EM/fintune.py - [Epoch: 7, Step: 396] Train Loss: 0.09874, Train Accuracy: 0.99219
2024-12-09 14:09:12,940 - INFO - /home/yifei/code/NLP/BERT-EM/fintune.py - [Epoch: 7, Step: 402] Train Loss: 0.08797, Train Accuracy: 1.00000
2024-12-09 14:09:14,360 - INFO - /home/yifei/code/NLP/BERT-EM/fintune.py - [Epoch: 7, Step: 408] Train Loss: 0.08410, Train Accuracy: 0.99219
2024-12-09 14:09:15,756 - INFO - /home/yifei/code/NLP/BERT-EM/fintune.py - [Epoch: 7, Step: 414] Train Loss: 0.13360, Train Accuracy: 0.96875
2024-12-09 14:09:17,072 - INFO - /home/yifei/code/NLP/BERT-EM/fintune.py - [Epoch: 7, Step: 420] Train Loss: 0.14853, Train Accuracy: 0.97656
2024-12-09 14:09:18,722 - INFO - /home/yifei/code/NLP/BERT-EM/fintune.py - [Epoch: 7, Step: 426] Train Loss: 0.09466, Train Accuracy: 0.98438
2024-12-09 14:09:20,123 - INFO - /home/yifei/code/NLP/BERT-EM/fintune.py - [Epoch: 7, Step: 432] Train Loss: 0.08947, Train Accuracy: 0.98438
2024-12-09 14:09:21,534 - INFO - /home/yifei/code/NLP/BERT-EM/fintune.py - [Epoch: 7, Step: 438] Train Loss: 0.11456, Train Accuracy: 0.96875
2024-12-09 14:09:21,984 - INFO - /home/yifei/code/NLP/BERT-EM/fintune.py - Epoch 7 - Train Loss: 0.10987823524258354, Train Accuracy: 0.9836647727272727
2024-12-09 14:09:25,116 - INFO - /home/yifei/code/NLP/BERT-EM/fintune.py - Epoch 7 - Test F1: 87.08
2024-12-09 14:09:26,222 - INFO - /home/yifei/code/NLP/BERT-EM/fintune.py - [Epoch: 8, Step: 444] Train Loss: 0.06313, Train Accuracy: 1.00000
2024-12-09 14:09:27,662 - INFO - /home/yifei/code/NLP/BERT-EM/fintune.py - [Epoch: 8, Step: 450] Train Loss: 0.09659, Train Accuracy: 0.98438
2024-12-09 14:09:29,031 - INFO - /home/yifei/code/NLP/BERT-EM/fintune.py - [Epoch: 8, Step: 456] Train Loss: 0.10663, Train Accuracy: 0.98438
2024-12-09 14:09:30,246 - INFO - /home/yifei/code/NLP/BERT-EM/fintune.py - [Epoch: 8, Step: 462] Train Loss: 0.08602, Train Accuracy: 0.97656
2024-12-09 14:09:31,681 - INFO - /home/yifei/code/NLP/BERT-EM/fintune.py - [Epoch: 8, Step: 468] Train Loss: 0.08317, Train Accuracy: 0.99219
2024-12-09 14:09:32,977 - INFO - /home/yifei/code/NLP/BERT-EM/fintune.py - [Epoch: 8, Step: 474] Train Loss: 0.08059, Train Accuracy: 0.99219
2024-12-09 14:09:34,507 - INFO - /home/yifei/code/NLP/BERT-EM/fintune.py - [Epoch: 8, Step: 480] Train Loss: 0.09277, Train Accuracy: 0.98438
2024-12-09 14:09:35,947 - INFO - /home/yifei/code/NLP/BERT-EM/fintune.py - [Epoch: 8, Step: 486] Train Loss: 0.11036, Train Accuracy: 0.97656
2024-12-09 14:09:37,324 - INFO - /home/yifei/code/NLP/BERT-EM/fintune.py - [Epoch: 8, Step: 492] Train Loss: 0.08584, Train Accuracy: 0.98438
2024-12-09 14:09:38,888 - INFO - /home/yifei/code/NLP/BERT-EM/fintune.py - [Epoch: 8, Step: 498] Train Loss: 0.10546, Train Accuracy: 0.97656
2024-12-09 14:09:39,904 - INFO - /home/yifei/code/NLP/BERT-EM/fintune.py - Epoch 8 - Train Loss: 0.09105623066425324, Train Accuracy: 0.98515625
2024-12-09 14:09:43,039 - INFO - /home/yifei/code/NLP/BERT-EM/fintune.py - Epoch 8 - Test F1: 87.06
2024-12-09 14:09:43,300 - INFO - /home/yifei/code/NLP/BERT-EM/fintune.py - [Epoch: 9, Step: 504] Train Loss: 0.07283, Train Accuracy: 0.98438
2024-12-09 14:09:44,659 - INFO - /home/yifei/code/NLP/BERT-EM/fintune.py - [Epoch: 9, Step: 510] Train Loss: 0.07466, Train Accuracy: 0.99219
2024-12-09 14:09:46,162 - INFO - /home/yifei/code/NLP/BERT-EM/fintune.py - [Epoch: 9, Step: 516] Train Loss: 0.07866, Train Accuracy: 0.99219
2024-12-09 14:09:47,569 - INFO - /home/yifei/code/NLP/BERT-EM/fintune.py - [Epoch: 9, Step: 522] Train Loss: 0.05765, Train Accuracy: 0.98438
2024-12-09 14:09:48,889 - INFO - /home/yifei/code/NLP/BERT-EM/fintune.py - [Epoch: 9, Step: 528] Train Loss: 0.05645, Train Accuracy: 1.00000
2024-12-09 14:09:50,226 - INFO - /home/yifei/code/NLP/BERT-EM/fintune.py - [Epoch: 9, Step: 534] Train Loss: 0.05922, Train Accuracy: 0.99219
2024-12-09 14:09:51,583 - INFO - /home/yifei/code/NLP/BERT-EM/fintune.py - [Epoch: 9, Step: 540] Train Loss: 0.07671, Train Accuracy: 0.99219
2024-12-09 14:09:52,885 - INFO - /home/yifei/code/NLP/BERT-EM/fintune.py - [Epoch: 9, Step: 546] Train Loss: 0.05441, Train Accuracy: 0.99219
2024-12-09 14:09:54,682 - INFO - /home/yifei/code/NLP/BERT-EM/fintune.py - [Epoch: 9, Step: 552] Train Loss: 0.06558, Train Accuracy: 0.99219
2024-12-09 14:09:56,310 - INFO - /home/yifei/code/NLP/BERT-EM/fintune.py - [Epoch: 9, Step: 558] Train Loss: 0.04510, Train Accuracy: 1.00000
2024-12-09 14:09:57,716 - INFO - /home/yifei/code/NLP/BERT-EM/fintune.py - [Epoch: 9, Step: 564] Train Loss: 0.06286, Train Accuracy: 0.98438
2024-12-09 14:09:58,086 - INFO - /home/yifei/code/NLP/BERT-EM/fintune.py - Epoch 9 - Train Loss: 0.064011504704302, Train Accuracy: 0.9914772727272727
2024-12-09 14:10:01,265 - INFO - /home/yifei/code/NLP/BERT-EM/fintune.py - Epoch 9 - Test F1: 87.17
2024-12-09 14:10:01,267 - INFO - /home/yifei/code/NLP/BERT-EM/fintune.py - Saving best model...
2024-12-09 14:10:05,189 - INFO - /home/yifei/code/NLP/BERT-EM/fintune.py - [Epoch: 10, Step: 570] Train Loss: 0.05429, Train Accuracy: 1.00000
2024-12-09 14:10:06,570 - INFO - /home/yifei/code/NLP/BERT-EM/fintune.py - [Epoch: 10, Step: 576] Train Loss: 0.05223, Train Accuracy: 1.00000
2024-12-09 14:10:08,144 - INFO - /home/yifei/code/NLP/BERT-EM/fintune.py - [Epoch: 10, Step: 582] Train Loss: 0.04023, Train Accuracy: 1.00000
2024-12-09 14:10:09,561 - INFO - /home/yifei/code/NLP/BERT-EM/fintune.py - [Epoch: 10, Step: 588] Train Loss: 0.03138, Train Accuracy: 1.00000
2024-12-09 14:10:10,980 - INFO - /home/yifei/code/NLP/BERT-EM/fintune.py - [Epoch: 10, Step: 594] Train Loss: 0.06182, Train Accuracy: 1.00000
2024-12-09 14:10:12,477 - INFO - /home/yifei/code/NLP/BERT-EM/fintune.py - [Epoch: 10, Step: 600] Train Loss: 0.06400, Train Accuracy: 0.98438
2024-12-09 14:10:13,946 - INFO - /home/yifei/code/NLP/BERT-EM/fintune.py - [Epoch: 10, Step: 606] Train Loss: 0.04079, Train Accuracy: 1.00000
2024-12-09 14:10:15,446 - INFO - /home/yifei/code/NLP/BERT-EM/fintune.py - [Epoch: 10, Step: 612] Train Loss: 0.05246, Train Accuracy: 0.99219
2024-12-09 14:10:16,886 - INFO - /home/yifei/code/NLP/BERT-EM/fintune.py - [Epoch: 10, Step: 618] Train Loss: 0.05886, Train Accuracy: 0.99219
2024-12-09 14:10:18,336 - INFO - /home/yifei/code/NLP/BERT-EM/fintune.py - [Epoch: 10, Step: 624] Train Loss: 0.05426, Train Accuracy: 1.00000
2024-12-09 14:10:19,379 - INFO - /home/yifei/code/NLP/BERT-EM/fintune.py - Epoch 10 - Train Loss: 0.05103334337472916, Train Accuracy: 0.996875
2024-12-09 14:10:22,566 - INFO - /home/yifei/code/NLP/BERT-EM/fintune.py - Epoch 10 - Test F1: 87.0
2024-12-09 14:10:22,770 - INFO - /home/yifei/code/NLP/BERT-EM/fintune.py - [Epoch: 11, Step: 630] Train Loss: 0.04014, Train Accuracy: 0.99219
2024-12-09 14:10:24,320 - INFO - /home/yifei/code/NLP/BERT-EM/fintune.py - [Epoch: 11, Step: 636] Train Loss: 0.04179, Train Accuracy: 1.00000
2024-12-09 14:10:25,660 - INFO - /home/yifei/code/NLP/BERT-EM/fintune.py - [Epoch: 11, Step: 642] Train Loss: 0.02856, Train Accuracy: 1.00000
2024-12-09 14:10:26,958 - INFO - /home/yifei/code/NLP/BERT-EM/fintune.py - [Epoch: 11, Step: 648] Train Loss: 0.04236, Train Accuracy: 1.00000
2024-12-09 14:10:28,347 - INFO - /home/yifei/code/NLP/BERT-EM/fintune.py - [Epoch: 11, Step: 654] Train Loss: 0.04659, Train Accuracy: 0.98438
2024-12-09 14:10:29,779 - INFO - /home/yifei/code/NLP/BERT-EM/fintune.py - [Epoch: 11, Step: 660] Train Loss: 0.03694, Train Accuracy: 1.00000
2024-12-09 14:10:31,141 - INFO - /home/yifei/code/NLP/BERT-EM/fintune.py - [Epoch: 11, Step: 666] Train Loss: 0.05879, Train Accuracy: 1.00000
2024-12-09 14:10:32,585 - INFO - /home/yifei/code/NLP/BERT-EM/fintune.py - [Epoch: 11, Step: 672] Train Loss: 0.03552, Train Accuracy: 1.00000
2024-12-09 14:10:34,011 - INFO - /home/yifei/code/NLP/BERT-EM/fintune.py - [Epoch: 11, Step: 678] Train Loss: 0.03278, Train Accuracy: 1.00000
2024-12-09 14:10:35,455 - INFO - /home/yifei/code/NLP/BERT-EM/fintune.py - [Epoch: 11, Step: 684] Train Loss: 0.06443, Train Accuracy: 0.99219
2024-12-09 14:10:36,756 - INFO - /home/yifei/code/NLP/BERT-EM/fintune.py - [Epoch: 11, Step: 690] Train Loss: 0.04371, Train Accuracy: 0.99219
2024-12-09 14:10:37,095 - INFO - /home/yifei/code/NLP/BERT-EM/fintune.py - Epoch 11 - Train Loss: 0.04287249662659385, Train Accuracy: 0.9964488636363636
2024-12-09 14:10:40,229 - INFO - /home/yifei/code/NLP/BERT-EM/fintune.py - Epoch 11 - Test F1: 87.21
2024-12-09 14:10:40,230 - INFO - /home/yifei/code/NLP/BERT-EM/fintune.py - Saving best model...
2024-12-09 14:10:44,193 - INFO - /home/yifei/code/NLP/BERT-EM/fintune.py - [Epoch: 12, Step: 696] Train Loss: 0.04600, Train Accuracy: 1.00000
2024-12-09 14:10:45,549 - INFO - /home/yifei/code/NLP/BERT-EM/fintune.py - [Epoch: 12, Step: 702] Train Loss: 0.02631, Train Accuracy: 1.00000
2024-12-09 14:10:47,122 - INFO - /home/yifei/code/NLP/BERT-EM/fintune.py - [Epoch: 12, Step: 708] Train Loss: 0.03005, Train Accuracy: 1.00000
2024-12-09 14:10:48,600 - INFO - /home/yifei/code/NLP/BERT-EM/fintune.py - [Epoch: 12, Step: 714] Train Loss: 0.03642, Train Accuracy: 1.00000
2024-12-09 14:10:50,062 - INFO - /home/yifei/code/NLP/BERT-EM/fintune.py - [Epoch: 12, Step: 720] Train Loss: 0.03911, Train Accuracy: 1.00000
2024-12-09 14:10:51,421 - INFO - /home/yifei/code/NLP/BERT-EM/fintune.py - [Epoch: 12, Step: 726] Train Loss: 0.04446, Train Accuracy: 0.99219
2024-12-09 14:10:52,853 - INFO - /home/yifei/code/NLP/BERT-EM/fintune.py - [Epoch: 12, Step: 732] Train Loss: 0.04536, Train Accuracy: 0.99219
2024-12-09 14:10:54,527 - INFO - /home/yifei/code/NLP/BERT-EM/fintune.py - [Epoch: 12, Step: 738] Train Loss: 0.03134, Train Accuracy: 1.00000
2024-12-09 14:10:55,930 - INFO - /home/yifei/code/NLP/BERT-EM/fintune.py - [Epoch: 12, Step: 744] Train Loss: 0.03652, Train Accuracy: 1.00000
2024-12-09 14:10:57,396 - INFO - /home/yifei/code/NLP/BERT-EM/fintune.py - [Epoch: 12, Step: 750] Train Loss: 0.06926, Train Accuracy: 0.97656
2024-12-09 14:10:58,447 - INFO - /home/yifei/code/NLP/BERT-EM/fintune.py - Epoch 12 - Train Loss: 0.040482424199581146, Train Accuracy: 0.99609375
2024-12-09 14:11:01,679 - INFO - /home/yifei/code/NLP/BERT-EM/fintune.py - Epoch 12 - Test F1: 86.86
2024-12-09 14:11:01,891 - INFO - /home/yifei/code/NLP/BERT-EM/fintune.py - [Epoch: 13, Step: 756] Train Loss: 0.02568, Train Accuracy: 1.00000
2024-12-09 14:11:03,328 - INFO - /home/yifei/code/NLP/BERT-EM/fintune.py - [Epoch: 13, Step: 762] Train Loss: 0.03004, Train Accuracy: 1.00000
2024-12-09 14:11:04,760 - INFO - /home/yifei/code/NLP/BERT-EM/fintune.py - [Epoch: 13, Step: 768] Train Loss: 0.04180, Train Accuracy: 0.99219
2024-12-09 14:11:06,261 - INFO - /home/yifei/code/NLP/BERT-EM/fintune.py - [Epoch: 13, Step: 774] Train Loss: 0.03689, Train Accuracy: 0.99219
2024-12-09 14:11:07,609 - INFO - /home/yifei/code/NLP/BERT-EM/fintune.py - [Epoch: 13, Step: 780] Train Loss: 0.02409, Train Accuracy: 1.00000
2024-12-09 14:11:08,956 - INFO - /home/yifei/code/NLP/BERT-EM/fintune.py - [Epoch: 13, Step: 786] Train Loss: 0.03549, Train Accuracy: 1.00000
2024-12-09 14:11:10,365 - INFO - /home/yifei/code/NLP/BERT-EM/fintune.py - [Epoch: 13, Step: 792] Train Loss: 0.03058, Train Accuracy: 1.00000
2024-12-09 14:11:11,864 - INFO - /home/yifei/code/NLP/BERT-EM/fintune.py - [Epoch: 13, Step: 798] Train Loss: 0.02825, Train Accuracy: 1.00000
2024-12-09 14:11:13,246 - INFO - /home/yifei/code/NLP/BERT-EM/fintune.py - [Epoch: 13, Step: 804] Train Loss: 0.02916, Train Accuracy: 0.99219
2024-12-09 14:11:14,735 - INFO - /home/yifei/code/NLP/BERT-EM/fintune.py - [Epoch: 13, Step: 810] Train Loss: 0.03185, Train Accuracy: 1.00000
2024-12-09 14:11:16,272 - INFO - /home/yifei/code/NLP/BERT-EM/fintune.py - [Epoch: 13, Step: 816] Train Loss: 0.03452, Train Accuracy: 1.00000
2024-12-09 14:11:16,620 - INFO - /home/yifei/code/NLP/BERT-EM/fintune.py - Epoch 13 - Train Loss: 0.03166885758665475, Train Accuracy: 0.9978693181818182
2024-12-09 14:11:19,804 - INFO - /home/yifei/code/NLP/BERT-EM/fintune.py - Epoch 13 - Test F1: 87.09
2024-12-09 14:11:20,784 - INFO - /home/yifei/code/NLP/BERT-EM/fintune.py - [Epoch: 14, Step: 822] Train Loss: 0.03633, Train Accuracy: 1.00000
2024-12-09 14:11:21,971 - INFO - /home/yifei/code/NLP/BERT-EM/fintune.py - [Epoch: 14, Step: 828] Train Loss: 0.01960, Train Accuracy: 1.00000
2024-12-09 14:11:23,392 - INFO - /home/yifei/code/NLP/BERT-EM/fintune.py - [Epoch: 14, Step: 834] Train Loss: 0.02677, Train Accuracy: 1.00000
2024-12-09 14:11:24,860 - INFO - /home/yifei/code/NLP/BERT-EM/fintune.py - [Epoch: 14, Step: 840] Train Loss: 0.02899, Train Accuracy: 1.00000
2024-12-09 14:11:26,325 - INFO - /home/yifei/code/NLP/BERT-EM/fintune.py - [Epoch: 14, Step: 846] Train Loss: 0.02341, Train Accuracy: 1.00000
2024-12-09 14:11:27,645 - INFO - /home/yifei/code/NLP/BERT-EM/fintune.py - [Epoch: 14, Step: 852] Train Loss: 0.02258, Train Accuracy: 1.00000
2024-12-09 14:11:29,102 - INFO - /home/yifei/code/NLP/BERT-EM/fintune.py - [Epoch: 14, Step: 858] Train Loss: 0.04114, Train Accuracy: 0.99219
2024-12-09 14:11:30,513 - INFO - /home/yifei/code/NLP/BERT-EM/fintune.py - [Epoch: 14, Step: 864] Train Loss: 0.02360, Train Accuracy: 1.00000
2024-12-09 14:11:31,859 - INFO - /home/yifei/code/NLP/BERT-EM/fintune.py - [Epoch: 14, Step: 870] Train Loss: 0.02180, Train Accuracy: 1.00000
2024-12-09 14:11:33,236 - INFO - /home/yifei/code/NLP/BERT-EM/fintune.py - [Epoch: 14, Step: 876] Train Loss: 0.02290, Train Accuracy: 1.00000
2024-12-09 14:11:34,395 - INFO - /home/yifei/code/NLP/BERT-EM/fintune.py - Epoch 14 - Train Loss: 0.026713473349809648, Train Accuracy: 0.99921875
2024-12-09 14:11:37,532 - INFO - /home/yifei/code/NLP/BERT-EM/fintune.py - Epoch 14 - Test F1: 87.0
2024-12-09 14:11:37,813 - INFO - /home/yifei/code/NLP/BERT-EM/fintune.py - [Epoch: 15, Step: 882] Train Loss: 0.02449, Train Accuracy: 1.00000
2024-12-09 14:11:39,249 - INFO - /home/yifei/code/NLP/BERT-EM/fintune.py - [Epoch: 15, Step: 888] Train Loss: 0.01921, Train Accuracy: 1.00000
2024-12-09 14:11:40,735 - INFO - /home/yifei/code/NLP/BERT-EM/fintune.py - [Epoch: 15, Step: 894] Train Loss: 0.01884, Train Accuracy: 1.00000
2024-12-09 14:11:42,295 - INFO - /home/yifei/code/NLP/BERT-EM/fintune.py - [Epoch: 15, Step: 900] Train Loss: 0.03845, Train Accuracy: 0.99219
2024-12-09 14:11:43,922 - INFO - /home/yifei/code/NLP/BERT-EM/fintune.py - [Epoch: 15, Step: 906] Train Loss: 0.02393, Train Accuracy: 1.00000
2024-12-09 14:11:45,092 - INFO - /home/yifei/code/NLP/BERT-EM/fintune.py - [Epoch: 15, Step: 912] Train Loss: 0.01783, Train Accuracy: 1.00000
2024-12-09 14:11:46,440 - INFO - /home/yifei/code/NLP/BERT-EM/fintune.py - [Epoch: 15, Step: 918] Train Loss: 0.02158, Train Accuracy: 1.00000
2024-12-09 14:11:47,805 - INFO - /home/yifei/code/NLP/BERT-EM/fintune.py - [Epoch: 15, Step: 924] Train Loss: 0.03114, Train Accuracy: 1.00000
2024-12-09 14:11:49,177 - INFO - /home/yifei/code/NLP/BERT-EM/fintune.py - [Epoch: 15, Step: 930] Train Loss: 0.02140, Train Accuracy: 1.00000
2024-12-09 14:11:50,378 - INFO - /home/yifei/code/NLP/BERT-EM/fintune.py - [Epoch: 15, Step: 936] Train Loss: 0.02902, Train Accuracy: 0.99219
2024-12-09 14:11:51,664 - INFO - /home/yifei/code/NLP/BERT-EM/fintune.py - [Epoch: 15, Step: 942] Train Loss: 0.01763, Train Accuracy: 1.00000
2024-12-09 14:11:52,022 - INFO - /home/yifei/code/NLP/BERT-EM/fintune.py - Epoch 15 - Train Loss: 0.023956653238697487, Train Accuracy: 0.9985795454545454
2024-12-09 14:11:55,155 - INFO - /home/yifei/code/NLP/BERT-EM/fintune.py - Epoch 15 - Test F1: 86.66
2024-12-09 14:11:55,968 - INFO - /home/yifei/code/NLP/BERT-EM/fintune.py - [Epoch: 16, Step: 948] Train Loss: 0.02208, Train Accuracy: 1.00000
2024-12-09 14:11:57,161 - INFO - /home/yifei/code/NLP/BERT-EM/fintune.py - [Epoch: 16, Step: 954] Train Loss: 0.02394, Train Accuracy: 0.99219
2024-12-09 14:11:58,685 - INFO - /home/yifei/code/NLP/BERT-EM/fintune.py - [Epoch: 16, Step: 960] Train Loss: 0.01436, Train Accuracy: 1.00000
2024-12-09 14:12:00,201 - INFO - /home/yifei/code/NLP/BERT-EM/fintune.py - [Epoch: 16, Step: 966] Train Loss: 0.01875, Train Accuracy: 1.00000
2024-12-09 14:12:01,462 - INFO - /home/yifei/code/NLP/BERT-EM/fintune.py - [Epoch: 16, Step: 972] Train Loss: 0.01913, Train Accuracy: 1.00000
2024-12-09 14:12:02,815 - INFO - /home/yifei/code/NLP/BERT-EM/fintune.py - [Epoch: 16, Step: 978] Train Loss: 0.01870, Train Accuracy: 1.00000
2024-12-09 14:12:04,250 - INFO - /home/yifei/code/NLP/BERT-EM/fintune.py - [Epoch: 16, Step: 984] Train Loss: 0.02655, Train Accuracy: 1.00000
2024-12-09 14:12:05,628 - INFO - /home/yifei/code/NLP/BERT-EM/fintune.py - [Epoch: 16, Step: 990] Train Loss: 0.03077, Train Accuracy: 1.00000
2024-12-09 14:12:07,022 - INFO - /home/yifei/code/NLP/BERT-EM/fintune.py - [Epoch: 16, Step: 996] Train Loss: 0.01691, Train Accuracy: 1.00000
2024-12-09 14:12:08,599 - INFO - /home/yifei/code/NLP/BERT-EM/fintune.py - [Epoch: 16, Step: 1002] Train Loss: 0.01227, Train Accuracy: 1.00000
2024-12-09 14:12:09,657 - INFO - /home/yifei/code/NLP/BERT-EM/fintune.py - Epoch 16 - Train Loss: 0.02034600228071213, Train Accuracy: 0.99921875
2024-12-09 14:12:12,791 - INFO - /home/yifei/code/NLP/BERT-EM/fintune.py - Epoch 16 - Test F1: 86.91
2024-12-09 14:12:13,005 - INFO - /home/yifei/code/NLP/BERT-EM/fintune.py - [Epoch: 17, Step: 1008] Train Loss: 0.01533, Train Accuracy: 1.00000
2024-12-09 14:12:14,401 - INFO - /home/yifei/code/NLP/BERT-EM/fintune.py - [Epoch: 17, Step: 1014] Train Loss: 0.02083, Train Accuracy: 1.00000
2024-12-09 14:12:15,916 - INFO - /home/yifei/code/NLP/BERT-EM/fintune.py - [Epoch: 17, Step: 1020] Train Loss: 0.01524, Train Accuracy: 1.00000
2024-12-09 14:12:17,422 - INFO - /home/yifei/code/NLP/BERT-EM/fintune.py - [Epoch: 17, Step: 1026] Train Loss: 0.01367, Train Accuracy: 1.00000
2024-12-09 14:12:18,742 - INFO - /home/yifei/code/NLP/BERT-EM/fintune.py - [Epoch: 17, Step: 1032] Train Loss: 0.02037, Train Accuracy: 1.00000
2024-12-09 14:12:20,078 - INFO - /home/yifei/code/NLP/BERT-EM/fintune.py - [Epoch: 17, Step: 1038] Train Loss: 0.01794, Train Accuracy: 1.00000
2024-12-09 14:12:21,592 - INFO - /home/yifei/code/NLP/BERT-EM/fintune.py - [Epoch: 17, Step: 1044] Train Loss: 0.01230, Train Accuracy: 1.00000
2024-12-09 14:12:22,866 - INFO - /home/yifei/code/NLP/BERT-EM/fintune.py - [Epoch: 17, Step: 1050] Train Loss: 0.02163, Train Accuracy: 0.99219
2024-12-09 14:12:24,214 - INFO - /home/yifei/code/NLP/BERT-EM/fintune.py - [Epoch: 17, Step: 1056] Train Loss: 0.02562, Train Accuracy: 1.00000
2024-12-09 14:12:25,696 - INFO - /home/yifei/code/NLP/BERT-EM/fintune.py - [Epoch: 17, Step: 1062] Train Loss: 0.01793, Train Accuracy: 1.00000
2024-12-09 14:12:27,133 - INFO - /home/yifei/code/NLP/BERT-EM/fintune.py - [Epoch: 17, Step: 1068] Train Loss: 0.02242, Train Accuracy: 0.99219
2024-12-09 14:12:27,405 - INFO - /home/yifei/code/NLP/BERT-EM/fintune.py - Epoch 17 - Train Loss: 0.01847989120605317, Train Accuracy: 0.9985795454545454
2024-12-09 14:12:30,541 - INFO - /home/yifei/code/NLP/BERT-EM/fintune.py - Epoch 17 - Test F1: 86.85
2024-12-09 14:12:31,496 - INFO - /home/yifei/code/NLP/BERT-EM/fintune.py - [Epoch: 18, Step: 1074] Train Loss: 0.02429, Train Accuracy: 0.99219
2024-12-09 14:12:32,938 - INFO - /home/yifei/code/NLP/BERT-EM/fintune.py - [Epoch: 18, Step: 1080] Train Loss: 0.01290, Train Accuracy: 1.00000
2024-12-09 14:12:34,208 - INFO - /home/yifei/code/NLP/BERT-EM/fintune.py - [Epoch: 18, Step: 1086] Train Loss: 0.03531, Train Accuracy: 0.98438
2024-12-09 14:12:35,569 - INFO - /home/yifei/code/NLP/BERT-EM/fintune.py - [Epoch: 18, Step: 1092] Train Loss: 0.01787, Train Accuracy: 1.00000
2024-12-09 14:12:37,184 - INFO - /home/yifei/code/NLP/BERT-EM/fintune.py - [Epoch: 18, Step: 1098] Train Loss: 0.04633, Train Accuracy: 0.99219
2024-12-09 14:12:38,457 - INFO - /home/yifei/code/NLP/BERT-EM/fintune.py - [Epoch: 18, Step: 1104] Train Loss: 0.02128, Train Accuracy: 1.00000
2024-12-09 14:12:39,772 - INFO - /home/yifei/code/NLP/BERT-EM/fintune.py - [Epoch: 18, Step: 1110] Train Loss: 0.01395, Train Accuracy: 1.00000
2024-12-09 14:12:41,196 - INFO - /home/yifei/code/NLP/BERT-EM/fintune.py - [Epoch: 18, Step: 1116] Train Loss: 0.02539, Train Accuracy: 0.99219
2024-12-09 14:12:42,809 - INFO - /home/yifei/code/NLP/BERT-EM/fintune.py - [Epoch: 18, Step: 1122] Train Loss: 0.02291, Train Accuracy: 1.00000
2024-12-09 14:12:44,253 - INFO - /home/yifei/code/NLP/BERT-EM/fintune.py - [Epoch: 18, Step: 1128] Train Loss: 0.02428, Train Accuracy: 0.99219
2024-12-09 14:12:45,289 - INFO - /home/yifei/code/NLP/BERT-EM/fintune.py - Epoch 18 - Train Loss: 0.02445169948041439, Train Accuracy: 0.9953125
2024-12-09 14:12:48,421 - INFO - /home/yifei/code/NLP/BERT-EM/fintune.py - Epoch 18 - Test F1: 86.57
2024-12-09 14:12:48,699 - INFO - /home/yifei/code/NLP/BERT-EM/fintune.py - [Epoch: 19, Step: 1134] Train Loss: 0.01337, Train Accuracy: 1.00000
2024-12-09 14:12:50,044 - INFO - /home/yifei/code/NLP/BERT-EM/fintune.py - [Epoch: 19, Step: 1140] Train Loss: 0.01525, Train Accuracy: 1.00000
2024-12-09 14:12:51,349 - INFO - /home/yifei/code/NLP/BERT-EM/fintune.py - [Epoch: 19, Step: 1146] Train Loss: 0.01606, Train Accuracy: 1.00000
2024-12-09 14:12:52,638 - INFO - /home/yifei/code/NLP/BERT-EM/fintune.py - [Epoch: 19, Step: 1152] Train Loss: 0.01516, Train Accuracy: 1.00000
2024-12-09 14:12:53,979 - INFO - /home/yifei/code/NLP/BERT-EM/fintune.py - [Epoch: 19, Step: 1158] Train Loss: 0.02587, Train Accuracy: 1.00000
2024-12-09 14:12:55,315 - INFO - /home/yifei/code/NLP/BERT-EM/fintune.py - [Epoch: 19, Step: 1164] Train Loss: 0.01692, Train Accuracy: 1.00000
2024-12-09 14:12:56,908 - INFO - /home/yifei/code/NLP/BERT-EM/fintune.py - [Epoch: 19, Step: 1170] Train Loss: 0.02105, Train Accuracy: 0.99219
2024-12-09 14:12:58,336 - INFO - /home/yifei/code/NLP/BERT-EM/fintune.py - [Epoch: 19, Step: 1176] Train Loss: 0.01052, Train Accuracy: 1.00000
2024-12-09 14:12:59,814 - INFO - /home/yifei/code/NLP/BERT-EM/fintune.py - [Epoch: 19, Step: 1182] Train Loss: 0.02064, Train Accuracy: 1.00000
2024-12-09 14:13:01,308 - INFO - /home/yifei/code/NLP/BERT-EM/fintune.py - [Epoch: 19, Step: 1188] Train Loss: 0.01720, Train Accuracy: 1.00000
2024-12-09 14:13:02,650 - INFO - /home/yifei/code/NLP/BERT-EM/fintune.py - [Epoch: 19, Step: 1194] Train Loss: 0.01643, Train Accuracy: 1.00000
2024-12-09 14:13:02,943 - INFO - /home/yifei/code/NLP/BERT-EM/fintune.py - Epoch 19 - Train Loss: 0.017133702608672054, Train Accuracy: 0.9992897727272727
2024-12-09 14:13:06,069 - INFO - /home/yifei/code/NLP/BERT-EM/fintune.py - Epoch 19 - Test F1: 86.93
2024-12-09 14:13:06,988 - INFO - /home/yifei/code/NLP/BERT-EM/fintune.py - [Epoch: 20, Step: 1200] Train Loss: 0.00963, Train Accuracy: 1.00000
2024-12-09 14:13:08,473 - INFO - /home/yifei/code/NLP/BERT-EM/fintune.py - [Epoch: 20, Step: 1206] Train Loss: 0.00917, Train Accuracy: 1.00000
2024-12-09 14:13:09,842 - INFO - /home/yifei/code/NLP/BERT-EM/fintune.py - [Epoch: 20, Step: 1212] Train Loss: 0.01382, Train Accuracy: 1.00000
2024-12-09 14:13:11,192 - INFO - /home/yifei/code/NLP/BERT-EM/fintune.py - [Epoch: 20, Step: 1218] Train Loss: 0.01406, Train Accuracy: 1.00000
2024-12-09 14:13:12,796 - INFO - /home/yifei/code/NLP/BERT-EM/fintune.py - [Epoch: 20, Step: 1224] Train Loss: 0.01400, Train Accuracy: 1.00000
2024-12-09 14:13:14,071 - INFO - /home/yifei/code/NLP/BERT-EM/fintune.py - [Epoch: 20, Step: 1230] Train Loss: 0.00819, Train Accuracy: 1.00000
2024-12-09 14:13:15,412 - INFO - /home/yifei/code/NLP/BERT-EM/fintune.py - [Epoch: 20, Step: 1236] Train Loss: 0.01199, Train Accuracy: 1.00000
2024-12-09 14:13:16,787 - INFO - /home/yifei/code/NLP/BERT-EM/fintune.py - [Epoch: 20, Step: 1242] Train Loss: 0.01092, Train Accuracy: 1.00000
2024-12-09 14:13:18,210 - INFO - /home/yifei/code/NLP/BERT-EM/fintune.py - [Epoch: 20, Step: 1248] Train Loss: 0.02419, Train Accuracy: 0.98438
2024-12-09 14:13:19,551 - INFO - /home/yifei/code/NLP/BERT-EM/fintune.py - [Epoch: 20, Step: 1254] Train Loss: 0.01658, Train Accuracy: 1.00000
2024-12-09 14:13:20,666 - INFO - /home/yifei/code/NLP/BERT-EM/fintune.py - Epoch 20 - Train Loss: 0.013255766686052084, Train Accuracy: 0.9984375
2024-12-09 14:13:23,797 - INFO - /home/yifei/code/NLP/BERT-EM/fintune.py - Epoch 20 - Test F1: 86.74
2024-12-09 14:13:24,001 - INFO - /home/yifei/code/NLP/BERT-EM/fintune.py - [Epoch: 21, Step: 1260] Train Loss: 0.01042, Train Accuracy: 1.00000
2024-12-09 14:13:25,351 - INFO - /home/yifei/code/NLP/BERT-EM/fintune.py - [Epoch: 21, Step: 1266] Train Loss: 0.01277, Train Accuracy: 1.00000
2024-12-09 14:13:26,769 - INFO - /home/yifei/code/NLP/BERT-EM/fintune.py - [Epoch: 21, Step: 1272] Train Loss: 0.01325, Train Accuracy: 1.00000
2024-12-09 14:13:28,045 - INFO - /home/yifei/code/NLP/BERT-EM/fintune.py - [Epoch: 21, Step: 1278] Train Loss: 0.01633, Train Accuracy: 1.00000
2024-12-09 14:13:29,552 - INFO - /home/yifei/code/NLP/BERT-EM/fintune.py - [Epoch: 21, Step: 1284] Train Loss: 0.01116, Train Accuracy: 1.00000
2024-12-09 14:13:30,889 - INFO - /home/yifei/code/NLP/BERT-EM/fintune.py - [Epoch: 21, Step: 1290] Train Loss: 0.01295, Train Accuracy: 1.00000
2024-12-09 14:13:32,346 - INFO - /home/yifei/code/NLP/BERT-EM/fintune.py - [Epoch: 21, Step: 1296] Train Loss: 0.01226, Train Accuracy: 1.00000
2024-12-09 14:13:33,720 - INFO - /home/yifei/code/NLP/BERT-EM/fintune.py - [Epoch: 21, Step: 1302] Train Loss: 0.01511, Train Accuracy: 1.00000
2024-12-09 14:13:35,104 - INFO - /home/yifei/code/NLP/BERT-EM/fintune.py - [Epoch: 21, Step: 1308] Train Loss: 0.01842, Train Accuracy: 1.00000
2024-12-09 14:13:36,490 - INFO - /home/yifei/code/NLP/BERT-EM/fintune.py - [Epoch: 21, Step: 1314] Train Loss: 0.01318, Train Accuracy: 1.00000
2024-12-09 14:13:37,757 - INFO - /home/yifei/code/NLP/BERT-EM/fintune.py - [Epoch: 21, Step: 1320] Train Loss: 0.01274, Train Accuracy: 1.00000
2024-12-09 14:13:38,036 - INFO - /home/yifei/code/NLP/BERT-EM/fintune.py - Epoch 21 - Train Loss: 0.013508181257004087, Train Accuracy: 1.0
2024-12-09 14:13:41,168 - INFO - /home/yifei/code/NLP/BERT-EM/fintune.py - Epoch 21 - Test F1: 86.93
2024-12-09 14:13:42,154 - INFO - /home/yifei/code/NLP/BERT-EM/fintune.py - [Epoch: 22, Step: 1326] Train Loss: 0.01168, Train Accuracy: 1.00000
2024-12-09 14:13:43,492 - INFO - /home/yifei/code/NLP/BERT-EM/fintune.py - [Epoch: 22, Step: 1332] Train Loss: 0.02325, Train Accuracy: 0.99219
2024-12-09 14:13:44,802 - INFO - /home/yifei/code/NLP/BERT-EM/fintune.py - [Epoch: 22, Step: 1338] Train Loss: 0.01012, Train Accuracy: 1.00000
2024-12-09 14:13:46,159 - INFO - /home/yifei/code/NLP/BERT-EM/fintune.py - [Epoch: 22, Step: 1344] Train Loss: 0.01465, Train Accuracy: 1.00000
2024-12-09 14:13:47,447 - INFO - /home/yifei/code/NLP/BERT-EM/fintune.py - [Epoch: 22, Step: 1350] Train Loss: 0.01610, Train Accuracy: 1.00000
2024-12-09 14:13:48,965 - INFO - /home/yifei/code/NLP/BERT-EM/fintune.py - [Epoch: 22, Step: 1356] Train Loss: 0.01616, Train Accuracy: 1.00000
2024-12-09 14:13:50,340 - INFO - /home/yifei/code/NLP/BERT-EM/fintune.py - [Epoch: 22, Step: 1362] Train Loss: 0.00925, Train Accuracy: 1.00000
2024-12-09 14:13:51,608 - INFO - /home/yifei/code/NLP/BERT-EM/fintune.py - [Epoch: 22, Step: 1368] Train Loss: 0.01334, Train Accuracy: 1.00000
2024-12-09 14:13:52,930 - INFO - /home/yifei/code/NLP/BERT-EM/fintune.py - [Epoch: 22, Step: 1374] Train Loss: 0.01208, Train Accuracy: 1.00000
2024-12-09 14:13:54,505 - INFO - /home/yifei/code/NLP/BERT-EM/fintune.py - [Epoch: 22, Step: 1380] Train Loss: 0.00963, Train Accuracy: 1.00000
2024-12-09 14:13:55,780 - INFO - /home/yifei/code/NLP/BERT-EM/fintune.py - Epoch 22 - Train Loss: 0.013626666367053985, Train Accuracy: 0.99921875
2024-12-09 14:13:58,910 - INFO - /home/yifei/code/NLP/BERT-EM/fintune.py - Epoch 22 - Test F1: 87.21
2024-12-09 14:13:59,113 - INFO - /home/yifei/code/NLP/BERT-EM/fintune.py - [Epoch: 23, Step: 1386] Train Loss: 0.00809, Train Accuracy: 1.00000
2024-12-09 14:14:00,586 - INFO - /home/yifei/code/NLP/BERT-EM/fintune.py - [Epoch: 23, Step: 1392] Train Loss: 0.01511, Train Accuracy: 1.00000
2024-12-09 14:14:01,988 - INFO - /home/yifei/code/NLP/BERT-EM/fintune.py - [Epoch: 23, Step: 1398] Train Loss: 0.01191, Train Accuracy: 1.00000
2024-12-09 14:14:03,314 - INFO - /home/yifei/code/NLP/BERT-EM/fintune.py - [Epoch: 23, Step: 1404] Train Loss: 0.01424, Train Accuracy: 1.00000
2024-12-09 14:14:04,697 - INFO - /home/yifei/code/NLP/BERT-EM/fintune.py - [Epoch: 23, Step: 1410] Train Loss: 0.01489, Train Accuracy: 1.00000
2024-12-09 14:14:06,046 - INFO - /home/yifei/code/NLP/BERT-EM/fintune.py - [Epoch: 23, Step: 1416] Train Loss: 0.02189, Train Accuracy: 0.99219
2024-12-09 14:14:07,497 - INFO - /home/yifei/code/NLP/BERT-EM/fintune.py - [Epoch: 23, Step: 1422] Train Loss: 0.01017, Train Accuracy: 1.00000
2024-12-09 14:14:08,844 - INFO - /home/yifei/code/NLP/BERT-EM/fintune.py - [Epoch: 23, Step: 1428] Train Loss: 0.01503, Train Accuracy: 1.00000
2024-12-09 14:14:10,314 - INFO - /home/yifei/code/NLP/BERT-EM/fintune.py - [Epoch: 23, Step: 1434] Train Loss: 0.00838, Train Accuracy: 1.00000
2024-12-09 14:14:11,630 - INFO - /home/yifei/code/NLP/BERT-EM/fintune.py - [Epoch: 23, Step: 1440] Train Loss: 0.02322, Train Accuracy: 0.99219
2024-12-09 14:14:12,959 - INFO - /home/yifei/code/NLP/BERT-EM/fintune.py - [Epoch: 23, Step: 1446] Train Loss: 0.00584, Train Accuracy: 1.00000
2024-12-09 14:14:13,335 - INFO - /home/yifei/code/NLP/BERT-EM/fintune.py - Epoch 23 - Train Loss: 0.01352547396990386, Train Accuracy: 0.9985795454545454
2024-12-09 14:14:16,469 - INFO - /home/yifei/code/NLP/BERT-EM/fintune.py - Epoch 23 - Test F1: 86.82
2024-12-09 14:14:17,299 - INFO - /home/yifei/code/NLP/BERT-EM/fintune.py - [Epoch: 24, Step: 1452] Train Loss: 0.02049, Train Accuracy: 0.99219
2024-12-09 14:14:18,697 - INFO - /home/yifei/code/NLP/BERT-EM/fintune.py - [Epoch: 24, Step: 1458] Train Loss: 0.01169, Train Accuracy: 1.00000
2024-12-09 14:14:20,168 - INFO - /home/yifei/code/NLP/BERT-EM/fintune.py - [Epoch: 24, Step: 1464] Train Loss: 0.00870, Train Accuracy: 1.00000
2024-12-09 14:14:21,548 - INFO - /home/yifei/code/NLP/BERT-EM/fintune.py - [Epoch: 24, Step: 1470] Train Loss: 0.01487, Train Accuracy: 0.99219
2024-12-09 14:14:22,908 - INFO - /home/yifei/code/NLP/BERT-EM/fintune.py - [Epoch: 24, Step: 1476] Train Loss: 0.01008, Train Accuracy: 1.00000
2024-12-09 14:14:24,416 - INFO - /home/yifei/code/NLP/BERT-EM/fintune.py - [Epoch: 24, Step: 1482] Train Loss: 0.00825, Train Accuracy: 1.00000
2024-12-09 14:14:25,928 - INFO - /home/yifei/code/NLP/BERT-EM/fintune.py - [Epoch: 24, Step: 1488] Train Loss: 0.01213, Train Accuracy: 1.00000
2024-12-09 14:14:27,256 - INFO - /home/yifei/code/NLP/BERT-EM/fintune.py - [Epoch: 24, Step: 1494] Train Loss: 0.01437, Train Accuracy: 1.00000
2024-12-09 14:14:28,675 - INFO - /home/yifei/code/NLP/BERT-EM/fintune.py - [Epoch: 24, Step: 1500] Train Loss: 0.01019, Train Accuracy: 1.00000
2024-12-09 14:14:30,075 - INFO - /home/yifei/code/NLP/BERT-EM/fintune.py - [Epoch: 24, Step: 1506] Train Loss: 0.01057, Train Accuracy: 1.00000
2024-12-09 14:14:31,065 - INFO - /home/yifei/code/NLP/BERT-EM/fintune.py - Epoch 24 - Train Loss: 0.01213346840813756, Train Accuracy: 0.9984375
2024-12-09 14:14:34,195 - INFO - /home/yifei/code/NLP/BERT-EM/fintune.py - Epoch 24 - Test F1: 86.89
2024-12-09 14:14:34,462 - INFO - /home/yifei/code/NLP/BERT-EM/fintune.py - [Epoch: 25, Step: 1512] Train Loss: 0.00786, Train Accuracy: 1.00000
2024-12-09 14:14:35,824 - INFO - /home/yifei/code/NLP/BERT-EM/fintune.py - [Epoch: 25, Step: 1518] Train Loss: 0.01132, Train Accuracy: 1.00000
2024-12-09 14:14:37,390 - INFO - /home/yifei/code/NLP/BERT-EM/fintune.py - [Epoch: 25, Step: 1524] Train Loss: 0.00878, Train Accuracy: 1.00000
2024-12-09 14:14:38,792 - INFO - /home/yifei/code/NLP/BERT-EM/fintune.py - [Epoch: 25, Step: 1530] Train Loss: 0.01040, Train Accuracy: 1.00000
2024-12-09 14:14:40,195 - INFO - /home/yifei/code/NLP/BERT-EM/fintune.py - [Epoch: 25, Step: 1536] Train Loss: 0.00927, Train Accuracy: 1.00000
2024-12-09 14:14:41,690 - INFO - /home/yifei/code/NLP/BERT-EM/fintune.py - [Epoch: 25, Step: 1542] Train Loss: 0.01921, Train Accuracy: 1.00000
2024-12-09 14:14:43,233 - INFO - /home/yifei/code/NLP/BERT-EM/fintune.py - [Epoch: 25, Step: 1548] Train Loss: 0.00779, Train Accuracy: 1.00000
2024-12-09 14:14:44,649 - INFO - /home/yifei/code/NLP/BERT-EM/fintune.py - [Epoch: 25, Step: 1554] Train Loss: 0.01009, Train Accuracy: 1.00000
2024-12-09 14:14:46,154 - INFO - /home/yifei/code/NLP/BERT-EM/fintune.py - [Epoch: 25, Step: 1560] Train Loss: 0.02638, Train Accuracy: 0.99219
2024-12-09 14:14:47,687 - INFO - /home/yifei/code/NLP/BERT-EM/fintune.py - [Epoch: 25, Step: 1566] Train Loss: 0.01672, Train Accuracy: 1.00000
2024-12-09 14:14:48,948 - INFO - /home/yifei/code/NLP/BERT-EM/fintune.py - [Epoch: 25, Step: 1572] Train Loss: 0.01409, Train Accuracy: 1.00000
2024-12-09 14:14:49,320 - INFO - /home/yifei/code/NLP/BERT-EM/fintune.py - Epoch 25 - Train Loss: 0.012900241396643898, Train Accuracy: 0.9992897727272727
2024-12-09 14:14:52,517 - INFO - /home/yifei/code/NLP/BERT-EM/fintune.py - Epoch 25 - Test F1: 87.12
2024-12-09 14:14:53,603 - INFO - /home/yifei/code/NLP/BERT-EM/fintune.py - [Epoch: 26, Step: 1578] Train Loss: 0.01044, Train Accuracy: 1.00000
2024-12-09 14:14:54,809 - INFO - /home/yifei/code/NLP/BERT-EM/fintune.py - [Epoch: 26, Step: 1584] Train Loss: 0.01529, Train Accuracy: 1.00000
2024-12-09 14:14:56,422 - INFO - /home/yifei/code/NLP/BERT-EM/fintune.py - [Epoch: 26, Step: 1590] Train Loss: 0.00734, Train Accuracy: 1.00000
2024-12-09 14:14:57,827 - INFO - /home/yifei/code/NLP/BERT-EM/fintune.py - [Epoch: 26, Step: 1596] Train Loss: 0.00549, Train Accuracy: 1.00000
2024-12-09 14:14:59,201 - INFO - /home/yifei/code/NLP/BERT-EM/fintune.py - [Epoch: 26, Step: 1602] Train Loss: 0.01242, Train Accuracy: 1.00000
2024-12-09 14:15:00,694 - INFO - /home/yifei/code/NLP/BERT-EM/fintune.py - [Epoch: 26, Step: 1608] Train Loss: 0.00982, Train Accuracy: 1.00000
2024-12-09 14:15:02,053 - INFO - /home/yifei/code/NLP/BERT-EM/fintune.py - [Epoch: 26, Step: 1614] Train Loss: 0.01201, Train Accuracy: 1.00000
2024-12-09 14:15:03,471 - INFO - /home/yifei/code/NLP/BERT-EM/fintune.py - [Epoch: 26, Step: 1620] Train Loss: 0.00807, Train Accuracy: 1.00000
2024-12-09 14:15:04,716 - INFO - /home/yifei/code/NLP/BERT-EM/fintune.py - [Epoch: 26, Step: 1626] Train Loss: 0.01016, Train Accuracy: 1.00000
2024-12-09 14:15:06,005 - INFO - /home/yifei/code/NLP/BERT-EM/fintune.py - [Epoch: 26, Step: 1632] Train Loss: 0.00939, Train Accuracy: 1.00000
2024-12-09 14:15:06,916 - INFO - /home/yifei/code/NLP/BERT-EM/fintune.py - Epoch 26 - Train Loss: 0.010043447325006127, Train Accuracy: 1.0
2024-12-09 14:15:10,053 - INFO - /home/yifei/code/NLP/BERT-EM/fintune.py - Epoch 26 - Test F1: 86.99
2024-12-09 14:15:10,330 - INFO - /home/yifei/code/NLP/BERT-EM/fintune.py - [Epoch: 27, Step: 1638] Train Loss: 0.00950, Train Accuracy: 1.00000
2024-12-09 14:15:11,714 - INFO - /home/yifei/code/NLP/BERT-EM/fintune.py - [Epoch: 27, Step: 1644] Train Loss: 0.00812, Train Accuracy: 1.00000
2024-12-09 14:15:12,992 - INFO - /home/yifei/code/NLP/BERT-EM/fintune.py - [Epoch: 27, Step: 1650] Train Loss: 0.00700, Train Accuracy: 1.00000
2024-12-09 14:15:14,401 - INFO - /home/yifei/code/NLP/BERT-EM/fintune.py - [Epoch: 27, Step: 1656] Train Loss: 0.00922, Train Accuracy: 1.00000
2024-12-09 14:15:15,938 - INFO - /home/yifei/code/NLP/BERT-EM/fintune.py - [Epoch: 27, Step: 1662] Train Loss: 0.00650, Train Accuracy: 1.00000
2024-12-09 14:15:17,424 - INFO - /home/yifei/code/NLP/BERT-EM/fintune.py - [Epoch: 27, Step: 1668] Train Loss: 0.01123, Train Accuracy: 1.00000
2024-12-09 14:15:18,922 - INFO - /home/yifei/code/NLP/BERT-EM/fintune.py - [Epoch: 27, Step: 1674] Train Loss: 0.00921, Train Accuracy: 1.00000
2024-12-09 14:15:20,344 - INFO - /home/yifei/code/NLP/BERT-EM/fintune.py - [Epoch: 27, Step: 1680] Train Loss: 0.00987, Train Accuracy: 1.00000
2024-12-09 14:15:21,604 - INFO - /home/yifei/code/NLP/BERT-EM/fintune.py - [Epoch: 27, Step: 1686] Train Loss: 0.01992, Train Accuracy: 1.00000
2024-12-09 14:15:22,979 - INFO - /home/yifei/code/NLP/BERT-EM/fintune.py - [Epoch: 27, Step: 1692] Train Loss: 0.01274, Train Accuracy: 1.00000
2024-12-09 14:15:24,438 - INFO - /home/yifei/code/NLP/BERT-EM/fintune.py - [Epoch: 27, Step: 1698] Train Loss: 0.00606, Train Accuracy: 1.00000
2024-12-09 14:15:24,739 - INFO - /home/yifei/code/NLP/BERT-EM/fintune.py - Epoch 27 - Train Loss: 0.009941553993319923, Train Accuracy: 1.0
2024-12-09 14:15:27,933 - INFO - /home/yifei/code/NLP/BERT-EM/fintune.py - Epoch 27 - Test F1: 87.12
2024-12-09 14:15:28,847 - INFO - /home/yifei/code/NLP/BERT-EM/fintune.py - [Epoch: 28, Step: 1704] Train Loss: 0.00655, Train Accuracy: 1.00000
2024-12-09 14:15:30,377 - INFO - /home/yifei/code/NLP/BERT-EM/fintune.py - [Epoch: 28, Step: 1710] Train Loss: 0.01316, Train Accuracy: 1.00000
2024-12-09 14:15:31,553 - INFO - /home/yifei/code/NLP/BERT-EM/fintune.py - [Epoch: 28, Step: 1716] Train Loss: 0.00783, Train Accuracy: 1.00000
2024-12-09 14:15:33,023 - INFO - /home/yifei/code/NLP/BERT-EM/fintune.py - [Epoch: 28, Step: 1722] Train Loss: 0.01023, Train Accuracy: 1.00000
2024-12-09 14:15:34,546 - INFO - /home/yifei/code/NLP/BERT-EM/fintune.py - [Epoch: 28, Step: 1728] Train Loss: 0.01137, Train Accuracy: 1.00000
2024-12-09 14:15:35,829 - INFO - /home/yifei/code/NLP/BERT-EM/fintune.py - [Epoch: 28, Step: 1734] Train Loss: 0.00947, Train Accuracy: 1.00000
2024-12-09 14:15:37,458 - INFO - /home/yifei/code/NLP/BERT-EM/fintune.py - [Epoch: 28, Step: 1740] Train Loss: 0.01537, Train Accuracy: 1.00000
2024-12-09 14:15:38,850 - INFO - /home/yifei/code/NLP/BERT-EM/fintune.py - [Epoch: 28, Step: 1746] Train Loss: 0.00450, Train Accuracy: 1.00000
2024-12-09 14:15:40,389 - INFO - /home/yifei/code/NLP/BERT-EM/fintune.py - [Epoch: 28, Step: 1752] Train Loss: 0.01341, Train Accuracy: 1.00000
2024-12-09 14:15:41,710 - INFO - /home/yifei/code/NLP/BERT-EM/fintune.py - [Epoch: 28, Step: 1758] Train Loss: 0.00704, Train Accuracy: 1.00000
2024-12-09 14:15:42,796 - INFO - /home/yifei/code/NLP/BERT-EM/fintune.py - Epoch 28 - Train Loss: 0.009892884641885757, Train Accuracy: 1.0
2024-12-09 14:15:46,041 - INFO - /home/yifei/code/NLP/BERT-EM/fintune.py - Epoch 28 - Test F1: 86.9
2024-12-09 14:15:46,244 - INFO - /home/yifei/code/NLP/BERT-EM/fintune.py - [Epoch: 29, Step: 1764] Train Loss: 0.01329, Train Accuracy: 1.00000
2024-12-09 14:15:47,540 - INFO - /home/yifei/code/NLP/BERT-EM/fintune.py - [Epoch: 29, Step: 1770] Train Loss: 0.00689, Train Accuracy: 1.00000
2024-12-09 14:15:48,938 - INFO - /home/yifei/code/NLP/BERT-EM/fintune.py - [Epoch: 29, Step: 1776] Train Loss: 0.00728, Train Accuracy: 1.00000
2024-12-09 14:15:50,339 - INFO - /home/yifei/code/NLP/BERT-EM/fintune.py - [Epoch: 29, Step: 1782] Train Loss: 0.00703, Train Accuracy: 1.00000
2024-12-09 14:15:51,575 - INFO - /home/yifei/code/NLP/BERT-EM/fintune.py - [Epoch: 29, Step: 1788] Train Loss: 0.01199, Train Accuracy: 1.00000
2024-12-09 14:15:53,120 - INFO - /home/yifei/code/NLP/BERT-EM/fintune.py - [Epoch: 29, Step: 1794] Train Loss: 0.00921, Train Accuracy: 1.00000
2024-12-09 14:15:54,710 - INFO - /home/yifei/code/NLP/BERT-EM/fintune.py - [Epoch: 29, Step: 1800] Train Loss: 0.01362, Train Accuracy: 1.00000
2024-12-09 14:15:56,177 - INFO - /home/yifei/code/NLP/BERT-EM/fintune.py - [Epoch: 29, Step: 1806] Train Loss: 0.00888, Train Accuracy: 1.00000
2024-12-09 14:15:57,521 - INFO - /home/yifei/code/NLP/BERT-EM/fintune.py - [Epoch: 29, Step: 1812] Train Loss: 0.00559, Train Accuracy: 1.00000
2024-12-09 14:15:58,779 - INFO - /home/yifei/code/NLP/BERT-EM/fintune.py - [Epoch: 29, Step: 1818] Train Loss: 0.00988, Train Accuracy: 1.00000
2024-12-09 14:16:00,154 - INFO - /home/yifei/code/NLP/BERT-EM/fintune.py - [Epoch: 29, Step: 1824] Train Loss: 0.00666, Train Accuracy: 1.00000
2024-12-09 14:16:00,454 - INFO - /home/yifei/code/NLP/BERT-EM/fintune.py - Epoch 29 - Train Loss: 0.009120621041140774, Train Accuracy: 1.0
2024-12-09 14:16:03,622 - INFO - /home/yifei/code/NLP/BERT-EM/fintune.py - Epoch 29 - Test F1: 87.14
2024-12-09 14:16:04,638 - INFO - /home/yifei/code/NLP/BERT-EM/fintune.py - [Epoch: 30, Step: 1830] Train Loss: 0.00905, Train Accuracy: 1.00000
2024-12-09 14:16:05,975 - INFO - /home/yifei/code/NLP/BERT-EM/fintune.py - [Epoch: 30, Step: 1836] Train Loss: 0.00729, Train Accuracy: 1.00000
2024-12-09 14:16:07,457 - INFO - /home/yifei/code/NLP/BERT-EM/fintune.py - [Epoch: 30, Step: 1842] Train Loss: 0.00785, Train Accuracy: 1.00000
2024-12-09 14:16:08,803 - INFO - /home/yifei/code/NLP/BERT-EM/fintune.py - [Epoch: 30, Step: 1848] Train Loss: 0.00683, Train Accuracy: 1.00000
2024-12-09 14:16:10,283 - INFO - /home/yifei/code/NLP/BERT-EM/fintune.py - [Epoch: 30, Step: 1854] Train Loss: 0.00828, Train Accuracy: 1.00000
2024-12-09 14:16:11,560 - INFO - /home/yifei/code/NLP/BERT-EM/fintune.py - [Epoch: 30, Step: 1860] Train Loss: 0.00744, Train Accuracy: 1.00000
2024-12-09 14:16:13,001 - INFO - /home/yifei/code/NLP/BERT-EM/fintune.py - [Epoch: 30, Step: 1866] Train Loss: 0.00861, Train Accuracy: 1.00000
2024-12-09 14:16:14,346 - INFO - /home/yifei/code/NLP/BERT-EM/fintune.py - [Epoch: 30, Step: 1872] Train Loss: 0.00726, Train Accuracy: 1.00000
2024-12-09 14:16:15,739 - INFO - /home/yifei/code/NLP/BERT-EM/fintune.py - [Epoch: 30, Step: 1878] Train Loss: 0.01166, Train Accuracy: 1.00000
2024-12-09 14:16:17,084 - INFO - /home/yifei/code/NLP/BERT-EM/fintune.py - [Epoch: 30, Step: 1884] Train Loss: 0.00784, Train Accuracy: 1.00000
2024-12-09 14:16:18,210 - INFO - /home/yifei/code/NLP/BERT-EM/fintune.py - Epoch 30 - Train Loss: 0.008211288694292307, Train Accuracy: 1.0
2024-12-09 14:16:21,364 - INFO - /home/yifei/code/NLP/BERT-EM/fintune.py - Epoch 30 - Test F1: 86.92
2024-12-09 14:16:21,577 - INFO - /home/yifei/code/NLP/BERT-EM/fintune.py - [Epoch: 31, Step: 1890] Train Loss: 0.00715, Train Accuracy: 1.00000
2024-12-09 14:16:23,022 - INFO - /home/yifei/code/NLP/BERT-EM/fintune.py - [Epoch: 31, Step: 1896] Train Loss: 0.00848, Train Accuracy: 1.00000
2024-12-09 14:16:24,361 - INFO - /home/yifei/code/NLP/BERT-EM/fintune.py - [Epoch: 31, Step: 1902] Train Loss: 0.00597, Train Accuracy: 1.00000
2024-12-09 14:16:25,972 - INFO - /home/yifei/code/NLP/BERT-EM/fintune.py - [Epoch: 31, Step: 1908] Train Loss: 0.01057, Train Accuracy: 1.00000
2024-12-09 14:16:27,252 - INFO - /home/yifei/code/NLP/BERT-EM/fintune.py - [Epoch: 31, Step: 1914] Train Loss: 0.00762, Train Accuracy: 1.00000
2024-12-09 14:16:28,670 - INFO - /home/yifei/code/NLP/BERT-EM/fintune.py - [Epoch: 31, Step: 1920] Train Loss: 0.00749, Train Accuracy: 1.00000
2024-12-09 14:16:30,073 - INFO - /home/yifei/code/NLP/BERT-EM/fintune.py - [Epoch: 31, Step: 1926] Train Loss: 0.01298, Train Accuracy: 1.00000
2024-12-09 14:16:31,397 - INFO - /home/yifei/code/NLP/BERT-EM/fintune.py - [Epoch: 31, Step: 1932] Train Loss: 0.00456, Train Accuracy: 1.00000
2024-12-09 14:16:32,722 - INFO - /home/yifei/code/NLP/BERT-EM/fintune.py - [Epoch: 31, Step: 1938] Train Loss: 0.00715, Train Accuracy: 1.00000
2024-12-09 14:16:34,215 - INFO - /home/yifei/code/NLP/BERT-EM/fintune.py - [Epoch: 31, Step: 1944] Train Loss: 0.00714, Train Accuracy: 1.00000
2024-12-09 14:16:35,648 - INFO - /home/yifei/code/NLP/BERT-EM/fintune.py - [Epoch: 31, Step: 1950] Train Loss: 0.01371, Train Accuracy: 1.00000
2024-12-09 14:16:35,955 - INFO - /home/yifei/code/NLP/BERT-EM/fintune.py - Epoch 31 - Train Loss: 0.008438426620242271, Train Accuracy: 1.0
2024-12-09 14:16:39,128 - INFO - /home/yifei/code/NLP/BERT-EM/fintune.py - Epoch 31 - Test F1: 86.9
2024-12-09 14:16:40,079 - INFO - /home/yifei/code/NLP/BERT-EM/fintune.py - [Epoch: 32, Step: 1956] Train Loss: 0.00991, Train Accuracy: 1.00000
2024-12-09 14:16:41,488 - INFO - /home/yifei/code/NLP/BERT-EM/fintune.py - [Epoch: 32, Step: 1962] Train Loss: 0.00713, Train Accuracy: 1.00000
2024-12-09 14:16:42,980 - INFO - /home/yifei/code/NLP/BERT-EM/fintune.py - [Epoch: 32, Step: 1968] Train Loss: 0.00962, Train Accuracy: 1.00000
2024-12-09 14:16:44,291 - INFO - /home/yifei/code/NLP/BERT-EM/fintune.py - [Epoch: 32, Step: 1974] Train Loss: 0.00801, Train Accuracy: 1.00000
2024-12-09 14:16:45,598 - INFO - /home/yifei/code/NLP/BERT-EM/fintune.py - [Epoch: 32, Step: 1980] Train Loss: 0.00766, Train Accuracy: 1.00000
2024-12-09 14:16:47,005 - INFO - /home/yifei/code/NLP/BERT-EM/fintune.py - [Epoch: 32, Step: 1986] Train Loss: 0.00650, Train Accuracy: 1.00000
2024-12-09 14:16:48,416 - INFO - /home/yifei/code/NLP/BERT-EM/fintune.py - [Epoch: 32, Step: 1992] Train Loss: 0.00746, Train Accuracy: 1.00000
2024-12-09 14:16:49,834 - INFO - /home/yifei/code/NLP/BERT-EM/fintune.py - [Epoch: 32, Step: 1998] Train Loss: 0.00645, Train Accuracy: 1.00000
2024-12-09 14:16:51,331 - INFO - /home/yifei/code/NLP/BERT-EM/fintune.py - [Epoch: 32, Step: 2004] Train Loss: 0.00648, Train Accuracy: 1.00000
2024-12-09 14:16:52,903 - INFO - /home/yifei/code/NLP/BERT-EM/fintune.py - [Epoch: 32, Step: 2010] Train Loss: 0.00697, Train Accuracy: 1.00000
2024-12-09 14:16:53,926 - INFO - /home/yifei/code/NLP/BERT-EM/fintune.py - Epoch 32 - Train Loss: 0.007619506632909179, Train Accuracy: 1.0
2024-12-09 14:16:57,087 - INFO - /home/yifei/code/NLP/BERT-EM/fintune.py - Epoch 32 - Test F1: 86.98
